mode: set
mcp-server-go-refactor/internal/config/config.go:24.32,26.15 2 1
mcp-server-go-refactor/internal/config/config.go:26.15,28.3 1 1
mcp-server-go-refactor/internal/config/config.go:30.2,32.24 3 1
mcp-server-go-refactor/internal/config/config.go:32.24,34.14 2 1
mcp-server-go-refactor/internal/config/config.go:34.14,36.4 1 1
mcp-server-go-refactor/internal/config/config.go:38.2,38.16 1 1
mcp-server-go-refactor/internal/analysis/context/analyzer.go:22.30,24.2 1 1
mcp-server-go-refactor/internal/analysis/context/analyzer.go:26.40,31.2 1 0
mcp-server-go-refactor/internal/analysis/context/analyzer.go:34.35,36.2 1 0
mcp-server-go-refactor/internal/analysis/context/analyzer.go:42.124,44.21 2 1
mcp-server-go-refactor/internal/analysis/context/analyzer.go:44.21,48.98 2 0
mcp-server-go-refactor/internal/analysis/context/analyzer.go:48.98,49.31 1 0
mcp-server-go-refactor/internal/analysis/context/analyzer.go:49.31,51.5 1 0
mcp-server-go-refactor/internal/analysis/context/analyzer.go:52.4,52.52 1 0
mcp-server-go-refactor/internal/analysis/context/analyzer.go:56.2,57.16 2 1
mcp-server-go-refactor/internal/analysis/context/analyzer.go:57.16,61.3 3 0
mcp-server-go-refactor/internal/analysis/context/analyzer.go:63.2,64.23 2 1
mcp-server-go-refactor/internal/analysis/context/analyzer.go:64.23,66.3 1 0
mcp-server-go-refactor/internal/analysis/context/analyzer.go:68.2,68.20 1 1
mcp-server-go-refactor/internal/analysis/context/analyzer.go:68.20,75.20 3 0
mcp-server-go-refactor/internal/analysis/context/analyzer.go:75.20,77.4 1 0
mcp-server-go-refactor/internal/analysis/context/analyzer.go:78.3,78.30 1 0
mcp-server-go-refactor/internal/analysis/context/analyzer.go:78.30,80.4 1 0
mcp-server-go-refactor/internal/analysis/context/analyzer.go:81.3,82.62 2 0
mcp-server-go-refactor/internal/analysis/context/analyzer.go:82.62,84.4 1 0
mcp-server-go-refactor/internal/analysis/context/analyzer.go:85.3,89.121 3 0
mcp-server-go-refactor/internal/analysis/context/analyzer.go:92.2,98.8 1 1
mcp-server-go-refactor/internal/analysis/context/analyzer.go:108.77,110.16 2 1
mcp-server-go-refactor/internal/analysis/context/analyzer.go:110.16,112.3 1 0
mcp-server-go-refactor/internal/analysis/context/analyzer.go:114.2,115.27 2 1
mcp-server-go-refactor/internal/analysis/context/analyzer.go:115.27,116.35 1 1
mcp-server-go-refactor/internal/analysis/context/analyzer.go:116.35,117.44 1 1
mcp-server-go-refactor/internal/analysis/context/analyzer.go:117.44,119.12 2 1
mcp-server-go-refactor/internal/analysis/context/analyzer.go:119.12,121.6 1 1
mcp-server-go-refactor/internal/analysis/context/analyzer.go:125.5,125.51 1 1
mcp-server-go-refactor/internal/analysis/context/analyzer.go:125.51,133.6 2 0
mcp-server-go-refactor/internal/analysis/context/analyzer.go:134.5,134.16 1 1
mcp-server-go-refactor/internal/analysis/context/analyzer.go:138.2,138.22 1 1
mcp-server-go-refactor/internal/analysis/context/analyzer.go:141.71,142.25 1 1
mcp-server-go-refactor/internal/analysis/context/analyzer.go:142.25,144.3 1 1
mcp-server-go-refactor/internal/analysis/context/analyzer.go:147.2,149.9 3 1
mcp-server-go-refactor/internal/analysis/context/analyzer.go:149.9,151.3 1 1
mcp-server-go-refactor/internal/analysis/context/analyzer.go:153.2,154.9 2 1
mcp-server-go-refactor/internal/analysis/context/analyzer.go:154.9,156.3 1 0
mcp-server-go-refactor/internal/analysis/context/analyzer.go:158.2,158.60 1 1
mcp-server-go-refactor/internal/analysis/context/analyzer.go:158.60,160.3 1 1
mcp-server-go-refactor/internal/analysis/context/analyzer.go:163.2,163.61 1 1
mcp-server-go-refactor/internal/analysis/context/analyzer.go:163.61,165.3 1 1
mcp-server-go-refactor/internal/analysis/context/analyzer.go:169.2,170.17 2 1
mcp-server-go-refactor/internal/analysis/context/analyzer.go:170.17,171.31 1 0
mcp-server-go-refactor/internal/analysis/context/analyzer.go:172.19,173.25 1 0
mcp-server-go-refactor/internal/analysis/context/analyzer.go:174.26,175.29 1 0
mcp-server-go-refactor/internal/analysis/context/analyzer.go:179.2,179.19 1 1
mcp-server-go-refactor/internal/analysis/context/analyzer.go:179.19,181.3 1 1
mcp-server-go-refactor/internal/analysis/context/analyzer.go:183.2,184.36 2 0
mcp-server-go-refactor/internal/analysis/context/analyzer.go:184.36,186.3 1 0
mcp-server-go-refactor/internal/analysis/context/analyzer.go:188.2,192.55 3 0
mcp-server-go-refactor/internal/analysis/interface/analyzer.go:25.30,27.2 1 1
mcp-server-go-refactor/internal/analysis/interface/analyzer.go:29.40,34.2 1 0
mcp-server-go-refactor/internal/analysis/interface/analyzer.go:42.44,44.2 1 0
mcp-server-go-refactor/internal/analysis/interface/analyzer.go:46.54,52.2 2 0
mcp-server-go-refactor/internal/analysis/interface/analyzer.go:55.35,58.2 2 0
mcp-server-go-refactor/internal/analysis/interface/analyzer.go:64.126,66.21 2 1
mcp-server-go-refactor/internal/analysis/interface/analyzer.go:66.21,68.3 1 0
mcp-server-go-refactor/internal/analysis/interface/analyzer.go:70.2,71.16 2 1
mcp-server-go-refactor/internal/analysis/interface/analyzer.go:71.16,75.3 3 0
mcp-server-go-refactor/internal/analysis/interface/analyzer.go:77.2,78.26 2 1
mcp-server-go-refactor/internal/analysis/interface/analyzer.go:78.26,80.3 1 1
mcp-server-go-refactor/internal/analysis/interface/analyzer.go:82.2,82.20 1 1
mcp-server-go-refactor/internal/analysis/interface/analyzer.go:82.20,89.20 3 0
mcp-server-go-refactor/internal/analysis/interface/analyzer.go:89.20,91.4 1 0
mcp-server-go-refactor/internal/analysis/interface/analyzer.go:92.3,92.45 1 0
mcp-server-go-refactor/internal/analysis/interface/analyzer.go:92.45,94.4 1 0
mcp-server-go-refactor/internal/analysis/interface/analyzer.go:95.3,96.62 2 0
mcp-server-go-refactor/internal/analysis/interface/analyzer.go:96.62,98.4 1 0
mcp-server-go-refactor/internal/analysis/interface/analyzer.go:99.3,103.129 3 0
mcp-server-go-refactor/internal/analysis/interface/analyzer.go:106.2,112.8 1 1
mcp-server-go-refactor/internal/analysis/interface/analyzer.go:127.145,129.21 2 0
mcp-server-go-refactor/internal/analysis/interface/analyzer.go:129.21,132.23 2 0
mcp-server-go-refactor/internal/analysis/interface/analyzer.go:132.23,134.4 1 0
mcp-server-go-refactor/internal/analysis/interface/analyzer.go:135.3,135.50 1 0
mcp-server-go-refactor/internal/analysis/interface/analyzer.go:138.2,138.21 1 0
mcp-server-go-refactor/internal/analysis/interface/analyzer.go:138.21,140.3 1 0
mcp-server-go-refactor/internal/analysis/interface/analyzer.go:142.2,142.31 1 0
mcp-server-go-refactor/internal/analysis/interface/analyzer.go:142.31,144.21 2 0
mcp-server-go-refactor/internal/analysis/interface/analyzer.go:144.21,145.31 1 0
mcp-server-go-refactor/internal/analysis/interface/analyzer.go:145.31,147.5 1 0
mcp-server-go-refactor/internal/analysis/interface/analyzer.go:148.4,149.63 2 0
mcp-server-go-refactor/internal/analysis/interface/analyzer.go:149.63,151.5 1 0
mcp-server-go-refactor/internal/analysis/interface/analyzer.go:152.4,156.138 3 0
mcp-server-go-refactor/internal/analysis/interface/analyzer.go:158.3,164.9 1 0
mcp-server-go-refactor/internal/analysis/interface/analyzer.go:167.2,168.16 2 0
mcp-server-go-refactor/internal/analysis/interface/analyzer.go:168.16,172.3 3 0
mcp-server-go-refactor/internal/analysis/interface/analyzer.go:174.2,176.20 2 0
mcp-server-go-refactor/internal/analysis/interface/analyzer.go:176.20,177.30 1 0
mcp-server-go-refactor/internal/analysis/interface/analyzer.go:177.30,179.4 1 0
mcp-server-go-refactor/internal/analysis/interface/analyzer.go:180.3,181.62 2 0
mcp-server-go-refactor/internal/analysis/interface/analyzer.go:181.62,183.4 1 0
mcp-server-go-refactor/internal/analysis/interface/analyzer.go:184.3,188.137 3 0
mcp-server-go-refactor/internal/analysis/interface/analyzer.go:191.2,197.8 1 0
mcp-server-go-refactor/internal/analysis/interface/analyzer.go:200.161,203.16 2 1
mcp-server-go-refactor/internal/analysis/interface/analyzer.go:203.16,205.3 1 0
mcp-server-go-refactor/internal/analysis/interface/analyzer.go:207.2,210.25 2 1
mcp-server-go-refactor/internal/analysis/interface/analyzer.go:210.25,212.17 2 1
mcp-server-go-refactor/internal/analysis/interface/analyzer.go:212.17,213.65 1 1
mcp-server-go-refactor/internal/analysis/interface/analyzer.go:213.65,215.10 2 1
mcp-server-go-refactor/internal/analysis/interface/analyzer.go:221.2,221.68 1 1
mcp-server-go-refactor/internal/analysis/interface/analyzer.go:221.68,227.37 5 0
mcp-server-go-refactor/internal/analysis/interface/analyzer.go:227.37,229.18 2 0
mcp-server-go-refactor/internal/analysis/interface/analyzer.go:229.18,230.66 1 0
mcp-server-go-refactor/internal/analysis/interface/analyzer.go:230.66,232.6 1 0
mcp-server-go-refactor/internal/analysis/interface/analyzer.go:237.2,237.28 1 1
mcp-server-go-refactor/internal/analysis/interface/analyzer.go:237.28,239.3 1 0
mcp-server-go-refactor/internal/analysis/interface/analyzer.go:242.2,247.23 4 1
mcp-server-go-refactor/internal/analysis/interface/analyzer.go:247.23,249.23 2 1
mcp-server-go-refactor/internal/analysis/interface/analyzer.go:249.23,251.4 1 0
mcp-server-go-refactor/internal/analysis/interface/analyzer.go:254.2,255.27 2 1
mcp-server-go-refactor/internal/analysis/interface/analyzer.go:255.27,256.10 1 1
mcp-server-go-refactor/internal/analysis/interface/analyzer.go:257.21,258.25 1 0
mcp-server-go-refactor/internal/analysis/interface/analyzer.go:259.11,259.11 0 1
mcp-server-go-refactor/internal/analysis/interface/analyzer.go:263.3,263.48 1 1
mcp-server-go-refactor/internal/analysis/interface/analyzer.go:263.48,269.4 1 0
mcp-server-go-refactor/internal/analysis/interface/analyzer.go:271.3,272.38 2 1
mcp-server-go-refactor/internal/analysis/interface/analyzer.go:272.38,274.37 2 1
mcp-server-go-refactor/internal/analysis/interface/analyzer.go:274.37,275.13 1 1
mcp-server-go-refactor/internal/analysis/interface/analyzer.go:278.4,281.35 3 1
mcp-server-go-refactor/internal/analysis/interface/analyzer.go:281.35,282.45 1 1
mcp-server-go-refactor/internal/analysis/interface/analyzer.go:282.45,292.11 5 1
mcp-server-go-refactor/internal/analysis/interface/analyzer.go:298.2,298.21 1 1
mcp-server-go-refactor/internal/analysis/interface/analyzer.go:307.99,309.16 2 1
mcp-server-go-refactor/internal/analysis/interface/analyzer.go:309.16,311.3 1 0
mcp-server-go-refactor/internal/analysis/interface/analyzer.go:313.2,317.25 4 1
mcp-server-go-refactor/internal/analysis/interface/analyzer.go:317.25,319.21 2 1
mcp-server-go-refactor/internal/analysis/interface/analyzer.go:319.21,321.39 2 1
mcp-server-go-refactor/internal/analysis/interface/analyzer.go:321.39,322.12 1 1
mcp-server-go-refactor/internal/analysis/interface/analyzer.go:323.24,324.23 1 0
mcp-server-go-refactor/internal/analysis/interface/analyzer.go:325.13,325.13 0 1
mcp-server-go-refactor/internal/analysis/interface/analyzer.go:328.5,329.61 2 1
mcp-server-go-refactor/internal/analysis/interface/analyzer.go:329.61,334.36 4 1
mcp-server-go-refactor/internal/analysis/interface/analyzer.go:334.36,336.23 2 1
mcp-server-go-refactor/internal/analysis/interface/analyzer.go:336.23,338.8 1 1
mcp-server-go-refactor/internal/analysis/interface/analyzer.go:340.6,340.26 1 1
mcp-server-go-refactor/internal/analysis/interface/analyzer.go:340.26,345.7 3 1
mcp-server-go-refactor/internal/analysis/interface/analyzer.go:348.4,348.14 1 1
mcp-server-go-refactor/internal/analysis/interface/analyzer.go:352.2,352.33 1 1
mcp-server-go-refactor/internal/analysis/interface/analyzer.go:352.33,354.3 1 0
mcp-server-go-refactor/internal/analysis/interface/analyzer.go:357.2,361.28 4 1
mcp-server-go-refactor/internal/analysis/interface/analyzer.go:361.28,363.3 1 1
mcp-server-go-refactor/internal/analysis/interface/analyzer.go:365.2,365.40 1 1
mcp-server-go-refactor/internal/analysis/interface/analyzer.go:365.40,366.32 1 1
mcp-server-go-refactor/internal/analysis/interface/analyzer.go:366.32,367.12 1 1
mcp-server-go-refactor/internal/analysis/interface/analyzer.go:369.3,375.45 5 1
mcp-server-go-refactor/internal/analysis/interface/analyzer.go:375.45,380.27 4 1
mcp-server-go-refactor/internal/analysis/interface/analyzer.go:380.27,384.5 3 1
mcp-server-go-refactor/internal/analysis/interface/analyzer.go:387.3,387.21 1 1
mcp-server-go-refactor/internal/analysis/interface/analyzer.go:387.21,389.36 2 1
mcp-server-go-refactor/internal/analysis/interface/analyzer.go:389.36,391.5 1 1
mcp-server-go-refactor/internal/analysis/interface/analyzer.go:392.4,395.6 1 1
mcp-server-go-refactor/internal/analysis/interface/analyzer.go:400.2,400.26 1 1
mcp-server-go-refactor/internal/analysis/interface/analyzer.go:400.26,402.17 2 1
mcp-server-go-refactor/internal/analysis/interface/analyzer.go:402.17,403.33 1 1
mcp-server-go-refactor/internal/analysis/interface/analyzer.go:403.33,408.36 3 1
mcp-server-go-refactor/internal/analysis/interface/analyzer.go:408.36,409.26 1 1
mcp-server-go-refactor/internal/analysis/interface/analyzer.go:409.26,411.7 1 1
mcp-server-go-refactor/internal/analysis/interface/analyzer.go:411.12,413.7 1 1
mcp-server-go-refactor/internal/analysis/interface/analyzer.go:416.5,416.27 1 1
mcp-server-go-refactor/internal/analysis/interface/analyzer.go:416.27,418.32 2 1
mcp-server-go-refactor/internal/analysis/interface/analyzer.go:418.32,420.42 2 1
mcp-server-go-refactor/internal/analysis/interface/analyzer.go:420.42,422.41 2 1
mcp-server-go-refactor/internal/analysis/interface/analyzer.go:422.41,423.17 1 1
mcp-server-go-refactor/internal/analysis/interface/analyzer.go:425.8,427.39 3 1
mcp-server-go-refactor/internal/analysis/interface/analyzer.go:427.39,428.37 1 1
mcp-server-go-refactor/internal/analysis/interface/analyzer.go:428.37,436.15 3 1
mcp-server-go-refactor/internal/analysis/interface/analyzer.go:446.2,446.25 1 1
mcp-server-go-refactor/internal/analysis/interface/analyzer.go:449.64,451.24 2 1
mcp-server-go-refactor/internal/analysis/interface/analyzer.go:451.24,452.25 1 1
mcp-server-go-refactor/internal/analysis/interface/analyzer.go:452.25,453.71 1 1
mcp-server-go-refactor/internal/analysis/interface/analyzer.go:453.71,455.10 2 1
mcp-server-go-refactor/internal/analysis/interface/analyzer.go:459.2,459.12 1 1
mcp-server-go-refactor/internal/analysis/interface/analyzer.go:462.45,464.23 2 1
mcp-server-go-refactor/internal/analysis/interface/analyzer.go:464.23,466.3 1 1
mcp-server-go-refactor/internal/analysis/interface/analyzer.go:467.2,468.23 2 1
mcp-server-go-refactor/internal/analysis/interface/analyzer.go:468.23,469.11 1 1
mcp-server-go-refactor/internal/analysis/interface/analyzer.go:469.11,471.4 1 1
mcp-server-go-refactor/internal/analysis/interface/analyzer.go:473.2,473.12 1 1
mcp-server-go-refactor/internal/astutil/analyzer.go:22.30,24.2 1 0
mcp-server-go-refactor/internal/astutil/analyzer.go:26.40,49.2 1 0
mcp-server-go-refactor/internal/astutil/analyzer.go:52.35,54.2 1 0
mcp-server-go-refactor/internal/astutil/analyzer.go:62.126,64.21 2 0
mcp-server-go-refactor/internal/astutil/analyzer.go:64.21,66.3 1 0
mcp-server-go-refactor/internal/astutil/analyzer.go:68.2,68.54 1 0
mcp-server-go-refactor/internal/astutil/analyzer.go:68.54,70.17 2 0
mcp-server-go-refactor/internal/astutil/analyzer.go:70.17,74.4 3 0
mcp-server-go-refactor/internal/astutil/analyzer.go:75.3,77.21 2 0
mcp-server-go-refactor/internal/astutil/analyzer.go:77.21,78.31 1 0
mcp-server-go-refactor/internal/astutil/analyzer.go:78.31,80.5 1 0
mcp-server-go-refactor/internal/astutil/analyzer.go:81.4,82.63 2 0
mcp-server-go-refactor/internal/astutil/analyzer.go:82.63,84.5 1 0
mcp-server-go-refactor/internal/astutil/analyzer.go:85.4,89.124 3 0
mcp-server-go-refactor/internal/astutil/analyzer.go:92.3,98.9 1 0
mcp-server-go-refactor/internal/astutil/analyzer.go:101.2,102.16 2 0
mcp-server-go-refactor/internal/astutil/analyzer.go:102.16,106.3 3 0
mcp-server-go-refactor/internal/astutil/analyzer.go:107.2,109.20 2 0
mcp-server-go-refactor/internal/astutil/analyzer.go:109.20,110.30 1 0
mcp-server-go-refactor/internal/astutil/analyzer.go:110.30,112.4 1 0
mcp-server-go-refactor/internal/astutil/analyzer.go:113.3,114.62 2 0
mcp-server-go-refactor/internal/astutil/analyzer.go:114.62,116.4 1 0
mcp-server-go-refactor/internal/astutil/analyzer.go:117.3,121.123 3 0
mcp-server-go-refactor/internal/astutil/analyzer.go:124.2,130.8 1 0
mcp-server-go-refactor/internal/astutil/analyzer.go:141.116,143.16 2 1
mcp-server-go-refactor/internal/astutil/analyzer.go:143.16,145.3 1 0
mcp-server-go-refactor/internal/astutil/analyzer.go:147.2,147.20 1 1
mcp-server-go-refactor/internal/astutil/analyzer.go:147.20,149.3 1 0
mcp-server-go-refactor/internal/astutil/analyzer.go:151.2,153.25 3 1
mcp-server-go-refactor/internal/astutil/analyzer.go:153.25,154.56 1 1
mcp-server-go-refactor/internal/astutil/analyzer.go:154.56,157.9 3 1
mcp-server-go-refactor/internal/astutil/analyzer.go:161.2,161.16 1 1
mcp-server-go-refactor/internal/astutil/analyzer.go:161.16,163.3 1 1
mcp-server-go-refactor/internal/astutil/analyzer.go:165.2,166.21 2 1
mcp-server-go-refactor/internal/astutil/analyzer.go:166.21,168.3 1 0
mcp-server-go-refactor/internal/astutil/analyzer.go:170.2,171.9 2 1
mcp-server-go-refactor/internal/astutil/analyzer.go:171.9,173.3 1 0
mcp-server-go-refactor/internal/astutil/analyzer.go:176.2,179.42 3 1
mcp-server-go-refactor/internal/astutil/analyzer.go:179.42,183.23 3 1
mcp-server-go-refactor/internal/astutil/analyzer.go:183.23,185.4 1 0
mcp-server-go-refactor/internal/astutil/analyzer.go:188.2,193.8 1 1
mcp-server-go-refactor/internal/astutil/analyzer.go:203.106,205.16 2 1
mcp-server-go-refactor/internal/astutil/analyzer.go:205.16,207.3 1 0
mcp-server-go-refactor/internal/astutil/analyzer.go:209.2,211.25 3 1
mcp-server-go-refactor/internal/astutil/analyzer.go:211.25,212.56 1 1
mcp-server-go-refactor/internal/astutil/analyzer.go:212.56,215.9 3 1
mcp-server-go-refactor/internal/astutil/analyzer.go:219.2,219.16 1 1
mcp-server-go-refactor/internal/astutil/analyzer.go:219.16,221.3 1 1
mcp-server-go-refactor/internal/astutil/analyzer.go:223.2,228.32 4 1
mcp-server-go-refactor/internal/astutil/analyzer.go:228.32,231.19 2 1
mcp-server-go-refactor/internal/astutil/analyzer.go:231.19,233.66 2 1
mcp-server-go-refactor/internal/astutil/analyzer.go:233.66,234.29 1 0
mcp-server-go-refactor/internal/astutil/analyzer.go:234.29,236.6 1 0
mcp-server-go-refactor/internal/astutil/analyzer.go:237.5,237.20 1 0
mcp-server-go-refactor/internal/astutil/analyzer.go:239.4,239.96 1 1
mcp-server-go-refactor/internal/astutil/analyzer.go:243.2,246.8 1 1
mcp-server-go-refactor/internal/coverage/analyzer.go:24.30,26.2 1 1
mcp-server-go-refactor/internal/coverage/analyzer.go:28.40,33.2 1 0
mcp-server-go-refactor/internal/coverage/analyzer.go:36.35,38.2 1 0
mcp-server-go-refactor/internal/coverage/analyzer.go:47.125,49.21 2 1
mcp-server-go-refactor/internal/coverage/analyzer.go:49.21,53.98 2 0
mcp-server-go-refactor/internal/coverage/analyzer.go:53.98,54.31 1 0
mcp-server-go-refactor/internal/coverage/analyzer.go:54.31,56.5 1 0
mcp-server-go-refactor/internal/coverage/analyzer.go:57.4,57.53 1 0
mcp-server-go-refactor/internal/coverage/analyzer.go:61.2,62.16 2 1
mcp-server-go-refactor/internal/coverage/analyzer.go:62.16,64.83 2 1
mcp-server-go-refactor/internal/coverage/analyzer.go:64.83,71.4 2 1
mcp-server-go-refactor/internal/coverage/analyzer.go:72.3,73.23 2 0
mcp-server-go-refactor/internal/coverage/analyzer.go:75.2,76.30 2 1
mcp-server-go-refactor/internal/coverage/analyzer.go:76.30,78.3 1 0
mcp-server-go-refactor/internal/coverage/analyzer.go:81.2,83.80 2 1
mcp-server-go-refactor/internal/coverage/analyzer.go:83.80,85.21 2 0
mcp-server-go-refactor/internal/coverage/analyzer.go:85.21,88.4 2 0
mcp-server-go-refactor/internal/coverage/analyzer.go:88.9,90.4 1 0
mcp-server-go-refactor/internal/coverage/analyzer.go:93.2,93.23 1 1
mcp-server-go-refactor/internal/coverage/analyzer.go:93.23,96.43 3 1
mcp-server-go-refactor/internal/coverage/analyzer.go:96.43,99.4 2 0
mcp-server-go-refactor/internal/coverage/analyzer.go:103.2,103.20 1 1
mcp-server-go-refactor/internal/coverage/analyzer.go:103.20,110.21 3 0
mcp-server-go-refactor/internal/coverage/analyzer.go:110.21,112.4 1 0
mcp-server-go-refactor/internal/coverage/analyzer.go:113.3,113.45 1 0
mcp-server-go-refactor/internal/coverage/analyzer.go:113.45,115.4 1 0
mcp-server-go-refactor/internal/coverage/analyzer.go:116.3,117.62 2 0
mcp-server-go-refactor/internal/coverage/analyzer.go:117.62,119.4 1 0
mcp-server-go-refactor/internal/coverage/analyzer.go:120.3,124.124 3 0
mcp-server-go-refactor/internal/coverage/analyzer.go:127.2,133.8 1 1
mcp-server-go-refactor/internal/coverage/analyzer.go:158.71,160.16 2 1
mcp-server-go-refactor/internal/coverage/analyzer.go:160.16,162.3 1 1
mcp-server-go-refactor/internal/coverage/analyzer.go:164.2,165.16 2 1
mcp-server-go-refactor/internal/coverage/analyzer.go:165.16,167.3 1 0
mcp-server-go-refactor/internal/coverage/analyzer.go:168.2,177.21 7 1
mcp-server-go-refactor/internal/coverage/analyzer.go:177.21,179.62 2 1
mcp-server-go-refactor/internal/coverage/analyzer.go:179.62,180.21 1 1
mcp-server-go-refactor/internal/coverage/analyzer.go:180.21,182.22 2 1
mcp-server-go-refactor/internal/coverage/analyzer.go:183.16,184.46 1 1
mcp-server-go-refactor/internal/coverage/analyzer.go:185.19,186.66 1 1
mcp-server-go-refactor/internal/coverage/analyzer.go:186.66,188.32 1 1
mcp-server-go-refactor/internal/coverage/analyzer.go:188.32,190.8 1 1
mcp-server-go-refactor/internal/coverage/analyzer.go:192.17,193.47 1 0
mcp-server-go-refactor/internal/coverage/analyzer.go:193.47,199.7 1 0
mcp-server-go-refactor/internal/coverage/analyzer.go:200.6,200.36 1 0
mcp-server-go-refactor/internal/coverage/analyzer.go:201.25,202.36 1 1
mcp-server-go-refactor/internal/coverage/analyzer.go:208.2,208.46 1 1
mcp-server-go-refactor/internal/dependency/analyzer.go:21.30,23.2 1 1
mcp-server-go-refactor/internal/dependency/analyzer.go:25.40,30.2 1 0
mcp-server-go-refactor/internal/dependency/analyzer.go:33.35,35.2 1 1
mcp-server-go-refactor/internal/dependency/analyzer.go:41.123,43.21 2 1
mcp-server-go-refactor/internal/dependency/analyzer.go:43.21,47.98 2 1
mcp-server-go-refactor/internal/dependency/analyzer.go:47.98,48.31 1 0
mcp-server-go-refactor/internal/dependency/analyzer.go:48.31,50.5 1 0
mcp-server-go-refactor/internal/dependency/analyzer.go:51.4,51.57 1 0
mcp-server-go-refactor/internal/dependency/analyzer.go:55.2,56.16 2 1
mcp-server-go-refactor/internal/dependency/analyzer.go:56.16,60.3 3 1
mcp-server-go-refactor/internal/dependency/analyzer.go:61.2,63.20 2 1
mcp-server-go-refactor/internal/dependency/analyzer.go:63.20,70.20 3 0
mcp-server-go-refactor/internal/dependency/analyzer.go:70.20,72.4 1 0
mcp-server-go-refactor/internal/dependency/analyzer.go:73.3,73.45 1 0
mcp-server-go-refactor/internal/dependency/analyzer.go:73.45,75.4 1 0
mcp-server-go-refactor/internal/dependency/analyzer.go:76.3,77.62 2 0
mcp-server-go-refactor/internal/dependency/analyzer.go:77.62,79.4 1 0
mcp-server-go-refactor/internal/dependency/analyzer.go:80.3,84.127 3 0
mcp-server-go-refactor/internal/dependency/analyzer.go:87.2,93.8 1 1
mcp-server-go-refactor/internal/dependency/analyzer.go:111.64,113.16 2 1
mcp-server-go-refactor/internal/dependency/analyzer.go:113.16,115.3 1 1
mcp-server-go-refactor/internal/dependency/analyzer.go:119.2,120.14 2 1
mcp-server-go-refactor/internal/dependency/analyzer.go:120.14,122.3 1 0
mcp-server-go-refactor/internal/dependency/analyzer.go:123.2,124.16 2 1
mcp-server-go-refactor/internal/dependency/analyzer.go:124.16,126.3 1 0
mcp-server-go-refactor/internal/dependency/analyzer.go:128.2,129.25 2 1
mcp-server-go-refactor/internal/dependency/analyzer.go:129.25,131.18 2 0
mcp-server-go-refactor/internal/dependency/analyzer.go:131.18,133.43 2 0
mcp-server-go-refactor/internal/dependency/analyzer.go:133.43,135.5 1 0
mcp-server-go-refactor/internal/dependency/analyzer.go:139.2,139.20 1 1
mcp-server-go-refactor/internal/dependency/analyzer.go:139.20,142.17 2 1
mcp-server-go-refactor/internal/dependency/analyzer.go:142.17,144.59 2 1
mcp-server-go-refactor/internal/dependency/analyzer.go:144.59,146.5 1 1
mcp-server-go-refactor/internal/dependency/analyzer.go:150.2,150.20 1 1
mcp-server-go-refactor/internal/dependency/analyzer.go:150.20,152.3 1 0
mcp-server-go-refactor/internal/dependency/analyzer.go:154.2,157.8 1 1
mcp-server-go-refactor/internal/engine/engine.go:48.39,53.2 1 1
mcp-server-go-refactor/internal/engine/engine.go:56.34,57.29 1 1
mcp-server-go-refactor/internal/engine/engine.go:57.29,59.3 1 1
mcp-server-go-refactor/internal/engine/engine.go:60.2,61.42 2 1
mcp-server-go-refactor/internal/engine/engine.go:61.42,64.3 2 1
mcp-server-go-refactor/internal/engine/engine.go:65.2,65.10 1 1
mcp-server-go-refactor/internal/engine/engine.go:69.59,73.2 3 1
mcp-server-go-refactor/internal/engine/engine.go:79.78,81.42 2 1
mcp-server-go-refactor/internal/engine/engine.go:81.42,84.3 2 1
mcp-server-go-refactor/internal/engine/engine.go:85.2,99.10 6 1
mcp-server-go-refactor/internal/engine/engine.go:103.48,108.2 4 1
mcp-server-go-refactor/internal/engine/engine.go:112.146,119.17 5 1
mcp-server-go-refactor/internal/engine/engine.go:119.17,120.49 1 1
mcp-server-go-refactor/internal/engine/engine.go:120.49,122.31 2 1
mcp-server-go-refactor/internal/engine/engine.go:122.31,124.77 2 0
mcp-server-go-refactor/internal/engine/engine.go:124.77,126.53 2 0
mcp-server-go-refactor/internal/engine/engine.go:126.53,128.7 1 0
mcp-server-go-refactor/internal/engine/engine.go:129.11,133.6 3 0
mcp-server-go-refactor/internal/engine/engine.go:135.4,135.14 1 1
mcp-server-go-refactor/internal/engine/engine.go:136.18,138.4 1 1
mcp-server-go-refactor/internal/engine/engine.go:139.3,139.18 1 1
mcp-server-go-refactor/internal/engine/engine.go:139.18,142.4 2 0
mcp-server-go-refactor/internal/engine/engine.go:145.2,146.29 2 1
mcp-server-go-refactor/internal/engine/engine.go:146.29,148.3 1 0
mcp-server-go-refactor/internal/engine/engine.go:150.2,150.68 1 1
mcp-server-go-refactor/internal/engine/engine.go:150.68,154.18 3 0
mcp-server-go-refactor/internal/engine/engine.go:154.18,156.44 2 0
mcp-server-go-refactor/internal/engine/engine.go:156.44,158.32 2 0
mcp-server-go-refactor/internal/engine/engine.go:158.32,160.66 2 0
mcp-server-go-refactor/internal/engine/engine.go:160.66,162.7 1 0
mcp-server-go-refactor/internal/engine/engine.go:162.12,164.7 1 0
mcp-server-go-refactor/internal/engine/engine.go:166.5,166.15 1 0
mcp-server-go-refactor/internal/engine/engine.go:168.4,168.25 1 0
mcp-server-go-refactor/internal/engine/engine.go:168.25,171.5 2 0
mcp-server-go-refactor/internal/engine/engine.go:173.3,173.18 1 0
mcp-server-go-refactor/internal/engine/engine.go:176.2,186.52 9 1
mcp-server-go-refactor/internal/engine/engine.go:186.52,188.51 2 1
mcp-server-go-refactor/internal/engine/engine.go:188.51,190.4 1 0
mcp-server-go-refactor/internal/engine/engine.go:193.2,194.45 2 1
mcp-server-go-refactor/internal/engine/engine.go:194.45,196.3 1 0
mcp-server-go-refactor/internal/engine/engine.go:198.2,201.75 3 1
mcp-server-go-refactor/internal/engine/engine.go:201.75,206.21 3 0
mcp-server-go-refactor/internal/engine/engine.go:206.21,207.26 1 0
mcp-server-go-refactor/internal/engine/engine.go:207.26,209.5 1 0
mcp-server-go-refactor/internal/engine/engine.go:210.4,210.28 1 0
mcp-server-go-refactor/internal/engine/engine.go:210.28,212.5 1 0
mcp-server-go-refactor/internal/engine/engine.go:213.4,213.31 1 0
mcp-server-go-refactor/internal/engine/engine.go:213.31,215.5 1 0
mcp-server-go-refactor/internal/engine/engine.go:216.4,218.31 3 0
mcp-server-go-refactor/internal/engine/engine.go:219.9,220.28 1 0
mcp-server-go-refactor/internal/engine/engine.go:220.28,222.5 1 0
mcp-server-go-refactor/internal/engine/engine.go:223.4,223.31 1 0
mcp-server-go-refactor/internal/engine/engine.go:223.31,225.5 1 0
mcp-server-go-refactor/internal/engine/engine.go:226.4,228.31 3 0
mcp-server-go-refactor/internal/engine/engine.go:230.3,230.34 1 0
mcp-server-go-refactor/internal/engine/engine.go:233.2,233.15 1 1
mcp-server-go-refactor/internal/engine/engine.go:233.15,235.18 2 0
mcp-server-go-refactor/internal/engine/engine.go:235.18,240.51 2 0
mcp-server-go-refactor/internal/engine/engine.go:240.51,241.47 1 0
mcp-server-go-refactor/internal/engine/engine.go:241.47,244.6 2 0
mcp-server-go-refactor/internal/engine/engine.go:247.8,247.27 1 1
mcp-server-go-refactor/internal/engine/engine.go:247.27,250.3 2 0
mcp-server-go-refactor/internal/engine/engine.go:252.2,257.12 5 1
mcp-server-go-refactor/internal/engine/engine.go:262.131,267.46 4 1
mcp-server-go-refactor/internal/engine/engine.go:267.46,270.3 2 1
mcp-server-go-refactor/internal/engine/engine.go:272.2,273.16 2 0
mcp-server-go-refactor/internal/engine/engine.go:273.16,276.3 2 0
mcp-server-go-refactor/internal/engine/engine.go:278.2,291.18 4 0
mcp-server-go-refactor/internal/engine/engine.go:291.18,293.3 1 0
mcp-server-go-refactor/internal/engine/engine.go:298.103,303.46 4 1
mcp-server-go-refactor/internal/engine/engine.go:303.46,306.3 2 1
mcp-server-go-refactor/internal/engine/engine.go:308.2,312.123 2 0
mcp-server-go-refactor/internal/engine/engine.go:312.123,315.3 2 0
mcp-server-go-refactor/internal/engine/engine.go:316.2,316.11 1 0
mcp-server-go-refactor/internal/external/mcpclient.go:27.42,32.2 1 1
mcp-server-go-refactor/internal/external/mcpclient.go:35.42,39.2 3 1
mcp-server-go-refactor/internal/external/mcpclient.go:41.52,45.2 3 1
mcp-server-go-refactor/internal/external/mcpclient.go:51.48,65.16 4 1
mcp-server-go-refactor/internal/external/mcpclient.go:65.16,69.3 3 1
mcp-server-go-refactor/internal/external/mcpclient.go:71.2,79.39 6 0
mcp-server-go-refactor/internal/external/mcpclient.go:79.39,81.3 1 0
mcp-server-go-refactor/internal/external/mcpclient.go:82.2,82.27 1 0
mcp-server-go-refactor/internal/external/mcpclient.go:87.117,88.24 1 1
mcp-server-go-refactor/internal/external/mcpclient.go:88.24,90.3 1 1
mcp-server-go-refactor/internal/external/mcpclient.go:92.2,96.20 4 0
mcp-server-go-refactor/internal/external/mcpclient.go:96.20,98.3 1 0
mcp-server-go-refactor/internal/external/mcpclient.go:100.2,104.16 2 0
mcp-server-go-refactor/internal/external/mcpclient.go:104.16,107.3 2 0
mcp-server-go-refactor/internal/external/mcpclient.go:110.2,110.37 1 0
mcp-server-go-refactor/internal/external/mcpclient.go:110.37,111.70 1 0
mcp-server-go-refactor/internal/external/mcpclient.go:111.70,112.42 1 0
mcp-server-go-refactor/internal/external/mcpclient.go:112.42,115.5 2 0
mcp-server-go-refactor/internal/external/mcpclient.go:116.4,117.20 2 0
mcp-server-go-refactor/internal/external/mcpclient.go:122.2,122.41 1 0
mcp-server-go-refactor/internal/external/mcpclient.go:122.41,123.64 1 0
mcp-server-go-refactor/internal/external/mcpclient.go:123.64,126.4 2 0
mcp-server-go-refactor/internal/external/mcpclient.go:129.2,129.11 1 0
mcp-server-go-refactor/internal/external/mcpclient.go:133.99,139.15 3 1
mcp-server-go-refactor/internal/external/mcpclient.go:139.15,141.3 1 1
mcp-server-go-refactor/internal/external/mcpclient.go:142.2,142.12 1 0
mcp-server-go-refactor/internal/external/mcpclient.go:146.103,151.15 3 1
mcp-server-go-refactor/internal/external/mcpclient.go:151.15,153.3 1 1
mcp-server-go-refactor/internal/external/mcpclient.go:154.2,155.59 2 0
mcp-server-go-refactor/internal/external/mcpclient.go:155.59,157.3 1 0
mcp-server-go-refactor/internal/external/mcpclient.go:158.2,158.18 1 0
mcp-server-go-refactor/internal/dstutil/dstutil.go:14.68,17.16 3 1
mcp-server-go-refactor/internal/dstutil/dstutil.go:17.16,19.3 1 0
mcp-server-go-refactor/internal/dstutil/dstutil.go:20.2,20.21 1 1
mcp-server-go-refactor/internal/dstutil/dstutil.go:24.51,26.56 2 1
mcp-server-go-refactor/internal/dstutil/dstutil.go:26.56,28.3 1 0
mcp-server-go-refactor/internal/dstutil/dstutil.go:29.2,29.25 1 1
mcp-server-go-refactor/internal/handler/system/generate_report.go:22.44,24.2 1 0
mcp-server-go-refactor/internal/handler/system/generate_report.go:26.54,31.2 1 0
mcp-server-go-refactor/internal/handler/system/generate_report.go:63.145,65.9 1 1
mcp-server-go-refactor/internal/handler/system/generate_report.go:66.20,67.29 1 0
mcp-server-go-refactor/internal/handler/system/generate_report.go:68.10,68.10 0 1
mcp-server-go-refactor/internal/handler/system/generate_report.go:71.2,71.27 1 1
mcp-server-go-refactor/internal/handler/system/generate_report.go:71.27,75.3 3 1
mcp-server-go-refactor/internal/handler/system/generate_report.go:77.2,79.98 3 1
mcp-server-go-refactor/internal/handler/system/generate_report.go:79.98,82.3 2 0
mcp-server-go-refactor/internal/handler/system/generate_report.go:83.2,87.21 3 1
mcp-server-go-refactor/internal/handler/system/generate_report.go:87.21,89.3 1 0
mcp-server-go-refactor/internal/handler/system/generate_report.go:91.2,93.20 2 1
mcp-server-go-refactor/internal/handler/system/generate_report.go:93.20,95.17 2 0
mcp-server-go-refactor/internal/handler/system/generate_report.go:95.17,99.4 3 0
mcp-server-go-refactor/internal/handler/system/generate_report.go:99.9,100.58 1 0
mcp-server-go-refactor/internal/handler/system/generate_report.go:100.58,102.5 1 0
mcp-server-go-refactor/internal/handler/system/generate_report.go:102.10,104.5 1 0
mcp-server-go-refactor/internal/handler/system/generate_report.go:107.4,107.20 1 0
mcp-server-go-refactor/internal/handler/system/generate_report.go:107.20,108.87 1 0
mcp-server-go-refactor/internal/handler/system/generate_report.go:108.87,113.6 4 0
mcp-server-go-refactor/internal/handler/system/generate_report.go:118.2,118.21 1 1
mcp-server-go-refactor/internal/handler/system/generate_report.go:118.21,122.71 2 1
mcp-server-go-refactor/internal/handler/system/generate_report.go:122.71,127.4 4 0
mcp-server-go-refactor/internal/handler/system/generate_report.go:129.3,141.4 5 0
mcp-server-go-refactor/internal/handler/system/generate_report.go:145.2,145.52 1 0
mcp-server-go-refactor/internal/handler/system/generate_report.go:145.52,147.3 1 0
mcp-server-go-refactor/internal/handler/system/generate_report.go:150.2,154.43 4 0
mcp-server-go-refactor/internal/handler/system/generate_report.go:154.43,155.40 1 0
mcp-server-go-refactor/internal/handler/system/generate_report.go:155.40,157.9 2 0
mcp-server-go-refactor/internal/handler/system/generate_report.go:161.2,162.21 2 0
mcp-server-go-refactor/internal/handler/system/generate_report.go:162.21,164.3 1 0
mcp-server-go-refactor/internal/handler/system/generate_report.go:165.2,171.21 4 0
mcp-server-go-refactor/internal/handler/system/generate_report.go:171.21,173.3 1 0
mcp-server-go-refactor/internal/handler/system/generate_report.go:173.8,175.3 1 0
mcp-server-go-refactor/internal/handler/system/generate_report.go:178.2,178.79 1 0
mcp-server-go-refactor/internal/handler/system/generate_report.go:178.79,182.26 4 0
mcp-server-go-refactor/internal/handler/system/generate_report.go:182.26,184.25 2 0
mcp-server-go-refactor/internal/handler/system/generate_report.go:184.25,186.5 1 0
mcp-server-go-refactor/internal/handler/system/generate_report.go:187.4,187.59 1 0
mcp-server-go-refactor/internal/handler/system/generate_report.go:189.3,189.23 1 0
mcp-server-go-refactor/internal/handler/system/generate_report.go:192.2,197.20 4 0
mcp-server-go-refactor/internal/handler/system/generate_report.go:197.20,199.96 2 0
mcp-server-go-refactor/internal/handler/system/generate_report.go:199.96,201.4 1 0
mcp-server-go-refactor/internal/handler/system/generate_report.go:201.9,203.4 1 0
mcp-server-go-refactor/internal/handler/system/generate_report.go:206.2,221.20 3 0
mcp-server-go-refactor/internal/handler/system/generate_report.go:221.20,222.107 1 0
mcp-server-go-refactor/internal/handler/system/generate_report.go:222.107,224.4 1 0
mcp-server-go-refactor/internal/handler/system/generate_report.go:228.2,228.21 1 0
mcp-server-go-refactor/internal/handler/system/generate_report.go:228.21,230.3 1 0
mcp-server-go-refactor/internal/handler/system/generate_report.go:232.2,232.43 1 0
mcp-server-go-refactor/internal/handler/system/generate_report.go:238.58,239.14 1 1
mcp-server-go-refactor/internal/handler/system/generate_report.go:239.14,241.3 1 0
mcp-server-go-refactor/internal/handler/system/generate_report.go:242.2,243.22 2 1
mcp-server-go-refactor/internal/handler/system/generate_report.go:243.22,245.35 2 1
mcp-server-go-refactor/internal/handler/system/generate_report.go:245.35,247.4 1 1
mcp-server-go-refactor/internal/handler/system/generate_report.go:249.2,249.13 1 1
mcp-server-go-refactor/internal/handler/system/tools.go:28.57,34.16 5 1
mcp-server-go-refactor/internal/handler/system/tools.go:34.16,36.3 1 0
mcp-server-go-refactor/internal/handler/system/tools.go:37.2,39.42 2 1
mcp-server-go-refactor/internal/handler/system/tools.go:39.42,42.63 3 0
mcp-server-go-refactor/internal/handler/system/tools.go:42.63,44.4 1 0
mcp-server-go-refactor/internal/handler/system/tools.go:45.3,48.50 4 0
mcp-server-go-refactor/internal/handler/system/tools.go:48.50,50.4 1 0
mcp-server-go-refactor/internal/handler/system/tools.go:53.2,53.15 1 1
mcp-server-go-refactor/internal/handler/system/tools.go:56.38,60.2 3 1
mcp-server-go-refactor/internal/handler/system/tools.go:67.45,69.2 1 0
mcp-server-go-refactor/internal/handler/system/tools.go:71.55,76.2 1 0
mcp-server-go-refactor/internal/handler/system/tools.go:82.134,84.24 2 1
mcp-server-go-refactor/internal/handler/system/tools.go:84.24,86.3 1 1
mcp-server-go-refactor/internal/handler/system/tools.go:87.2,89.13 1 1
mcp-server-go-refactor/internal/handler/system/tools.go:93.40,95.49 2 1
mcp-server-go-refactor/internal/handler/system/tools.go:95.49,97.3 1 0
mcp-server-go-refactor/internal/handler/system/tools.go:98.2,98.21 1 1
mcp-server-go-refactor/internal/handler/system/tools.go:98.21,100.3 1 1
mcp-server-go-refactor/internal/handler/system/tools.go:101.2,101.49 1 0
mcp-server-go-refactor/internal/handler/system/tools.go:105.54,108.2 2 0
mcp-server-go-refactor/internal/docgen/docgen.go:20.30,22.2 1 1
mcp-server-go-refactor/internal/docgen/docgen.go:24.40,29.2 1 0
mcp-server-go-refactor/internal/docgen/docgen.go:32.35,34.2 1 0
mcp-server-go-refactor/internal/docgen/docgen.go:40.120,42.21 2 1
mcp-server-go-refactor/internal/docgen/docgen.go:42.21,44.3 1 1
mcp-server-go-refactor/internal/docgen/docgen.go:46.2,47.16 2 1
mcp-server-go-refactor/internal/docgen/docgen.go:47.16,51.3 3 0
mcp-server-go-refactor/internal/docgen/docgen.go:52.2,53.35 2 1
mcp-server-go-refactor/internal/docgen/docgen.go:53.35,55.3 1 1
mcp-server-go-refactor/internal/docgen/docgen.go:57.2,57.20 1 1
mcp-server-go-refactor/internal/docgen/docgen.go:57.20,66.22 3 1
mcp-server-go-refactor/internal/docgen/docgen.go:66.22,68.4 1 1
mcp-server-go-refactor/internal/docgen/docgen.go:69.3,69.30 1 1
mcp-server-go-refactor/internal/docgen/docgen.go:69.30,71.4 1 0
mcp-server-go-refactor/internal/docgen/docgen.go:72.3,73.62 2 1
mcp-server-go-refactor/internal/docgen/docgen.go:73.62,75.4 1 0
mcp-server-go-refactor/internal/docgen/docgen.go:76.3,80.116 3 1
mcp-server-go-refactor/internal/docgen/docgen.go:83.2,89.8 1 1
mcp-server-go-refactor/internal/docgen/docgen.go:98.77,100.16 2 1
mcp-server-go-refactor/internal/docgen/docgen.go:100.16,102.3 1 0
mcp-server-go-refactor/internal/docgen/docgen.go:104.2,106.27 2 1
mcp-server-go-refactor/internal/docgen/docgen.go:106.27,107.35 1 1
mcp-server-go-refactor/internal/docgen/docgen.go:107.35,108.44 1 1
mcp-server-go-refactor/internal/docgen/docgen.go:108.44,109.29 1 1
mcp-server-go-refactor/internal/docgen/docgen.go:110.24,111.59 1 1
mcp-server-go-refactor/internal/docgen/docgen.go:111.59,113.7 1 1
mcp-server-go-refactor/internal/docgen/docgen.go:114.23,115.38 1 1
mcp-server-go-refactor/internal/docgen/docgen.go:115.38,116.45 1 1
mcp-server-go-refactor/internal/docgen/docgen.go:116.45,117.59 1 1
mcp-server-go-refactor/internal/docgen/docgen.go:117.59,119.9 1 1
mcp-server-go-refactor/internal/docgen/docgen.go:123.5,123.16 1 1
mcp-server-go-refactor/internal/docgen/docgen.go:128.2,130.8 1 1
mcp-server-go-refactor/main.go:32.13,34.54 1 1
mcp-server-go-refactor/main.go:34.54,36.3 1 1
mcp-server-go-refactor/main.go:37.2,37.54 1 1
mcp-server-go-refactor/main.go:37.54,39.3 1 1
mcp-server-go-refactor/main.go:40.2,43.18 3 1
mcp-server-go-refactor/main.go:43.18,46.3 2 1
mcp-server-go-refactor/main.go:49.2,65.63 11 1
mcp-server-go-refactor/main.go:65.63,66.33 1 0
mcp-server-go-refactor/main.go:66.33,68.43 2 0
mcp-server-go-refactor/main.go:68.43,70.5 1 0
mcp-server-go-refactor/main.go:71.4,72.10 2 0
mcp-server-go-refactor/main.go:74.3,75.14 2 0
mcp-server-go-refactor/main.go:77.2,77.39 1 1
mcp-server-go-refactor/main.go:77.39,79.3 1 0
mcp-server-go-refactor/main.go:82.44,83.16 1 1
mcp-server-go-refactor/main.go:83.16,85.3 1 1
mcp-server-go-refactor/main.go:86.2,86.67 1 1
mcp-server-go-refactor/main.go:86.67,88.3 1 1
mcp-server-go-refactor/main.go:89.2,90.181 2 1
mcp-server-go-refactor/main.go:90.181,91.36 1 1
mcp-server-go-refactor/main.go:91.36,93.4 1 1
mcp-server-go-refactor/main.go:95.2,95.14 1 1
mcp-server-go-refactor/main.go:98.126,101.16 2 1
mcp-server-go-refactor/main.go:101.16,103.3 1 0
mcp-server-go-refactor/main.go:104.2,105.56 2 1
mcp-server-go-refactor/main.go:105.56,107.3 1 0
mcp-server-go-refactor/main.go:108.2,110.16 3 1
mcp-server-go-refactor/main.go:110.16,112.3 1 0
mcp-server-go-refactor/main.go:113.2,114.48 2 1
mcp-server-go-refactor/main.go:114.48,118.53 4 1
mcp-server-go-refactor/main.go:118.53,120.4 1 0
mcp-server-go-refactor/main.go:121.8,123.3 1 0
mcp-server-go-refactor/main.go:124.2,135.29 8 1
mcp-server-go-refactor/main.go:135.29,138.7 3 1
mcp-server-go-refactor/main.go:138.7,139.11 1 1
mcp-server-go-refactor/main.go:140.20,141.11 1 1
mcp-server-go-refactor/main.go:142.20,150.6 3 0
mcp-server-go-refactor/main.go:157.2,160.29 3 1
mcp-server-go-refactor/main.go:160.29,161.16 1 1
mcp-server-go-refactor/main.go:161.16,162.32 1 1
mcp-server-go-refactor/main.go:162.32,165.5 2 0
mcp-server-go-refactor/main.go:167.3,172.124 3 1
mcp-server-go-refactor/main.go:172.124,174.4 1 0
mcp-server-go-refactor/main.go:177.2,177.9 1 1
mcp-server-go-refactor/main.go:178.20,179.63 1 1
mcp-server-go-refactor/main.go:180.24,181.33 1 0
mcp-server-go-refactor/main.go:181.33,184.4 2 0
mcp-server-go-refactor/main.go:185.3,185.45 1 0
mcp-server-go-refactor/main.go:187.2,187.12 1 1
mcp-server-go-refactor/main.go:190.72,192.28 2 1
mcp-server-go-refactor/main.go:192.28,196.42 4 0
mcp-server-go-refactor/main.go:196.42,201.11 3 0
mcp-server-go-refactor/main.go:202.33,202.33 0 0
mcp-server-go-refactor/main.go:203.20,204.11 1 0
mcp-server-go-refactor/main.go:206.4,206.19 1 0
mcp-server-go-refactor/main.go:218.57,220.19 2 1
mcp-server-go-refactor/main.go:220.19,223.3 2 1
mcp-server-go-refactor/main.go:224.2,224.15 1 1
mcp-server-go-refactor/main.go:237.58,239.32 2 1
mcp-server-go-refactor/main.go:239.32,240.37 1 1
mcp-server-go-refactor/main.go:240.37,242.4 1 0
mcp-server-go-refactor/main.go:244.2,244.15 1 1
mcp-server-go-refactor/version.go:11.21,13.2 1 1
mcp-server-go-refactor/internal/handler/handler.go:26.69,42.2 15 1
mcp-server-go-refactor/internal/handler/handler.go:45.47,47.26 2 1
mcp-server-go-refactor/internal/handler/handler.go:47.26,49.3 1 1
mcp-server-go-refactor/internal/handler/handler.go:50.2,50.19 1 1
mcp-server-go-refactor/internal/registry/registry.go:22.30,26.2 1 1
mcp-server-go-refactor/internal/registry/registry.go:29.40,31.2 1 1
mcp-server-go-refactor/internal/registry/registry.go:34.34,36.28 2 1
mcp-server-go-refactor/internal/registry/registry.go:36.28,38.3 1 1
mcp-server-go-refactor/internal/registry/registry.go:39.2,39.13 1 1
mcp-server-go-refactor/internal/loader/loader.go:77.66,84.2 6 0
mcp-server-go-refactor/internal/loader/loader.go:88.62,92.33 4 1
mcp-server-go-refactor/internal/loader/loader.go:92.33,96.3 3 1
mcp-server-go-refactor/internal/loader/loader.go:98.2,99.23 2 1
mcp-server-go-refactor/internal/loader/loader.go:99.23,101.17 2 0
mcp-server-go-refactor/internal/loader/loader.go:101.17,102.20 1 0
mcp-server-go-refactor/internal/loader/loader.go:102.20,104.18 2 0
mcp-server-go-refactor/internal/loader/loader.go:104.18,106.6 1 0
mcp-server-go-refactor/internal/loader/loader.go:106.11,108.6 1 0
mcp-server-go-refactor/internal/loader/loader.go:109.10,112.5 2 0
mcp-server-go-refactor/internal/loader/loader.go:115.2,115.21 1 1
mcp-server-go-refactor/internal/loader/loader.go:126.69,132.80 4 1
mcp-server-go-refactor/internal/loader/loader.go:132.80,135.3 2 1
mcp-server-go-refactor/internal/loader/loader.go:136.2,138.66 2 1
mcp-server-go-refactor/internal/loader/loader.go:138.66,140.17 2 1
mcp-server-go-refactor/internal/loader/loader.go:140.17,142.4 1 0
mcp-server-go-refactor/internal/loader/loader.go:143.3,149.18 4 1
mcp-server-go-refactor/internal/loader/loader.go:152.2,152.16 1 1
mcp-server-go-refactor/internal/loader/loader.go:152.16,154.3 1 0
mcp-server-go-refactor/internal/loader/loader.go:155.2,155.25 1 1
mcp-server-go-refactor/internal/loader/loader.go:158.46,160.16 2 1
mcp-server-go-refactor/internal/loader/loader.go:160.16,162.3 1 0
mcp-server-go-refactor/internal/loader/loader.go:163.2,163.57 1 1
mcp-server-go-refactor/internal/loader/loader.go:163.57,165.41 2 1
mcp-server-go-refactor/internal/loader/loader.go:165.41,167.4 1 1
mcp-server-go-refactor/internal/loader/loader.go:169.2,169.11 1 0
mcp-server-go-refactor/internal/loader/loader.go:172.110,174.13 1 1
mcp-server-go-refactor/internal/loader/loader.go:174.13,176.45 2 1
mcp-server-go-refactor/internal/loader/loader.go:176.45,178.21 2 1
mcp-server-go-refactor/internal/loader/loader.go:178.21,180.18 2 1
mcp-server-go-refactor/internal/loader/loader.go:180.18,182.6 1 0
mcp-server-go-refactor/internal/loader/loader.go:183.5,196.11 3 1
mcp-server-go-refactor/internal/loader/loader.go:202.2,203.16 2 1
mcp-server-go-refactor/internal/loader/loader.go:203.16,205.3 1 1
mcp-server-go-refactor/internal/loader/loader.go:208.2,208.14 1 1
mcp-server-go-refactor/internal/loader/loader.go:208.14,209.79 1 0
mcp-server-go-refactor/internal/loader/loader.go:209.79,211.4 1 0
mcp-server-go-refactor/internal/loader/loader.go:215.2,215.13 1 1
mcp-server-go-refactor/internal/loader/loader.go:215.13,216.56 1 1
mcp-server-go-refactor/internal/loader/loader.go:216.56,218.17 2 1
mcp-server-go-refactor/internal/loader/loader.go:218.17,220.5 1 0
mcp-server-go-refactor/internal/loader/loader.go:221.4,225.10 1 1
mcp-server-go-refactor/internal/loader/loader.go:229.2,229.91 1 0
mcp-server-go-refactor/internal/loader/loader.go:232.81,235.21 3 0
mcp-server-go-refactor/internal/loader/loader.go:235.21,237.3 1 0
mcp-server-go-refactor/internal/loader/loader.go:239.2,240.16 2 0
mcp-server-go-refactor/internal/loader/loader.go:240.16,242.3 1 0
mcp-server-go-refactor/internal/loader/loader.go:245.2,246.25 2 0
mcp-server-go-refactor/internal/loader/loader.go:246.25,248.21 2 0
mcp-server-go-refactor/internal/loader/loader.go:248.21,249.9 1 0
mcp-server-go-refactor/internal/loader/loader.go:253.3,254.65 2 0
mcp-server-go-refactor/internal/loader/loader.go:254.65,255.72 1 0
mcp-server-go-refactor/internal/loader/loader.go:255.72,258.23 2 0
mcp-server-go-refactor/internal/loader/loader.go:258.23,260.6 1 0
mcp-server-go-refactor/internal/loader/loader.go:261.5,261.18 1 0
mcp-server-go-refactor/internal/loader/loader.go:261.18,263.6 1 0
mcp-server-go-refactor/internal/loader/loader.go:264.5,265.31 2 0
mcp-server-go-refactor/internal/loader/loader.go:268.3,268.16 1 0
mcp-server-go-refactor/internal/loader/loader.go:270.2,270.17 1 0
mcp-server-go-refactor/internal/loader/loader.go:273.59,276.29 3 1
mcp-server-go-refactor/internal/loader/loader.go:276.29,279.3 2 0
mcp-server-go-refactor/internal/loader/loader.go:280.2,280.21 1 1
mcp-server-go-refactor/internal/loader/loader.go:283.58,286.16 3 1
mcp-server-go-refactor/internal/loader/loader.go:286.16,289.3 1 0
mcp-server-go-refactor/internal/loader/loader.go:291.2,291.30 1 1
mcp-server-go-refactor/internal/loader/loader.go:291.30,293.46 2 0
mcp-server-go-refactor/internal/loader/loader.go:293.46,295.4 1 0
mcp-server-go-refactor/internal/loader/loader.go:296.8,296.91 1 1
mcp-server-go-refactor/internal/loader/loader.go:296.91,298.3 1 1
mcp-server-go-refactor/internal/loader/loader.go:298.8,298.45 1 1
mcp-server-go-refactor/internal/loader/loader.go:298.45,300.3 1 1
mcp-server-go-refactor/internal/loader/loader.go:301.2,301.21 1 1
mcp-server-go-refactor/internal/loader/loader.go:304.110,311.13 5 1
mcp-server-go-refactor/internal/loader/loader.go:311.13,312.44 1 1
mcp-server-go-refactor/internal/loader/loader.go:312.44,313.21 1 1
mcp-server-go-refactor/internal/loader/loader.go:313.21,315.5 1 0
mcp-server-go-refactor/internal/loader/loader.go:315.10,317.5 1 1
mcp-server-go-refactor/internal/loader/loader.go:318.4,318.45 1 1
mcp-server-go-refactor/internal/loader/loader.go:319.9,323.19 3 1
mcp-server-go-refactor/internal/loader/loader.go:323.19,324.44 1 1
mcp-server-go-refactor/internal/loader/loader.go:324.44,326.11 2 1
mcp-server-go-refactor/internal/loader/loader.go:328.5,329.35 2 1
mcp-server-go-refactor/internal/loader/loader.go:329.35,330.11 1 0
mcp-server-go-refactor/internal/loader/loader.go:334.8,336.3 1 1
mcp-server-go-refactor/internal/loader/loader.go:338.2,338.30 1 1
mcp-server-go-refactor/internal/loader/loader.go:338.30,340.3 1 0
mcp-server-go-refactor/internal/loader/loader.go:342.2,343.15 2 1
mcp-server-go-refactor/internal/loader/loader.go:343.15,345.3 1 1
mcp-server-go-refactor/internal/loader/loader.go:347.2,351.34 4 1
mcp-server-go-refactor/internal/loader/loader.go:351.34,353.3 1 1
mcp-server-go-refactor/internal/loader/loader.go:356.2,357.32 2 1
mcp-server-go-refactor/internal/loader/loader.go:360.76,362.51 2 1
mcp-server-go-refactor/internal/loader/loader.go:362.51,364.3 1 0
mcp-server-go-refactor/internal/loader/loader.go:366.2,367.32 2 1
mcp-server-go-refactor/internal/loader/loader.go:367.32,369.50 2 0
mcp-server-go-refactor/internal/loader/loader.go:369.50,371.4 1 0
mcp-server-go-refactor/internal/loader/loader.go:374.2,374.18 1 1
mcp-server-go-refactor/internal/loader/loader.go:374.18,376.3 1 0
mcp-server-go-refactor/internal/loader/loader.go:378.2,379.38 2 1
mcp-server-go-refactor/internal/loader/loader.go:379.38,380.61 1 1
mcp-server-go-refactor/internal/loader/loader.go:380.61,381.16 1 1
mcp-server-go-refactor/internal/loader/loader.go:381.16,383.5 1 0
mcp-server-go-refactor/internal/loader/loader.go:383.10,385.5 1 1
mcp-server-go-refactor/internal/loader/loader.go:389.2,398.16 3 1
mcp-server-go-refactor/internal/loader/loader.go:398.16,400.3 1 0
mcp-server-go-refactor/internal/loader/loader.go:400.8,400.22 1 1
mcp-server-go-refactor/internal/loader/loader.go:400.22,402.3 1 0
mcp-server-go-refactor/internal/loader/loader.go:404.2,408.8 1 1
mcp-server-go-refactor/internal/loader/loader.go:413.109,415.16 2 1
mcp-server-go-refactor/internal/loader/loader.go:415.16,417.3 1 0
mcp-server-go-refactor/internal/loader/loader.go:419.2,419.42 1 1
mcp-server-go-refactor/internal/loader/loader.go:419.42,421.38 2 1
mcp-server-go-refactor/internal/loader/loader.go:421.38,423.4 1 0
mcp-server-go-refactor/internal/loader/loader.go:423.9,423.44 1 1
mcp-server-go-refactor/internal/loader/loader.go:423.44,425.4 1 0
mcp-server-go-refactor/internal/loader/loader.go:426.3,426.42 1 1
mcp-server-go-refactor/internal/loader/loader.go:426.42,428.4 1 1
mcp-server-go-refactor/internal/loader/loader.go:430.2,430.56 1 1
mcp-server-go-refactor/internal/loader/loader.go:434.132,442.82 5 1
mcp-server-go-refactor/internal/loader/loader.go:442.82,447.3 4 1
mcp-server-go-refactor/internal/loader/loader.go:448.2,460.38 4 1
mcp-server-go-refactor/internal/loader/loader.go:460.38,461.93 1 0
mcp-server-go-refactor/internal/loader/loader.go:461.93,463.4 1 0
mcp-server-go-refactor/internal/loader/loader.go:466.2,469.16 3 1
mcp-server-go-refactor/internal/loader/loader.go:469.16,471.3 1 0
mcp-server-go-refactor/internal/loader/loader.go:473.2,473.20 1 1
mcp-server-go-refactor/internal/loader/loader.go:473.20,475.3 1 0
mcp-server-go-refactor/internal/loader/loader.go:478.2,478.25 1 1
mcp-server-go-refactor/internal/loader/loader.go:478.25,479.24 1 1
mcp-server-go-refactor/internal/loader/loader.go:479.24,481.4 1 0
mcp-server-go-refactor/internal/loader/loader.go:484.2,491.18 4 1
mcp-server-go-refactor/internal/loader/loader.go:495.50,497.52 2 1
mcp-server-go-refactor/internal/loader/loader.go:497.52,499.17 2 1
mcp-server-go-refactor/internal/loader/loader.go:499.17,500.12 1 1
mcp-server-go-refactor/internal/loader/loader.go:502.3,502.42 1 1
mcp-server-go-refactor/internal/loader/loader.go:502.42,504.4 1 0
mcp-server-go-refactor/internal/loader/loader.go:505.3,505.12 1 1
mcp-server-go-refactor/internal/loader/loader.go:507.2,507.44 1 1
mcp-server-go-refactor/internal/loader/loader.go:511.121,512.15 1 0
mcp-server-go-refactor/internal/loader/loader.go:512.15,514.3 1 0
mcp-server-go-refactor/internal/loader/loader.go:515.2,521.43 4 0
mcp-server-go-refactor/internal/loader/loader.go:521.43,523.17 2 0
mcp-server-go-refactor/internal/loader/loader.go:523.17,525.4 1 0
mcp-server-go-refactor/internal/loader/loader.go:527.3,527.46 1 0
mcp-server-go-refactor/internal/loader/loader.go:530.2,530.16 1 0
mcp-server-go-refactor/internal/loader/loader.go:530.16,533.3 2 0
mcp-server-go-refactor/internal/loader/loader.go:535.2,536.16 2 0
mcp-server-go-refactor/internal/loader/loader.go:536.16,538.3 1 0
mcp-server-go-refactor/internal/loader/loader.go:540.2,540.53 1 0
mcp-server-go-refactor/internal/loader/loader.go:540.53,541.55 1 0
mcp-server-go-refactor/internal/loader/loader.go:541.55,545.4 2 0
mcp-server-go-refactor/internal/loader/loader.go:545.24,547.4 1 0
mcp-server-go-refactor/internal/loader/loader.go:550.2,550.20 1 0
mcp-server-go-refactor/internal/metrics/metrics.go:24.30,26.2 1 1
mcp-server-go-refactor/internal/metrics/metrics.go:28.40,33.2 1 0
mcp-server-go-refactor/internal/metrics/metrics.go:36.35,38.2 1 0
mcp-server-go-refactor/internal/metrics/metrics.go:47.127,50.21 2 1
mcp-server-go-refactor/internal/metrics/metrics.go:50.21,54.30 3 1
mcp-server-go-refactor/internal/metrics/metrics.go:54.30,56.4 1 0
mcp-server-go-refactor/internal/metrics/metrics.go:57.3,60.100 2 1
mcp-server-go-refactor/internal/metrics/metrics.go:60.100,62.4 1 0
mcp-server-go-refactor/internal/metrics/metrics.go:65.2,66.21 2 1
mcp-server-go-refactor/internal/metrics/metrics.go:66.21,68.3 1 1
mcp-server-go-refactor/internal/metrics/metrics.go:70.2,71.16 2 1
mcp-server-go-refactor/internal/metrics/metrics.go:71.16,75.3 3 1
mcp-server-go-refactor/internal/metrics/metrics.go:77.2,82.80 3 1
mcp-server-go-refactor/internal/metrics/metrics.go:82.80,85.21 2 0
mcp-server-go-refactor/internal/metrics/metrics.go:85.21,88.4 2 0
mcp-server-go-refactor/internal/metrics/metrics.go:88.9,90.4 1 0
mcp-server-go-refactor/internal/metrics/metrics.go:93.2,93.23 1 1
mcp-server-go-refactor/internal/metrics/metrics.go:93.23,96.44 3 1
mcp-server-go-refactor/internal/metrics/metrics.go:96.44,100.39 4 0
mcp-server-go-refactor/internal/metrics/metrics.go:100.39,101.30 1 0
mcp-server-go-refactor/internal/metrics/metrics.go:101.30,103.6 1 0
mcp-server-go-refactor/internal/metrics/metrics.go:104.5,104.8 1 0
mcp-server-go-refactor/internal/metrics/metrics.go:106.4,106.52 1 0
mcp-server-go-refactor/internal/metrics/metrics.go:111.2,111.20 1 1
mcp-server-go-refactor/internal/metrics/metrics.go:111.20,112.30 1 1
mcp-server-go-refactor/internal/metrics/metrics.go:112.30,114.4 1 0
mcp-server-go-refactor/internal/metrics/metrics.go:115.3,116.62 2 1
mcp-server-go-refactor/internal/metrics/metrics.go:116.62,118.4 1 0
mcp-server-go-refactor/internal/metrics/metrics.go:119.3,123.127 3 1
mcp-server-go-refactor/internal/metrics/metrics.go:126.2,132.8 1 1
mcp-server-go-refactor/internal/metrics/metrics.go:147.101,149.16 2 1
mcp-server-go-refactor/internal/metrics/metrics.go:149.16,151.3 1 0
mcp-server-go-refactor/internal/metrics/metrics.go:153.2,154.101 2 1
mcp-server-go-refactor/internal/metrics/metrics.go:154.101,156.17 2 1
mcp-server-go-refactor/internal/metrics/metrics.go:156.17,158.4 1 1
mcp-server-go-refactor/internal/metrics/metrics.go:160.3,162.28 2 1
mcp-server-go-refactor/internal/metrics/metrics.go:162.28,163.36 1 1
mcp-server-go-refactor/internal/metrics/metrics.go:163.36,164.45 1 1
mcp-server-go-refactor/internal/metrics/metrics.go:164.45,165.27 1 1
mcp-server-go-refactor/internal/metrics/metrics.go:166.25,168.24 2 1
mcp-server-go-refactor/internal/metrics/metrics.go:168.24,171.32 2 1
mcp-server-go-refactor/internal/metrics/metrics.go:171.32,172.48 1 1
mcp-server-go-refactor/internal/metrics/metrics.go:173.25,174.27 1 0
mcp-server-go-refactor/internal/metrics/metrics.go:175.28,176.44 1 1
mcp-server-go-refactor/internal/metrics/metrics.go:176.44,178.11 1 1
mcp-server-go-refactor/internal/metrics/metrics.go:181.8,181.53 1 1
mcp-server-go-refactor/internal/metrics/metrics.go:184.7,187.8 1 1
mcp-server-go-refactor/internal/metrics/metrics.go:189.6,189.17 1 1
mcp-server-go-refactor/internal/metrics/metrics.go:194.3,196.9 1 1
mcp-server-go-refactor/internal/pruner/pruner.go:21.30,23.2 1 1
mcp-server-go-refactor/internal/pruner/pruner.go:25.40,30.2 1 0
mcp-server-go-refactor/internal/pruner/pruner.go:33.35,35.2 1 0
mcp-server-go-refactor/internal/pruner/pruner.go:41.122,43.21 2 1
mcp-server-go-refactor/internal/pruner/pruner.go:43.21,47.98 2 1
mcp-server-go-refactor/internal/pruner/pruner.go:47.98,48.31 1 0
mcp-server-go-refactor/internal/pruner/pruner.go:48.31,50.5 1 0
mcp-server-go-refactor/internal/pruner/pruner.go:51.4,51.54 1 0
mcp-server-go-refactor/internal/pruner/pruner.go:55.2,56.16 2 1
mcp-server-go-refactor/internal/pruner/pruner.go:56.16,60.3 3 0
mcp-server-go-refactor/internal/pruner/pruner.go:61.2,63.20 2 1
mcp-server-go-refactor/internal/pruner/pruner.go:63.20,70.23 3 1
mcp-server-go-refactor/internal/pruner/pruner.go:70.23,72.4 1 1
mcp-server-go-refactor/internal/pruner/pruner.go:73.3,73.30 1 1
mcp-server-go-refactor/internal/pruner/pruner.go:73.30,75.4 1 0
mcp-server-go-refactor/internal/pruner/pruner.go:76.3,77.62 2 1
mcp-server-go-refactor/internal/pruner/pruner.go:77.62,79.4 1 0
mcp-server-go-refactor/internal/pruner/pruner.go:80.3,84.122 3 1
mcp-server-go-refactor/internal/pruner/pruner.go:87.2,93.8 1 1
mcp-server-go-refactor/internal/pruner/pruner.go:102.82,104.16 2 1
mcp-server-go-refactor/internal/pruner/pruner.go:104.16,106.3 1 0
mcp-server-go-refactor/internal/pruner/pruner.go:110.2,111.16 2 1
mcp-server-go-refactor/internal/pruner/pruner.go:111.16,113.3 1 0
mcp-server-go-refactor/internal/pruner/pruner.go:115.2,122.27 3 1
mcp-server-go-refactor/internal/pruner/pruner.go:122.27,124.38 2 1
mcp-server-go-refactor/internal/pruner/pruner.go:124.38,125.45 1 1
mcp-server-go-refactor/internal/pruner/pruner.go:125.45,127.5 1 1
mcp-server-go-refactor/internal/pruner/pruner.go:132.2,132.27 1 1
mcp-server-go-refactor/internal/pruner/pruner.go:132.27,133.42 1 1
mcp-server-go-refactor/internal/pruner/pruner.go:133.42,134.40 1 1
mcp-server-go-refactor/internal/pruner/pruner.go:134.40,136.5 1 1
mcp-server-go-refactor/internal/pruner/pruner.go:141.2,142.40 2 1
mcp-server-go-refactor/internal/pruner/pruner.go:142.40,143.11 1 1
mcp-server-go-refactor/internal/pruner/pruner.go:143.11,144.12 1 1
mcp-server-go-refactor/internal/pruner/pruner.go:147.3,147.155 1 1
mcp-server-go-refactor/internal/pruner/pruner.go:147.155,149.12 1 0
mcp-server-go-refactor/internal/pruner/pruner.go:152.3,153.167 2 1
mcp-server-go-refactor/internal/pruner/pruner.go:153.167,154.12 1 1
mcp-server-go-refactor/internal/pruner/pruner.go:157.3,157.26 1 1
mcp-server-go-refactor/internal/pruner/pruner.go:158.20,160.25 2 1
mcp-server-go-refactor/internal/pruner/pruner.go:160.25,161.13 1 0
mcp-server-go-refactor/internal/pruner/pruner.go:163.4,163.65 1 1
mcp-server-go-refactor/internal/pruner/pruner.go:164.19,165.65 1 0
mcp-server-go-refactor/internal/pruner/pruner.go:169.2,169.20 1 1
mcp-server-go-refactor/internal/runner/runner.go:37.37,40.2 2 0
mcp-server-go-refactor/internal/runner/runner.go:43.30,45.2 1 1
mcp-server-go-refactor/internal/runner/runner.go:48.93,61.37 10 1
mcp-server-go-refactor/internal/runner/runner.go:61.37,67.3 1 1
mcp-server-go-refactor/internal/runner/runner.go:69.2,73.8 1 1
mcp-server-go-refactor/internal/runner/runner.go:78.105,86.16 6 0
mcp-server-go-refactor/internal/runner/runner.go:86.16,89.3 2 0
mcp-server-go-refactor/internal/runner/runner.go:91.2,94.36 3 0
mcp-server-go-refactor/internal/runner/runner.go:94.36,97.3 2 0
mcp-server-go-refactor/internal/runner/runner.go:99.2,104.8 1 0
mcp-server-go-refactor/internal/runner/runner.go:107.67,109.27 2 1
mcp-server-go-refactor/internal/runner/runner.go:109.27,110.35 1 1
mcp-server-go-refactor/internal/runner/runner.go:110.35,112.4 1 0
mcp-server-go-refactor/internal/runner/runner.go:114.2,114.14 1 1
mcp-server-go-refactor/internal/runner/runner.go:118.35,120.2 1 1
mcp-server-go-refactor/internal/runner/runner.go:123.36,125.2 1 1
mcp-server-go-refactor/internal/runner/runner.go:128.66,130.27 2 1
mcp-server-go-refactor/internal/runner/runner.go:130.27,132.3 1 1
mcp-server-go-refactor/internal/runner/runner.go:134.2,136.16 3 1
mcp-server-go-refactor/internal/runner/runner.go:136.16,138.3 1 0
mcp-server-go-refactor/internal/runner/runner.go:139.2,141.43 2 1
mcp-server-go-refactor/internal/runner/runner.go:141.43,143.3 1 0
mcp-server-go-refactor/internal/runner/runner.go:144.2,144.36 1 1
mcp-server-go-refactor/internal/runner/runner.go:144.36,146.3 1 0
mcp-server-go-refactor/internal/runner/runner.go:148.2,148.51 1 1
mcp-server-go-refactor/internal/runner/runner.go:148.51,150.3 1 0
mcp-server-go-refactor/internal/runner/runner.go:151.2,151.12 1 1
mcp-server-go-refactor/internal/server/server.go:15.73,22.2 1 1
mcp-server-go-refactor/internal/server/server.go:24.45,26.2 1 1
mcp-server-go-refactor/internal/server/server.go:28.99,35.2 3 1
mcp-server-go-refactor/internal/suggestfixes/suggestfixes.go:22.30,24.2 1 0
mcp-server-go-refactor/internal/suggestfixes/suggestfixes.go:26.40,31.2 1 0
mcp-server-go-refactor/internal/suggestfixes/suggestfixes.go:34.35,36.2 1 0
mcp-server-go-refactor/internal/suggestfixes/suggestfixes.go:44.129,49.21 3 1
mcp-server-go-refactor/internal/suggestfixes/suggestfixes.go:49.21,53.98 2 0
mcp-server-go-refactor/internal/suggestfixes/suggestfixes.go:53.98,54.31 1 0
mcp-server-go-refactor/internal/suggestfixes/suggestfixes.go:54.31,56.5 1 0
mcp-server-go-refactor/internal/suggestfixes/suggestfixes.go:57.4,57.50 1 0
mcp-server-go-refactor/internal/suggestfixes/suggestfixes.go:61.3,62.25 2 0
mcp-server-go-refactor/internal/suggestfixes/suggestfixes.go:62.25,63.51 1 0
mcp-server-go-refactor/internal/suggestfixes/suggestfixes.go:63.51,64.73 1 0
mcp-server-go-refactor/internal/suggestfixes/suggestfixes.go:64.73,66.90 2 0
mcp-server-go-refactor/internal/suggestfixes/suggestfixes.go:66.90,68.7 1 0
mcp-server-go-refactor/internal/suggestfixes/suggestfixes.go:68.12,68.28 1 0
mcp-server-go-refactor/internal/suggestfixes/suggestfixes.go:68.28,70.7 1 0
mcp-server-go-refactor/internal/suggestfixes/suggestfixes.go:71.6,71.17 1 0
mcp-server-go-refactor/internal/suggestfixes/suggestfixes.go:77.3,82.26 3 0
mcp-server-go-refactor/internal/suggestfixes/suggestfixes.go:82.26,84.4 1 0
mcp-server-go-refactor/internal/suggestfixes/suggestfixes.go:86.3,86.22 1 0
mcp-server-go-refactor/internal/suggestfixes/suggestfixes.go:86.22,88.4 1 0
mcp-server-go-refactor/internal/suggestfixes/suggestfixes.go:91.3,91.66 1 0
mcp-server-go-refactor/internal/suggestfixes/suggestfixes.go:91.66,93.4 1 0
mcp-server-go-refactor/internal/suggestfixes/suggestfixes.go:96.2,96.23 1 1
mcp-server-go-refactor/internal/suggestfixes/suggestfixes.go:96.23,98.3 1 1
mcp-server-go-refactor/internal/suggestfixes/suggestfixes.go:100.2,103.33 4 1
mcp-server-go-refactor/internal/suggestfixes/suggestfixes.go:103.33,105.3 1 1
mcp-server-go-refactor/internal/suggestfixes/suggestfixes.go:105.8,106.39 1 0
mcp-server-go-refactor/internal/suggestfixes/suggestfixes.go:106.39,108.4 1 0
mcp-server-go-refactor/internal/suggestfixes/suggestfixes.go:111.2,120.47 6 1
mcp-server-go-refactor/internal/suggestfixes/suggestfixes.go:120.47,122.3 1 0
mcp-server-go-refactor/internal/suggestfixes/suggestfixes.go:124.2,136.8 1 1
mcp-server-go-refactor/internal/tags/analyzer.go:24.30,26.2 1 1
mcp-server-go-refactor/internal/tags/analyzer.go:28.40,59.2 1 0
mcp-server-go-refactor/internal/tags/analyzer.go:62.35,64.2 1 0
mcp-server-go-refactor/internal/tags/analyzer.go:74.120,76.21 2 1
mcp-server-go-refactor/internal/tags/analyzer.go:76.21,78.3 1 1
mcp-server-go-refactor/internal/tags/analyzer.go:80.2,81.56 2 1
mcp-server-go-refactor/internal/tags/analyzer.go:81.56,83.3 1 1
mcp-server-go-refactor/internal/tags/analyzer.go:84.2,85.54 2 1
mcp-server-go-refactor/internal/tags/analyzer.go:85.54,87.3 1 1
mcp-server-go-refactor/internal/tags/analyzer.go:89.2,89.19 1 1
mcp-server-go-refactor/internal/tags/analyzer.go:89.19,91.17 2 1
mcp-server-go-refactor/internal/tags/analyzer.go:91.17,95.4 3 0
mcp-server-go-refactor/internal/tags/analyzer.go:96.3,98.21 2 1
mcp-server-go-refactor/internal/tags/analyzer.go:98.21,99.31 1 0
mcp-server-go-refactor/internal/tags/analyzer.go:99.31,101.5 1 0
mcp-server-go-refactor/internal/tags/analyzer.go:102.4,103.63 2 0
mcp-server-go-refactor/internal/tags/analyzer.go:103.63,105.5 1 0
mcp-server-go-refactor/internal/tags/analyzer.go:106.4,110.113 3 0
mcp-server-go-refactor/internal/tags/analyzer.go:113.3,117.9 1 1
mcp-server-go-refactor/internal/tags/analyzer.go:120.2,121.16 2 1
mcp-server-go-refactor/internal/tags/analyzer.go:121.16,125.3 3 1
mcp-server-go-refactor/internal/tags/analyzer.go:126.2,128.20 2 1
mcp-server-go-refactor/internal/tags/analyzer.go:128.20,135.20 3 0
mcp-server-go-refactor/internal/tags/analyzer.go:135.20,137.4 1 0
mcp-server-go-refactor/internal/tags/analyzer.go:138.3,138.30 1 0
mcp-server-go-refactor/internal/tags/analyzer.go:138.30,140.4 1 0
mcp-server-go-refactor/internal/tags/analyzer.go:141.3,142.62 2 0
mcp-server-go-refactor/internal/tags/analyzer.go:142.62,144.4 1 0
mcp-server-go-refactor/internal/tags/analyzer.go:145.3,149.112 3 0
mcp-server-go-refactor/internal/tags/analyzer.go:152.2,158.8 1 1
mcp-server-go-refactor/internal/tags/analyzer.go:175.131,177.16 2 1
mcp-server-go-refactor/internal/tags/analyzer.go:177.16,179.3 1 0
mcp-server-go-refactor/internal/tags/analyzer.go:181.2,182.27 2 1
mcp-server-go-refactor/internal/tags/analyzer.go:182.27,183.35 1 1
mcp-server-go-refactor/internal/tags/analyzer.go:183.35,184.44 1 1
mcp-server-go-refactor/internal/tags/analyzer.go:184.44,186.42 2 1
mcp-server-go-refactor/internal/tags/analyzer.go:186.42,188.6 1 1
mcp-server-go-refactor/internal/tags/analyzer.go:189.5,189.47 1 1
mcp-server-go-refactor/internal/tags/analyzer.go:189.47,192.6 2 1
mcp-server-go-refactor/internal/tags/analyzer.go:193.5,193.16 1 0
mcp-server-go-refactor/internal/tags/analyzer.go:195.4,195.27 1 1
mcp-server-go-refactor/internal/tags/analyzer.go:195.27,196.10 1 1
mcp-server-go-refactor/internal/tags/analyzer.go:199.3,199.26 1 1
mcp-server-go-refactor/internal/tags/analyzer.go:199.26,200.9 1 1
mcp-server-go-refactor/internal/tags/analyzer.go:204.2,204.25 1 1
mcp-server-go-refactor/internal/tags/analyzer.go:204.25,206.3 1 1
mcp-server-go-refactor/internal/tags/analyzer.go:208.2,211.39 3 1
mcp-server-go-refactor/internal/tags/analyzer.go:211.39,212.28 1 1
mcp-server-go-refactor/internal/tags/analyzer.go:212.28,213.12 1 0
mcp-server-go-refactor/internal/tags/analyzer.go:215.3,216.33 2 1
mcp-server-go-refactor/internal/tags/analyzer.go:216.33,217.12 1 0
mcp-server-go-refactor/internal/tags/analyzer.go:220.3,221.23 2 1
mcp-server-go-refactor/internal/tags/analyzer.go:221.23,223.4 1 1
mcp-server-go-refactor/internal/tags/analyzer.go:225.3,232.5 3 1
mcp-server-go-refactor/internal/tags/analyzer.go:235.2,238.8 1 1
mcp-server-go-refactor/internal/tags/analyzer.go:242.115,244.16 2 1
mcp-server-go-refactor/internal/tags/analyzer.go:244.16,246.3 1 0
mcp-server-go-refactor/internal/tags/analyzer.go:248.2,249.16 2 1
mcp-server-go-refactor/internal/tags/analyzer.go:249.16,251.3 1 0
mcp-server-go-refactor/internal/tags/analyzer.go:253.2,253.27 1 1
mcp-server-go-refactor/internal/tags/analyzer.go:253.27,254.38 1 1
mcp-server-go-refactor/internal/tags/analyzer.go:254.38,257.18 2 1
mcp-server-go-refactor/internal/tags/analyzer.go:257.18,258.13 1 0
mcp-server-go-refactor/internal/tags/analyzer.go:261.4,262.47 2 1
mcp-server-go-refactor/internal/tags/analyzer.go:262.47,264.42 2 1
mcp-server-go-refactor/internal/tags/analyzer.go:264.42,266.6 1 1
mcp-server-go-refactor/internal/tags/analyzer.go:267.5,268.12 2 1
mcp-server-go-refactor/internal/tags/analyzer.go:268.12,270.6 1 0
mcp-server-go-refactor/internal/tags/analyzer.go:272.5,272.42 1 1
mcp-server-go-refactor/internal/tags/analyzer.go:272.42,273.71 1 1
mcp-server-go-refactor/internal/tags/analyzer.go:273.71,274.15 1 0
mcp-server-go-refactor/internal/tags/analyzer.go:276.6,280.55 4 1
mcp-server-go-refactor/internal/tags/analyzer.go:280.55,283.7 2 1
mcp-server-go-refactor/internal/tags/analyzer.go:285.5,285.17 1 1
mcp-server-go-refactor/internal/tags/analyzer.go:288.4,288.16 1 1
mcp-server-go-refactor/internal/tags/analyzer.go:288.16,290.19 2 1
mcp-server-go-refactor/internal/tags/analyzer.go:290.19,292.6 1 0
mcp-server-go-refactor/internal/tags/analyzer.go:293.5,294.70 2 1
mcp-server-go-refactor/internal/tags/analyzer.go:294.70,296.6 1 0
mcp-server-go-refactor/internal/tags/analyzer.go:301.2,301.12 1 1
mcp-server-go-refactor/internal/tags/analyzer.go:304.49,307.33 2 1
mcp-server-go-refactor/internal/tags/analyzer.go:308.15,309.34 1 1
mcp-server-go-refactor/internal/tags/analyzer.go:310.15,311.22 1 1
mcp-server-go-refactor/internal/tags/analyzer.go:311.22,313.4 1 1
mcp-server-go-refactor/internal/tags/analyzer.go:314.3,315.35 2 1
mcp-server-go-refactor/internal/tags/analyzer.go:315.35,317.4 1 1
mcp-server-go-refactor/internal/tags/analyzer.go:318.3,318.13 1 1
mcp-server-go-refactor/internal/tags/analyzer.go:319.16,321.27 2 1
mcp-server-go-refactor/internal/tags/analyzer.go:321.27,323.4 1 1
mcp-server-go-refactor/internal/tags/analyzer.go:324.3,324.13 1 1
mcp-server-go-refactor/internal/tags/analyzer.go:325.15,326.34 1 1
mcp-server-go-refactor/internal/tags/analyzer.go:327.10,328.28 1 1
mcp-server-go-refactor/internal/tags/analyzer.go:332.36,335.22 3 1
mcp-server-go-refactor/internal/tags/analyzer.go:335.22,336.47 1 1
mcp-server-go-refactor/internal/tags/analyzer.go:336.47,339.4 2 1
mcp-server-go-refactor/internal/tags/analyzer.go:339.9,341.4 1 1
mcp-server-go-refactor/internal/tags/analyzer.go:343.2,343.22 1 1
mcp-server-go-refactor/internal/tags/analyzer.go:343.22,345.3 1 1
mcp-server-go-refactor/internal/tags/analyzer.go:346.2,346.14 1 1
mcp-server-go-refactor/internal/safety/injection.go:21.30,23.2 1 1
mcp-server-go-refactor/internal/safety/injection.go:25.40,30.2 1 0
mcp-server-go-refactor/internal/safety/injection.go:33.35,35.2 1 0
mcp-server-go-refactor/internal/safety/injection.go:41.126,43.21 2 1
mcp-server-go-refactor/internal/safety/injection.go:43.21,47.98 2 1
mcp-server-go-refactor/internal/safety/injection.go:47.98,48.31 1 0
mcp-server-go-refactor/internal/safety/injection.go:48.31,50.5 1 0
mcp-server-go-refactor/internal/safety/injection.go:51.4,51.55 1 0
mcp-server-go-refactor/internal/safety/injection.go:55.2,56.16 2 1
mcp-server-go-refactor/internal/safety/injection.go:56.16,60.3 3 0
mcp-server-go-refactor/internal/safety/injection.go:61.2,62.37 2 1
mcp-server-go-refactor/internal/safety/injection.go:62.37,64.3 1 1
mcp-server-go-refactor/internal/safety/injection.go:66.2,66.20 1 1
mcp-server-go-refactor/internal/safety/injection.go:66.20,73.20 3 1
mcp-server-go-refactor/internal/safety/injection.go:73.20,75.4 1 1
mcp-server-go-refactor/internal/safety/injection.go:76.3,76.45 1 1
mcp-server-go-refactor/internal/safety/injection.go:76.45,78.4 1 1
mcp-server-go-refactor/internal/safety/injection.go:79.3,80.62 2 1
mcp-server-go-refactor/internal/safety/injection.go:80.62,82.4 1 1
mcp-server-go-refactor/internal/safety/injection.go:83.3,87.125 3 1
mcp-server-go-refactor/internal/safety/injection.go:90.2,96.8 1 1
mcp-server-go-refactor/internal/safety/injection.go:113.89,115.16 2 1
mcp-server-go-refactor/internal/safety/injection.go:115.16,117.3 1 0
mcp-server-go-refactor/internal/safety/injection.go:119.2,121.27 2 1
mcp-server-go-refactor/internal/safety/injection.go:121.27,122.35 1 1
mcp-server-go-refactor/internal/safety/injection.go:122.35,123.44 1 1
mcp-server-go-refactor/internal/safety/injection.go:123.44,124.27 1 1
mcp-server-go-refactor/internal/safety/injection.go:125.24,126.50 1 1
mcp-server-go-refactor/internal/safety/injection.go:126.50,127.37 1 1
mcp-server-go-refactor/internal/safety/injection.go:127.37,128.36 1 1
mcp-server-go-refactor/internal/safety/injection.go:128.36,129.25 1 1
mcp-server-go-refactor/internal/safety/injection.go:129.25,137.10 2 1
mcp-server-go-refactor/internal/safety/injection.go:142.5,142.16 1 1
mcp-server-go-refactor/internal/safety/injection.go:147.2,147.57 1 1
mcp-server-go-refactor/internal/safety/injection.go:150.38,152.28 2 1
mcp-server-go-refactor/internal/safety/injection.go:152.28,153.32 1 1
mcp-server-go-refactor/internal/safety/injection.go:153.32,155.4 1 1
mcp-server-go-refactor/internal/safety/injection.go:157.2,157.14 1 1
mcp-server-go-refactor/internal/safety/injection.go:160.31,161.23 1 1
mcp-server-go-refactor/internal/safety/injection.go:162.23,163.27 1 1
mcp-server-go-refactor/internal/safety/injection.go:163.27,165.4 1 1
mcp-server-go-refactor/internal/safety/injection.go:166.21,167.46 1 1
mcp-server-go-refactor/internal/safety/injection.go:167.46,168.32 1 1
mcp-server-go-refactor/internal/safety/injection.go:168.32,170.5 1 1
mcp-server-go-refactor/internal/safety/injection.go:173.2,173.14 1 0
mcp-server-go-refactor/internal/workspace/workspace.go:50.69,53.16 2 1
mcp-server-go-refactor/internal/workspace/workspace.go:53.16,55.3 1 0
mcp-server-go-refactor/internal/workspace/workspace.go:56.2,59.60 3 1
mcp-server-go-refactor/internal/workspace/workspace.go:59.60,61.3 1 1
mcp-server-go-refactor/internal/workspace/workspace.go:64.2,64.75 1 1
mcp-server-go-refactor/internal/workspace/workspace.go:64.75,66.3 1 1
mcp-server-go-refactor/internal/workspace/workspace.go:69.2,69.79 1 1
mcp-server-go-refactor/internal/workspace/workspace.go:69.79,71.3 1 1
mcp-server-go-refactor/internal/workspace/workspace.go:74.2,80.8 1 0
mcp-server-go-refactor/internal/workspace/workspace.go:83.51,85.16 2 1
mcp-server-go-refactor/internal/workspace/workspace.go:85.16,87.3 1 0
mcp-server-go-refactor/internal/workspace/workspace.go:88.2,89.16 2 1
mcp-server-go-refactor/internal/workspace/workspace.go:89.16,91.3 1 1
mcp-server-go-refactor/internal/workspace/workspace.go:92.2,92.17 1 1
mcp-server-go-refactor/internal/workspace/workspace.go:95.74,97.16 2 1
mcp-server-go-refactor/internal/workspace/workspace.go:97.16,99.3 1 1
mcp-server-go-refactor/internal/workspace/workspace.go:101.2,101.69 1 1
mcp-server-go-refactor/internal/workspace/workspace.go:101.69,111.3 2 1
mcp-server-go-refactor/internal/workspace/workspace.go:112.2,112.71 1 1
mcp-server-go-refactor/internal/workspace/workspace.go:112.71,123.3 3 1
mcp-server-go-refactor/internal/workspace/workspace.go:124.2,124.47 1 1
mcp-server-go-refactor/internal/workspace/workspace.go:127.78,130.17 2 1
mcp-server-go-refactor/internal/workspace/workspace.go:130.17,131.42 1 1
mcp-server-go-refactor/internal/workspace/workspace.go:131.42,132.9 1 1
mcp-server-go-refactor/internal/workspace/workspace.go:134.3,135.33 2 1
mcp-server-go-refactor/internal/workspace/workspace.go:135.33,136.9 1 0
mcp-server-go-refactor/internal/workspace/workspace.go:140.2,140.17 1 1
mcp-server-go-refactor/internal/workspace/workspace.go:140.17,142.68 1 1
mcp-server-go-refactor/internal/workspace/workspace.go:142.68,151.4 1 0
mcp-server-go-refactor/internal/workspace/workspace.go:153.3,153.67 1 1
mcp-server-go-refactor/internal/workspace/workspace.go:153.67,162.4 1 1
mcp-server-go-refactor/internal/workspace/workspace.go:164.3,164.22 1 1
mcp-server-go-refactor/internal/workspace/workspace.go:164.22,172.4 1 1
mcp-server-go-refactor/internal/workspace/workspace.go:174.3,175.21 2 1
mcp-server-go-refactor/internal/workspace/workspace.go:175.21,176.9 1 0
mcp-server-go-refactor/internal/workspace/workspace.go:178.3,178.16 1 1
mcp-server-go-refactor/internal/workspace/workspace.go:180.2,180.43 1 0
mcp-server-go-refactor/internal/workspace/workspace.go:193.64,195.36 2 1
mcp-server-go-refactor/internal/workspace/workspace.go:195.36,198.3 2 1
mcp-server-go-refactor/internal/workspace/workspace.go:199.2,207.16 7 1
mcp-server-go-refactor/internal/workspace/workspace.go:207.16,209.3 1 1
mcp-server-go-refactor/internal/workspace/workspace.go:211.2,212.50 2 1
mcp-server-go-refactor/internal/workspace/workspace.go:212.50,214.3 1 0
mcp-server-go-refactor/internal/workspace/workspace.go:216.2,220.18 4 1
mcp-server-go-refactor/internal/workspace/workspace.go:223.61,226.16 3 1
mcp-server-go-refactor/internal/workspace/workspace.go:226.16,228.3 1 0
mcp-server-go-refactor/internal/workspace/workspace.go:230.2,231.74 2 1
mcp-server-go-refactor/internal/workspace/workspace.go:231.74,233.3 1 0
mcp-server-go-refactor/internal/workspace/workspace.go:235.2,235.26 1 1
mcp-server-go-refactor/internal/workspace/workspace.go:238.34,240.28 2 1
mcp-server-go-refactor/internal/workspace/workspace.go:240.28,241.60 1 1
mcp-server-go-refactor/internal/workspace/workspace.go:241.60,243.4 1 1
mcp-server-go-refactor/internal/workspace/workspace.go:245.2,245.14 1 1
mcp-server-go-refactor/internal/workspace/workspace.go:248.38,250.30 2 1
mcp-server-go-refactor/internal/workspace/workspace.go:250.30,252.3 1 1
mcp-server-go-refactor/internal/workspace/workspace.go:253.2,253.12 1 1
mcp-server-go-refactor/internal/workspace/workspace.go:257.54,258.37 1 1
mcp-server-go-refactor/internal/workspace/workspace.go:258.37,260.3 1 1
mcp-server-go-refactor/internal/workspace/workspace.go:261.2,261.63 1 1
mcp-server-go-refactor/internal/workspace/workspace.go:261.63,262.28 1 1
mcp-server-go-refactor/internal/workspace/workspace.go:262.28,264.4 1 1
mcp-server-go-refactor/internal/workspace/workspace.go:265.3,265.45 1 1
mcp-server-go-refactor/internal/workspace/workspace.go:267.2,267.16 1 1
mcp-server-go-refactor/internal/util/logging.go:28.61,40.2 5 1
mcp-server-go-refactor/internal/util/logging.go:42.52,44.6 2 1
mcp-server-go-refactor/internal/util/logging.go:44.6,45.10 1 1
mcp-server-go-refactor/internal/util/logging.go:46.21,47.10 1 0
mcp-server-go-refactor/internal/util/logging.go:48.25,49.11 1 1
mcp-server-go-refactor/internal/util/logging.go:49.11,51.5 1 1
mcp-server-go-refactor/internal/util/logging.go:52.4,52.48 1 1
mcp-server-go-refactor/internal/util/logging.go:52.48,54.5 1 0
mcp-server-go-refactor/internal/util/logging.go:60.59,61.22 1 1
mcp-server-go-refactor/internal/util/logging.go:61.22,63.3 1 0
mcp-server-go-refactor/internal/util/logging.go:65.2,68.9 3 1
mcp-server-go-refactor/internal/util/logging.go:69.21,70.21 1 1
mcp-server-go-refactor/internal/util/logging.go:71.36,73.21 2 0
mcp-server-go-refactor/internal/util/logging.go:74.23,75.25 1 0
mcp-server-go-refactor/internal/util/logging.go:80.38,81.26 1 1
mcp-server-go-refactor/internal/util/logging.go:81.26,83.3 1 0
mcp-server-go-refactor/internal/util/logging.go:84.2,87.12 4 1
mcp-server-go-refactor/internal/util/logging.go:92.48,94.72 2 1
mcp-server-go-refactor/internal/util/logging.go:94.72,95.46 1 1
mcp-server-go-refactor/internal/util/logging.go:95.46,97.4 1 0
mcp-server-go-refactor/internal/util/logging.go:99.2,100.16 2 1
mcp-server-go-refactor/internal/util/logging.go:100.16,102.3 1 0
mcp-server-go-refactor/internal/util/logging.go:103.2,103.10 1 1
mcp-server-go-refactor/internal/util/logging.go:108.71,111.57 2 1
mcp-server-go-refactor/internal/util/logging.go:111.57,113.3 1 0
mcp-server-go-refactor/internal/util/logging.go:113.8,115.51 2 1
mcp-server-go-refactor/internal/util/logging.go:115.51,118.4 2 0
mcp-server-go-refactor/internal/util/logging.go:119.3,119.70 1 1
mcp-server-go-refactor/internal/util/logging.go:122.2,128.19 4 1
mcp-server-go-refactor/internal/util/logging.go:128.19,130.3 1 1
mcp-server-go-refactor/internal/util/logging.go:132.2,137.16 3 1
mcp-server-go-refactor/internal/util/logging.go:137.16,139.27 2 1
mcp-server-go-refactor/internal/util/logging.go:139.27,141.4 1 1
mcp-server-go-refactor/internal/util/mcp_helpers.go:21.38,21.52 1 1
mcp-server-go-refactor/internal/util/mcp_helpers.go:25.39,25.53 1 1
mcp-server-go-refactor/internal/util/mcp_helpers.go:35.57,37.32 2 0
mcp-server-go-refactor/internal/util/mcp_helpers.go:37.32,39.3 1 0
mcp-server-go-refactor/internal/util/mcp_helpers.go:40.2,41.15 2 0
mcp-server-go-refactor/internal/util/mcp_helpers.go:41.15,43.3 1 0
mcp-server-go-refactor/internal/util/mcp_helpers.go:44.2,44.20 1 0
mcp-server-go-refactor/internal/util/mcp_helpers.go:44.20,46.3 1 0
mcp-server-go-refactor/internal/util/mcp_helpers.go:47.2,48.18 2 0
mcp-server-go-refactor/internal/util/mcp_helpers.go:48.18,50.3 1 0
mcp-server-go-refactor/internal/util/mcp_helpers.go:51.2,51.19 1 0
mcp-server-go-refactor/internal/util/mcp_helpers.go:60.3,61.134 1 1
mcp-server-go-refactor/internal/util/mcp_helpers.go:61.134,62.16 1 0
mcp-server-go-refactor/internal/util/mcp_helpers.go:62.16,63.32 1 0
mcp-server-go-refactor/internal/util/mcp_helpers.go:63.32,76.5 3 0
mcp-server-go-refactor/internal/util/mcp_helpers.go:79.3,85.66 4 0
mcp-server-go-refactor/internal/util/mcp_helpers.go:85.66,90.40 3 0
mcp-server-go-refactor/internal/util/mcp_helpers.go:90.40,91.49 1 0
mcp-server-go-refactor/internal/util/mcp_helpers.go:91.49,93.144 2 0
mcp-server-go-refactor/internal/util/mcp_helpers.go:93.144,96.12 3 0
mcp-server-go-refactor/internal/util/mcp_helpers.go:101.4,116.6 3 0
mcp-server-go-refactor/internal/util/mcp_helpers.go:122.3,122.53 1 0
mcp-server-go-refactor/internal/util/mcp_helpers.go:122.53,124.4 1 0
mcp-server-go-refactor/internal/util/mcp_helpers.go:125.3,125.26 1 0
mcp-server-go-refactor/internal/layout/analyzer.go:21.30,23.2 1 1
mcp-server-go-refactor/internal/layout/analyzer.go:25.40,30.2 1 0
mcp-server-go-refactor/internal/layout/analyzer.go:33.35,35.2 1 0
mcp-server-go-refactor/internal/layout/analyzer.go:42.126,44.21 2 1
mcp-server-go-refactor/internal/layout/analyzer.go:44.21,46.3 1 1
mcp-server-go-refactor/internal/layout/analyzer.go:48.2,48.28 1 1
mcp-server-go-refactor/internal/layout/analyzer.go:48.28,50.21 2 1
mcp-server-go-refactor/internal/layout/analyzer.go:50.21,51.31 1 1
mcp-server-go-refactor/internal/layout/analyzer.go:51.31,53.5 1 0
mcp-server-go-refactor/internal/layout/analyzer.go:54.4,55.63 2 1
mcp-server-go-refactor/internal/layout/analyzer.go:55.63,57.5 1 0
mcp-server-go-refactor/internal/layout/analyzer.go:58.4,62.135 3 1
mcp-server-go-refactor/internal/layout/analyzer.go:64.3,70.9 1 1
mcp-server-go-refactor/internal/layout/analyzer.go:73.2,74.16 2 1
mcp-server-go-refactor/internal/layout/analyzer.go:74.16,78.3 3 0
mcp-server-go-refactor/internal/layout/analyzer.go:79.2,81.20 2 1
mcp-server-go-refactor/internal/layout/analyzer.go:81.20,88.23 3 0
mcp-server-go-refactor/internal/layout/analyzer.go:88.23,90.4 1 0
mcp-server-go-refactor/internal/layout/analyzer.go:91.3,91.30 1 0
mcp-server-go-refactor/internal/layout/analyzer.go:91.30,93.4 1 0
mcp-server-go-refactor/internal/layout/analyzer.go:94.3,95.62 2 0
mcp-server-go-refactor/internal/layout/analyzer.go:95.62,97.4 1 0
mcp-server-go-refactor/internal/layout/analyzer.go:98.3,102.134 3 0
mcp-server-go-refactor/internal/layout/analyzer.go:105.2,111.8 1 1
mcp-server-go-refactor/internal/layout/analyzer.go:123.111,125.16 2 1
mcp-server-go-refactor/internal/layout/analyzer.go:125.16,127.3 1 0
mcp-server-go-refactor/internal/layout/analyzer.go:129.2,130.25 2 1
mcp-server-go-refactor/internal/layout/analyzer.go:130.25,131.56 1 1
mcp-server-go-refactor/internal/layout/analyzer.go:131.56,133.9 2 1
mcp-server-go-refactor/internal/layout/analyzer.go:137.2,137.16 1 1
mcp-server-go-refactor/internal/layout/analyzer.go:137.16,139.3 1 0
mcp-server-go-refactor/internal/layout/analyzer.go:141.2,142.9 2 1
mcp-server-go-refactor/internal/layout/analyzer.go:142.9,144.3 1 0
mcp-server-go-refactor/internal/layout/analyzer.go:146.2,159.38 6 1
mcp-server-go-refactor/internal/layout/analyzer.go:159.38,166.3 2 1
mcp-server-go-refactor/internal/layout/analyzer.go:169.2,169.47 1 1
mcp-server-go-refactor/internal/layout/analyzer.go:169.47,170.41 1 1
mcp-server-go-refactor/internal/layout/analyzer.go:170.41,172.4 1 1
mcp-server-go-refactor/internal/layout/analyzer.go:173.3,173.41 1 1
mcp-server-go-refactor/internal/layout/analyzer.go:176.2,179.27 4 1
mcp-server-go-refactor/internal/layout/analyzer.go:179.27,183.29 4 1
mcp-server-go-refactor/internal/layout/analyzer.go:183.29,185.4 1 1
mcp-server-go-refactor/internal/layout/analyzer.go:188.2,195.8 2 1
mcp-server-go-refactor/internal/modernizer/modernizer.go:26.30,28.2 1 1
mcp-server-go-refactor/internal/modernizer/modernizer.go:30.40,35.2 1 0
mcp-server-go-refactor/internal/modernizer/modernizer.go:38.35,40.2 1 1
mcp-server-go-refactor/internal/modernizer/modernizer.go:47.126,49.21 2 1
mcp-server-go-refactor/internal/modernizer/modernizer.go:49.21,53.98 2 1
mcp-server-go-refactor/internal/modernizer/modernizer.go:53.98,54.31 1 0
mcp-server-go-refactor/internal/modernizer/modernizer.go:54.31,56.5 1 0
mcp-server-go-refactor/internal/modernizer/modernizer.go:57.4,57.58 1 0
mcp-server-go-refactor/internal/modernizer/modernizer.go:61.2,61.19 1 1
mcp-server-go-refactor/internal/modernizer/modernizer.go:61.19,63.17 2 1
mcp-server-go-refactor/internal/modernizer/modernizer.go:63.17,67.4 3 0
mcp-server-go-refactor/internal/modernizer/modernizer.go:68.3,70.21 2 1
mcp-server-go-refactor/internal/modernizer/modernizer.go:70.21,71.31 1 0
mcp-server-go-refactor/internal/modernizer/modernizer.go:71.31,73.5 1 0
mcp-server-go-refactor/internal/modernizer/modernizer.go:74.4,75.63 2 0
mcp-server-go-refactor/internal/modernizer/modernizer.go:75.63,77.5 1 0
mcp-server-go-refactor/internal/modernizer/modernizer.go:78.4,82.121 3 0
mcp-server-go-refactor/internal/modernizer/modernizer.go:85.3,91.9 1 1
mcp-server-go-refactor/internal/modernizer/modernizer.go:94.2,95.16 2 1
mcp-server-go-refactor/internal/modernizer/modernizer.go:95.16,99.3 3 0
mcp-server-go-refactor/internal/modernizer/modernizer.go:101.2,102.23 2 1
mcp-server-go-refactor/internal/modernizer/modernizer.go:102.23,104.3 1 1
mcp-server-go-refactor/internal/modernizer/modernizer.go:106.2,106.20 1 1
mcp-server-go-refactor/internal/modernizer/modernizer.go:106.20,116.20 3 1
mcp-server-go-refactor/internal/modernizer/modernizer.go:116.20,118.4 1 1
mcp-server-go-refactor/internal/modernizer/modernizer.go:119.3,119.45 1 1
mcp-server-go-refactor/internal/modernizer/modernizer.go:119.45,121.4 1 1
mcp-server-go-refactor/internal/modernizer/modernizer.go:122.3,123.62 2 1
mcp-server-go-refactor/internal/modernizer/modernizer.go:123.62,125.4 1 1
mcp-server-go-refactor/internal/modernizer/modernizer.go:126.3,130.120 3 1
mcp-server-go-refactor/internal/modernizer/modernizer.go:133.2,139.8 1 1
mcp-server-go-refactor/internal/modernizer/modernizer.go:143.64,145.16 2 1
mcp-server-go-refactor/internal/modernizer/modernizer.go:145.16,147.3 1 0
mcp-server-go-refactor/internal/modernizer/modernizer.go:149.2,150.16 2 1
mcp-server-go-refactor/internal/modernizer/modernizer.go:150.16,152.3 1 0
mcp-server-go-refactor/internal/modernizer/modernizer.go:154.2,154.27 1 1
mcp-server-go-refactor/internal/modernizer/modernizer.go:154.27,155.38 1 1
mcp-server-go-refactor/internal/modernizer/modernizer.go:155.38,157.18 2 1
mcp-server-go-refactor/internal/modernizer/modernizer.go:157.18,158.13 1 0
mcp-server-go-refactor/internal/modernizer/modernizer.go:161.4,162.47 2 1
mcp-server-go-refactor/internal/modernizer/modernizer.go:162.47,164.83 1 1
mcp-server-go-refactor/internal/modernizer/modernizer.go:164.83,166.50 2 1
mcp-server-go-refactor/internal/modernizer/modernizer.go:166.50,170.7 2 1
mcp-server-go-refactor/internal/modernizer/modernizer.go:172.5,172.16 1 1
mcp-server-go-refactor/internal/modernizer/modernizer.go:175.4,175.16 1 1
mcp-server-go-refactor/internal/modernizer/modernizer.go:175.16,177.19 2 1
mcp-server-go-refactor/internal/modernizer/modernizer.go:177.19,179.6 1 0
mcp-server-go-refactor/internal/modernizer/modernizer.go:180.5,181.70 2 1
mcp-server-go-refactor/internal/modernizer/modernizer.go:181.70,183.6 1 0
mcp-server-go-refactor/internal/modernizer/modernizer.go:187.2,187.12 1 1
mcp-server-go-refactor/internal/modernizer/modernizer.go:200.70,202.16 2 1
mcp-server-go-refactor/internal/modernizer/modernizer.go:202.16,204.3 1 0
mcp-server-go-refactor/internal/modernizer/modernizer.go:206.2,207.27 2 1
mcp-server-go-refactor/internal/modernizer/modernizer.go:207.27,208.35 1 1
mcp-server-go-refactor/internal/modernizer/modernizer.go:208.35,209.44 1 1
mcp-server-go-refactor/internal/modernizer/modernizer.go:209.44,211.46 1 1
mcp-server-go-refactor/internal/modernizer/modernizer.go:211.46,213.6 1 1
mcp-server-go-refactor/internal/modernizer/modernizer.go:215.5,215.53 1 1
mcp-server-go-refactor/internal/modernizer/modernizer.go:215.53,217.6 1 1
mcp-server-go-refactor/internal/modernizer/modernizer.go:219.5,219.58 1 1
mcp-server-go-refactor/internal/modernizer/modernizer.go:219.58,221.6 1 0
mcp-server-go-refactor/internal/modernizer/modernizer.go:223.5,223.53 1 1
mcp-server-go-refactor/internal/modernizer/modernizer.go:223.53,225.6 1 0
mcp-server-go-refactor/internal/modernizer/modernizer.go:227.5,227.52 1 1
mcp-server-go-refactor/internal/modernizer/modernizer.go:227.52,229.6 1 0
mcp-server-go-refactor/internal/modernizer/modernizer.go:231.5,231.49 1 1
mcp-server-go-refactor/internal/modernizer/modernizer.go:231.49,233.6 1 1
mcp-server-go-refactor/internal/modernizer/modernizer.go:235.5,235.53 1 1
mcp-server-go-refactor/internal/modernizer/modernizer.go:235.53,237.6 1 1
mcp-server-go-refactor/internal/modernizer/modernizer.go:238.5,238.16 1 1
mcp-server-go-refactor/internal/modernizer/modernizer.go:242.2,242.22 1 1
mcp-server-go-refactor/internal/modernizer/modernizer.go:245.74,247.9 2 1
mcp-server-go-refactor/internal/modernizer/modernizer.go:247.9,249.3 1 1
mcp-server-go-refactor/internal/modernizer/modernizer.go:252.2,252.28 1 1
mcp-server-go-refactor/internal/modernizer/modernizer.go:252.28,254.3 1 1
mcp-server-go-refactor/internal/modernizer/modernizer.go:256.2,257.9 2 1
mcp-server-go-refactor/internal/modernizer/modernizer.go:257.9,259.3 1 1
mcp-server-go-refactor/internal/modernizer/modernizer.go:262.2,262.32 1 1
mcp-server-go-refactor/internal/modernizer/modernizer.go:262.32,264.3 1 1
mcp-server-go-refactor/internal/modernizer/modernizer.go:266.2,267.9 2 1
mcp-server-go-refactor/internal/modernizer/modernizer.go:267.9,269.3 1 1
mcp-server-go-refactor/internal/modernizer/modernizer.go:272.2,272.24 1 1
mcp-server-go-refactor/internal/modernizer/modernizer.go:272.24,274.3 1 0
mcp-server-go-refactor/internal/modernizer/modernizer.go:276.2,283.9 2 1
mcp-server-go-refactor/internal/modernizer/modernizer.go:286.57,288.9 2 1
mcp-server-go-refactor/internal/modernizer/modernizer.go:288.9,291.34 2 1
mcp-server-go-refactor/internal/modernizer/modernizer.go:291.34,293.4 1 1
mcp-server-go-refactor/internal/modernizer/modernizer.go:294.3,295.10 2 1
mcp-server-go-refactor/internal/modernizer/modernizer.go:295.10,297.4 1 0
mcp-server-go-refactor/internal/modernizer/modernizer.go:298.3,298.67 1 1
mcp-server-go-refactor/internal/modernizer/modernizer.go:298.67,300.4 1 1
mcp-server-go-refactor/internal/modernizer/modernizer.go:301.3,301.20 1 0
mcp-server-go-refactor/internal/modernizer/modernizer.go:304.2,305.9 2 0
mcp-server-go-refactor/internal/modernizer/modernizer.go:305.9,307.3 1 0
mcp-server-go-refactor/internal/modernizer/modernizer.go:308.2,308.66 1 0
mcp-server-go-refactor/internal/modernizer/modernizer.go:308.66,310.3 1 0
mcp-server-go-refactor/internal/modernizer/modernizer.go:311.2,311.19 1 0
mcp-server-go-refactor/internal/modernizer/modernizer.go:314.81,316.53 2 1
mcp-server-go-refactor/internal/modernizer/modernizer.go:316.53,318.3 1 1
mcp-server-go-refactor/internal/modernizer/modernizer.go:321.2,325.14 4 1
mcp-server-go-refactor/internal/modernizer/modernizer.go:326.30,328.96 1 1
mcp-server-go-refactor/internal/modernizer/modernizer.go:328.96,330.4 1 0
mcp-server-go-refactor/internal/modernizer/modernizer.go:331.3,332.39 2 1
mcp-server-go-refactor/internal/modernizer/modernizer.go:332.39,334.4 1 0
mcp-server-go-refactor/internal/modernizer/modernizer.go:335.3,336.112 2 1
mcp-server-go-refactor/internal/modernizer/modernizer.go:337.10,338.26 1 1
mcp-server-go-refactor/internal/modernizer/modernizer.go:341.2,348.9 2 1
mcp-server-go-refactor/internal/modernizer/modernizer.go:351.74,353.29 2 1
mcp-server-go-refactor/internal/modernizer/modernizer.go:353.29,355.3 1 1
mcp-server-go-refactor/internal/modernizer/modernizer.go:357.2,358.38 2 1
mcp-server-go-refactor/internal/modernizer/modernizer.go:358.38,361.19 3 1
mcp-server-go-refactor/internal/modernizer/modernizer.go:361.19,362.12 1 1
mcp-server-go-refactor/internal/modernizer/modernizer.go:365.3,365.49 1 1
mcp-server-go-refactor/internal/modernizer/modernizer.go:365.49,369.50 3 1
mcp-server-go-refactor/internal/modernizer/modernizer.go:369.50,370.73 1 1
mcp-server-go-refactor/internal/modernizer/modernizer.go:370.73,379.6 2 0
mcp-server-go-refactor/internal/modernizer/modernizer.go:383.2,383.17 1 1
mcp-server-go-refactor/internal/modernizer/modernizer.go:386.69,388.29 2 1
mcp-server-go-refactor/internal/modernizer/modernizer.go:388.29,390.3 1 1
mcp-server-go-refactor/internal/modernizer/modernizer.go:392.2,393.38 2 1
mcp-server-go-refactor/internal/modernizer/modernizer.go:393.38,396.19 3 1
mcp-server-go-refactor/internal/modernizer/modernizer.go:396.19,397.12 1 1
mcp-server-go-refactor/internal/modernizer/modernizer.go:400.3,401.39 2 1
mcp-server-go-refactor/internal/modernizer/modernizer.go:401.39,402.12 1 0
mcp-server-go-refactor/internal/modernizer/modernizer.go:405.3,406.39 2 1
mcp-server-go-refactor/internal/modernizer/modernizer.go:406.39,407.12 1 0
mcp-server-go-refactor/internal/modernizer/modernizer.go:409.3,413.51 3 1
mcp-server-go-refactor/internal/modernizer/modernizer.go:413.51,414.40 1 1
mcp-server-go-refactor/internal/modernizer/modernizer.go:414.40,415.49 1 0
mcp-server-go-refactor/internal/modernizer/modernizer.go:415.49,416.87 1 0
mcp-server-go-refactor/internal/modernizer/modernizer.go:416.87,417.28 1 0
mcp-server-go-refactor/internal/modernizer/modernizer.go:417.28,418.78 1 0
mcp-server-go-refactor/internal/modernizer/modernizer.go:418.78,419.71 1 0
mcp-server-go-refactor/internal/modernizer/modernizer.go:419.71,421.10 1 0
mcp-server-go-refactor/internal/modernizer/modernizer.go:427.4,427.15 1 1
mcp-server-go-refactor/internal/modernizer/modernizer.go:430.3,430.18 1 1
mcp-server-go-refactor/internal/modernizer/modernizer.go:430.18,439.4 2 0
mcp-server-go-refactor/internal/modernizer/modernizer.go:441.2,441.17 1 1
mcp-server-go-refactor/internal/modernizer/modernizer.go:444.80,446.33 2 1
mcp-server-go-refactor/internal/modernizer/modernizer.go:446.33,448.3 1 1
mcp-server-go-refactor/internal/modernizer/modernizer.go:450.2,450.43 1 0
mcp-server-go-refactor/internal/modernizer/modernizer.go:450.43,451.47 1 0
mcp-server-go-refactor/internal/modernizer/modernizer.go:451.47,452.34 1 0
mcp-server-go-refactor/internal/modernizer/modernizer.go:452.34,461.5 2 0
mcp-server-go-refactor/internal/modernizer/modernizer.go:464.2,464.25 1 0
mcp-server-go-refactor/internal/modernizer/modernizer.go:467.65,469.29 2 1
mcp-server-go-refactor/internal/modernizer/modernizer.go:469.29,471.3 1 1
mcp-server-go-refactor/internal/modernizer/modernizer.go:473.2,474.39 2 1
mcp-server-go-refactor/internal/modernizer/modernizer.go:474.39,475.73 1 1
mcp-server-go-refactor/internal/modernizer/modernizer.go:475.73,479.57 2 1
mcp-server-go-refactor/internal/modernizer/modernizer.go:479.57,480.96 1 0
mcp-server-go-refactor/internal/modernizer/modernizer.go:480.96,482.6 1 0
mcp-server-go-refactor/internal/modernizer/modernizer.go:483.10,483.51 1 1
mcp-server-go-refactor/internal/modernizer/modernizer.go:483.51,486.5 1 1
mcp-server-go-refactor/internal/modernizer/modernizer.go:488.4,488.21 1 1
mcp-server-go-refactor/internal/modernizer/modernizer.go:488.21,491.29 3 1
mcp-server-go-refactor/internal/modernizer/modernizer.go:491.29,493.6 1 1
mcp-server-go-refactor/internal/modernizer/modernizer.go:494.5,500.7 1 1
mcp-server-go-refactor/internal/modernizer/modernizer.go:504.2,504.17 1 1
mcp-server-go-refactor/internal/modernizer/modernizer.go:507.81,509.9 2 1
mcp-server-go-refactor/internal/modernizer/modernizer.go:509.9,511.3 1 1
mcp-server-go-refactor/internal/modernizer/modernizer.go:513.2,514.61 2 1
mcp-server-go-refactor/internal/modernizer/modernizer.go:514.61,516.3 1 1
mcp-server-go-refactor/internal/modernizer/modernizer.go:516.8,516.115 1 1
mcp-server-go-refactor/internal/modernizer/modernizer.go:516.115,518.3 1 1
mcp-server-go-refactor/internal/modernizer/modernizer.go:520.2,520.11 1 1
mcp-server-go-refactor/internal/modernizer/modernizer.go:520.11,529.3 2 1
mcp-server-go-refactor/internal/modernizer/modernizer.go:531.2,531.25 1 1
mcp-server-go-refactor/internal/graph/analyzer.go:21.30,23.2 1 1
mcp-server-go-refactor/internal/graph/analyzer.go:25.40,30.2 1 0
mcp-server-go-refactor/internal/graph/analyzer.go:33.35,35.2 1 0
mcp-server-go-refactor/internal/graph/analyzer.go:41.123,43.21 2 1
mcp-server-go-refactor/internal/graph/analyzer.go:43.21,47.98 2 1
mcp-server-go-refactor/internal/graph/analyzer.go:47.98,48.31 1 0
mcp-server-go-refactor/internal/graph/analyzer.go:48.31,50.5 1 0
mcp-server-go-refactor/internal/graph/analyzer.go:51.4,51.51 1 0
mcp-server-go-refactor/internal/graph/analyzer.go:55.2,56.16 2 1
mcp-server-go-refactor/internal/graph/analyzer.go:56.16,60.3 3 0
mcp-server-go-refactor/internal/graph/analyzer.go:61.2,62.21 2 1
mcp-server-go-refactor/internal/graph/analyzer.go:62.21,64.3 1 0
mcp-server-go-refactor/internal/graph/analyzer.go:66.2,66.20 1 1
mcp-server-go-refactor/internal/graph/analyzer.go:66.20,73.22 3 1
mcp-server-go-refactor/internal/graph/analyzer.go:73.22,75.4 1 1
mcp-server-go-refactor/internal/graph/analyzer.go:76.3,76.30 1 1
mcp-server-go-refactor/internal/graph/analyzer.go:76.30,78.4 1 0
mcp-server-go-refactor/internal/graph/analyzer.go:79.3,80.62 2 1
mcp-server-go-refactor/internal/graph/analyzer.go:80.62,82.4 1 0
mcp-server-go-refactor/internal/graph/analyzer.go:83.3,87.118 3 1
mcp-server-go-refactor/internal/graph/analyzer.go:90.2,96.8 1 1
mcp-server-go-refactor/internal/graph/analyzer.go:112.79,114.16 2 1
mcp-server-go-refactor/internal/graph/analyzer.go:114.16,116.3 1 0
mcp-server-go-refactor/internal/graph/analyzer.go:118.2,123.43 5 1
mcp-server-go-refactor/internal/graph/analyzer.go:123.43,124.41 1 1
mcp-server-go-refactor/internal/graph/analyzer.go:124.41,127.4 1 0
mcp-server-go-refactor/internal/graph/analyzer.go:128.3,128.25 1 1
mcp-server-go-refactor/internal/graph/analyzer.go:128.25,130.4 1 1
mcp-server-go-refactor/internal/graph/analyzer.go:132.3,136.33 4 1
mcp-server-go-refactor/internal/graph/analyzer.go:136.33,137.39 1 1
mcp-server-go-refactor/internal/graph/analyzer.go:137.39,139.5 1 0
mcp-server-go-refactor/internal/graph/analyzer.go:142.3,144.13 3 1
mcp-server-go-refactor/internal/graph/analyzer.go:147.2,147.25 1 1
mcp-server-go-refactor/internal/graph/analyzer.go:147.25,148.36 1 1
mcp-server-go-refactor/internal/graph/analyzer.go:148.36,150.4 1 0
mcp-server-go-refactor/internal/graph/analyzer.go:153.2,153.61 1 1
mcp-server-go-refactor/internal/graph/analyzer.go:157.87,163.2 1 1
