mode: set
mcp-server-magicskills/internal/config/config.go:17.30,20.16 3 1
mcp-server-magicskills/internal/config/config.go:20.16,23.3 1 0
mcp-server-magicskills/internal/config/config.go:25.2,25.54 1 1
mcp-server-magicskills/internal/config/config.go:25.54,27.3 1 0
mcp-server-magicskills/internal/config/config.go:29.2,41.31 2 1
mcp-server-magicskills/internal/config/config.go:41.31,42.14 1 1
mcp-server-magicskills/internal/config/config.go:42.14,43.12 1 0
mcp-server-magicskills/internal/config/config.go:45.3,45.58 1 1
mcp-server-magicskills/internal/config/config.go:45.58,47.4 1 1
mcp-server-magicskills/internal/config/config.go:51.2,53.26 3 1
mcp-server-magicskills/internal/config/config.go:53.26,55.17 2 1
mcp-server-magicskills/internal/config/config.go:55.17,57.4 1 0
mcp-server-magicskills/internal/config/config.go:58.3,59.30 2 1
mcp-server-magicskills/internal/config/config.go:59.30,62.4 2 1
mcp-server-magicskills/internal/config/config.go:64.2,64.15 1 1
mcp-server-magicskills/internal/config/config.go:68.32,70.15 2 1
mcp-server-magicskills/internal/config/config.go:70.15,72.3 1 1
mcp-server-magicskills/internal/config/config.go:74.2,76.24 3 0
mcp-server-magicskills/internal/config/config.go:76.24,78.14 2 0
mcp-server-magicskills/internal/config/config.go:78.14,80.4 1 0
mcp-server-magicskills/internal/config/config.go:82.2,82.16 1 0
mcp-server-magicskills/internal/config/config.go:86.30,87.58 1 1
mcp-server-magicskills/internal/config/config.go:87.58,89.3 1 0
mcp-server-magicskills/internal/config/config.go:90.2,91.16 2 1
mcp-server-magicskills/internal/config/config.go:91.16,93.3 1 0
mcp-server-magicskills/internal/config/config.go:94.2,94.59 1 1
mcp-server-magicskills/internal/config/config.go:98.39,99.67 1 1
mcp-server-magicskills/internal/config/config.go:99.67,101.3 1 0
mcp-server-magicskills/internal/config/config.go:102.2,102.54 1 1
mcp-server-magicskills/internal/engine/engine.go:36.19,40.4 3 1
mcp-server-magicskills/internal/engine/engine.go:54.34,59.2 4 1
mcp-server-magicskills/internal/engine/engine.go:61.35,62.17 1 0
mcp-server-magicskills/internal/engine/engine.go:62.17,64.3 1 0
mcp-server-magicskills/internal/engine/engine.go:65.2,65.17 1 0
mcp-server-magicskills/internal/engine/engine.go:65.17,67.3 1 0
mcp-server-magicskills/internal/engine/engine.go:68.2,69.24 2 0
mcp-server-magicskills/internal/engine/engine.go:69.24,72.3 2 0
mcp-server-magicskills/internal/engine/engine.go:73.2,73.31 1 0
mcp-server-magicskills/internal/engine/engine.go:73.31,75.3 1 0
mcp-server-magicskills/internal/engine/engine.go:76.2,76.31 1 0
mcp-server-magicskills/internal/engine/engine.go:76.31,77.32 1 0
mcp-server-magicskills/internal/engine/engine.go:77.32,79.24 2 0
mcp-server-magicskills/internal/engine/engine.go:79.24,81.5 1 0
mcp-server-magicskills/internal/engine/engine.go:82.4,83.30 2 0
mcp-server-magicskills/internal/engine/engine.go:83.30,85.5 1 0
mcp-server-magicskills/internal/engine/engine.go:86.4,86.35 1 0
mcp-server-magicskills/internal/engine/engine.go:86.35,88.5 1 0
mcp-server-magicskills/internal/engine/engine.go:89.4,89.22 1 0
mcp-server-magicskills/internal/engine/engine.go:92.2,92.31 1 0
mcp-server-magicskills/internal/engine/engine.go:95.42,115.2 16 1
mcp-server-magicskills/internal/engine/engine.go:117.71,119.45 2 1
mcp-server-magicskills/internal/engine/engine.go:119.45,121.3 1 1
mcp-server-magicskills/internal/engine/engine.go:122.2,122.16 1 1
mcp-server-magicskills/internal/engine/engine.go:122.16,124.3 1 0
mcp-server-magicskills/internal/engine/engine.go:125.2,131.8 1 1
mcp-server-magicskills/internal/engine/engine.go:135.59,139.2 3 0
mcp-server-magicskills/internal/engine/engine.go:142.73,146.45 4 0
mcp-server-magicskills/internal/engine/engine.go:146.45,148.3 1 0
mcp-server-magicskills/internal/engine/engine.go:149.2,149.11 1 0
mcp-server-magicskills/internal/engine/engine.go:153.84,160.6 4 0
mcp-server-magicskills/internal/engine/engine.go:160.6,161.10 1 0
mcp-server-magicskills/internal/engine/engine.go:162.21,163.10 1 0
mcp-server-magicskills/internal/engine/engine.go:164.19,165.21 1 0
mcp-server-magicskills/internal/engine/engine.go:170.34,173.29 3 0
mcp-server-magicskills/internal/engine/engine.go:173.29,175.3 1 0
mcp-server-magicskills/internal/engine/engine.go:176.2,179.29 3 0
mcp-server-magicskills/internal/engine/engine.go:179.29,181.40 2 0
mcp-server-magicskills/internal/engine/engine.go:181.40,183.4 1 0
mcp-server-magicskills/internal/engine/engine.go:186.2,188.15 3 0
mcp-server-magicskills/internal/engine/engine.go:192.45,198.2 5 0
mcp-server-magicskills/internal/engine/engine.go:201.68,209.29 4 1
mcp-server-magicskills/internal/engine/engine.go:209.29,211.21 2 1
mcp-server-magicskills/internal/engine/engine.go:211.21,213.18 2 1
mcp-server-magicskills/internal/engine/engine.go:213.18,216.5 2 0
mcp-server-magicskills/internal/engine/engine.go:217.4,218.18 2 1
mcp-server-magicskills/internal/engine/engine.go:218.18,221.5 2 0
mcp-server-magicskills/internal/engine/engine.go:223.4,223.11 1 1
mcp-server-magicskills/internal/engine/engine.go:224.23,225.22 1 0
mcp-server-magicskills/internal/engine/engine.go:226.12,226.12 0 1
mcp-server-magicskills/internal/engine/engine.go:229.4,237.14 8 1
mcp-server-magicskills/internal/engine/engine.go:241.2,241.33 1 1
mcp-server-magicskills/internal/engine/engine.go:241.33,243.3 1 0
mcp-server-magicskills/internal/engine/engine.go:245.2,246.29 2 1
mcp-server-magicskills/internal/engine/engine.go:246.29,247.32 1 1
mcp-server-magicskills/internal/engine/engine.go:247.32,249.4 1 1
mcp-server-magicskills/internal/engine/engine.go:252.2,257.28 6 1
mcp-server-magicskills/internal/engine/engine.go:257.28,267.3 3 1
mcp-server-magicskills/internal/engine/engine.go:268.2,268.45 1 1
mcp-server-magicskills/internal/engine/engine.go:268.45,270.3 1 0
mcp-server-magicskills/internal/engine/engine.go:271.2,271.12 1 1
mcp-server-magicskills/internal/engine/engine.go:274.71,276.16 2 1
mcp-server-magicskills/internal/engine/engine.go:276.16,279.3 2 1
mcp-server-magicskills/internal/engine/engine.go:281.2,285.94 4 1
mcp-server-magicskills/internal/engine/engine.go:285.94,287.3 1 0
mcp-server-magicskills/internal/engine/engine.go:289.2,290.16 2 1
mcp-server-magicskills/internal/engine/engine.go:290.16,293.3 2 1
mcp-server-magicskills/internal/engine/engine.go:294.2,311.16 10 1
mcp-server-magicskills/internal/engine/engine.go:311.16,313.3 1 0
mcp-server-magicskills/internal/engine/engine.go:314.2,314.12 1 1
mcp-server-magicskills/internal/engine/engine.go:317.59,321.40 3 1
mcp-server-magicskills/internal/engine/engine.go:321.40,324.46 3 1
mcp-server-magicskills/internal/engine/engine.go:324.46,326.4 1 0
mcp-server-magicskills/internal/engine/engine.go:331.89,366.16 10 0
mcp-server-magicskills/internal/engine/engine.go:366.16,368.3 1 0
mcp-server-magicskills/internal/engine/engine.go:371.62,377.8 5 1
mcp-server-magicskills/internal/engine/engine.go:377.8,379.3 1 1
mcp-server-magicskills/internal/engine/engine.go:381.2,384.37 4 1
mcp-server-magicskills/internal/engine/engine.go:384.37,385.47 1 0
mcp-server-magicskills/internal/engine/engine.go:385.47,387.4 1 0
mcp-server-magicskills/internal/engine/engine.go:389.2,389.19 1 1
mcp-server-magicskills/internal/engine/engine.go:392.35,396.2 3 0
mcp-server-magicskills/internal/engine/engine.go:398.54,399.46 1 1
mcp-server-magicskills/internal/engine/engine.go:399.46,402.30 3 1
mcp-server-magicskills/internal/engine/engine.go:402.30,403.17 1 1
mcp-server-magicskills/internal/engine/engine.go:403.17,405.5 1 0
mcp-server-magicskills/internal/engine/engine.go:416.103,417.18 1 1
mcp-server-magicskills/internal/engine/engine.go:417.18,419.3 1 0
mcp-server-magicskills/internal/engine/engine.go:421.2,425.46 4 1
mcp-server-magicskills/internal/engine/engine.go:425.46,427.3 1 0
mcp-server-magicskills/internal/engine/engine.go:429.2,447.26 14 1
mcp-server-magicskills/internal/engine/engine.go:447.26,451.3 3 0
mcp-server-magicskills/internal/engine/engine.go:453.2,455.38 3 1
mcp-server-magicskills/internal/engine/engine.go:455.38,457.3 1 0
mcp-server-magicskills/internal/engine/engine.go:459.2,460.19 2 1
mcp-server-magicskills/internal/engine/engine.go:460.19,462.3 1 0
mcp-server-magicskills/internal/engine/engine.go:464.2,468.29 4 1
mcp-server-magicskills/internal/engine/engine.go:468.29,470.10 2 1
mcp-server-magicskills/internal/engine/engine.go:470.10,471.12 1 0
mcp-server-magicskills/internal/engine/engine.go:474.3,477.40 3 1
mcp-server-magicskills/internal/engine/engine.go:477.40,479.4 1 0
mcp-server-magicskills/internal/engine/engine.go:481.3,481.70 1 1
mcp-server-magicskills/internal/engine/engine.go:484.2,484.54 1 1
mcp-server-magicskills/internal/engine/engine.go:484.54,485.24 1 1
mcp-server-magicskills/internal/engine/engine.go:485.24,487.4 1 1
mcp-server-magicskills/internal/engine/engine.go:488.3,488.24 1 0
mcp-server-magicskills/internal/engine/engine.go:488.24,490.4 1 0
mcp-server-magicskills/internal/engine/engine.go:491.3,491.11 1 0
mcp-server-magicskills/internal/engine/engine.go:494.2,495.26 2 1
mcp-server-magicskills/internal/engine/engine.go:495.26,497.3 1 1
mcp-server-magicskills/internal/engine/engine.go:499.2,500.29 2 1
mcp-server-magicskills/internal/engine/engine.go:500.29,502.3 1 1
mcp-server-magicskills/internal/engine/engine.go:503.2,503.15 1 1
mcp-server-magicskills/internal/engine/engine.go:506.77,512.9 5 1
mcp-server-magicskills/internal/engine/engine.go:512.9,514.3 1 0
mcp-server-magicskills/internal/engine/engine.go:516.2,516.74 1 1
mcp-server-magicskills/internal/engine/engine.go:516.74,517.37 1 1
mcp-server-magicskills/internal/engine/engine.go:517.37,519.4 1 1
mcp-server-magicskills/internal/engine/engine.go:522.2,523.21 2 1
mcp-server-magicskills/internal/engine/engine.go:523.21,525.3 1 0
mcp-server-magicskills/internal/engine/engine.go:526.2,526.19 1 1
mcp-server-magicskills/internal/engine/engine.go:529.70,531.20 2 1
mcp-server-magicskills/internal/engine/engine.go:531.20,533.3 1 1
mcp-server-magicskills/internal/engine/engine.go:535.2,536.64 2 1
mcp-server-magicskills/internal/engine/engine.go:536.64,538.3 1 0
mcp-server-magicskills/internal/engine/engine.go:540.2,540.21 1 1
mcp-server-magicskills/internal/engine/engine.go:540.21,542.3 1 0
mcp-server-magicskills/internal/engine/engine.go:544.2,554.8 4 1
mcp-server-magicskills/internal/engine/engine.go:557.43,560.26 3 1
mcp-server-magicskills/internal/engine/engine.go:560.26,562.3 1 1
mcp-server-magicskills/internal/engine/engine.go:563.2,563.15 1 1
mcp-server-magicskills/internal/engine/engine.go:566.38,570.2 3 1
mcp-server-magicskills/internal/engine/engine.go:572.45,574.15 2 1
mcp-server-magicskills/internal/engine/engine.go:574.15,577.3 2 1
mcp-server-magicskills/internal/engine/engine.go:579.2,580.34 2 1
mcp-server-magicskills/internal/engine/engine.go:580.34,582.3 1 1
mcp-server-magicskills/internal/engine/engine.go:584.2,591.42 2 1
mcp-server-magicskills/internal/engine/engine.go:591.42,593.31 2 1
mcp-server-magicskills/internal/engine/engine.go:593.31,594.35 1 1
mcp-server-magicskills/internal/engine/engine.go:594.35,596.10 2 1
mcp-server-magicskills/internal/engine/engine.go:600.3,600.20 1 1
mcp-server-magicskills/internal/engine/engine.go:600.20,603.4 2 1
mcp-server-magicskills/internal/engine/engine.go:606.2,606.38 1 1
mcp-server-magicskills/internal/engine/engine.go:609.34,619.29 4 1
mcp-server-magicskills/internal/engine/engine.go:619.29,621.20 2 1
mcp-server-magicskills/internal/engine/engine.go:621.20,622.12 1 0
mcp-server-magicskills/internal/engine/engine.go:625.3,626.29 2 1
mcp-server-magicskills/internal/engine/engine.go:626.29,628.4 1 1
mcp-server-magicskills/internal/engine/engine.go:630.3,635.20 5 1
mcp-server-magicskills/internal/engine/engine.go:635.20,636.12 1 0
mcp-server-magicskills/internal/engine/engine.go:639.3,643.20 4 1
mcp-server-magicskills/internal/engine/engine.go:643.20,645.4 1 1
mcp-server-magicskills/internal/engine/engine.go:647.3,647.33 1 1
mcp-server-magicskills/internal/engine/engine.go:650.2,650.34 1 1
mcp-server-magicskills/internal/engine/engine.go:653.54,657.23 3 1
mcp-server-magicskills/internal/engine/engine.go:657.23,659.3 1 0
mcp-server-magicskills/internal/engine/engine.go:661.2,661.30 1 1
mcp-server-magicskills/internal/engine/engine.go:661.30,665.25 4 1
mcp-server-magicskills/internal/engine/engine.go:665.25,667.4 1 1
mcp-server-magicskills/internal/engine/engine.go:668.3,668.75 1 1
mcp-server-magicskills/internal/engine/engine.go:671.2,671.17 1 1
mcp-server-magicskills/internal/handler/handler.go:29.57,35.16 5 1
mcp-server-magicskills/internal/handler/handler.go:35.16,37.3 1 0
mcp-server-magicskills/internal/handler/handler.go:38.2,40.35 2 1
mcp-server-magicskills/internal/handler/handler.go:40.35,43.63 3 1
mcp-server-magicskills/internal/handler/handler.go:43.63,45.4 1 1
mcp-server-magicskills/internal/handler/handler.go:46.3,50.17 5 1
mcp-server-magicskills/internal/handler/handler.go:50.17,52.4 1 0
mcp-server-magicskills/internal/handler/handler.go:54.2,54.15 1 1
mcp-server-magicskills/internal/handler/handler.go:57.38,61.2 3 1
mcp-server-magicskills/internal/handler/handler.go:70.137,71.28 1 1
mcp-server-magicskills/internal/handler/handler.go:72.30,79.39 6 0
mcp-server-magicskills/internal/handler/handler.go:79.39,81.4 1 0
mcp-server-magicskills/internal/handler/handler.go:83.3,91.9 1 0
mcp-server-magicskills/internal/handler/handler.go:92.28,101.9 1 1
mcp-server-magicskills/internal/handler/handler.go:102.10,103.60 1 0
mcp-server-magicskills/internal/handler/handler.go:108.63,122.2 2 0
mcp-server-magicskills/internal/handler/bootstrap/tools.go:20.39,20.73 1 1
mcp-server-magicskills/internal/handler/bootstrap/tools.go:26.49,31.2 1 1
mcp-server-magicskills/internal/handler/bootstrap/tools.go:34.139,35.22 1 1
mcp-server-magicskills/internal/handler/bootstrap/tools.go:35.22,39.3 3 1
mcp-server-magicskills/internal/handler/bootstrap/tools.go:41.2,42.9 2 1
mcp-server-magicskills/internal/handler/bootstrap/tools.go:42.9,46.3 3 0
mcp-server-magicskills/internal/handler/bootstrap/tools.go:48.2,49.9 2 1
mcp-server-magicskills/internal/handler/bootstrap/tools.go:49.9,51.3 1 0
mcp-server-magicskills/internal/handler/bootstrap/tools.go:53.2,54.8 2 1
mcp-server-magicskills/internal/handler/bootstrap/tools.go:54.8,56.27 2 1
mcp-server-magicskills/internal/handler/bootstrap/tools.go:56.27,58.76 2 1
mcp-server-magicskills/internal/handler/bootstrap/tools.go:58.76,60.5 1 1
mcp-server-magicskills/internal/handler/bootstrap/tools.go:60.10,60.52 1 0
mcp-server-magicskills/internal/handler/bootstrap/tools.go:60.52,62.5 1 0
mcp-server-magicskills/internal/handler/bootstrap/tools.go:66.2,67.21 2 1
mcp-server-magicskills/internal/handler/bootstrap/tools.go:67.21,69.3 1 0
mcp-server-magicskills/internal/handler/bootstrap/tools.go:71.2,83.8 2 1
mcp-server-magicskills/internal/handler/bootstrap/tools.go:88.35,90.2 1 1
mcp-server-magicskills/internal/external/mcpclient.go:27.42,32.2 1 1
mcp-server-magicskills/internal/external/mcpclient.go:35.42,39.2 3 1
mcp-server-magicskills/internal/external/mcpclient.go:41.52,45.2 3 1
mcp-server-magicskills/internal/external/mcpclient.go:51.48,65.16 4 1
mcp-server-magicskills/internal/external/mcpclient.go:65.16,69.3 3 1
mcp-server-magicskills/internal/external/mcpclient.go:71.2,79.39 6 0
mcp-server-magicskills/internal/external/mcpclient.go:79.39,81.3 1 0
mcp-server-magicskills/internal/external/mcpclient.go:82.2,82.27 1 0
mcp-server-magicskills/internal/external/mcpclient.go:87.117,88.24 1 1
mcp-server-magicskills/internal/external/mcpclient.go:88.24,90.3 1 1
mcp-server-magicskills/internal/external/mcpclient.go:92.2,96.20 4 1
mcp-server-magicskills/internal/external/mcpclient.go:96.20,98.3 1 1
mcp-server-magicskills/internal/external/mcpclient.go:100.2,104.16 2 0
mcp-server-magicskills/internal/external/mcpclient.go:104.16,107.3 2 0
mcp-server-magicskills/internal/external/mcpclient.go:110.2,110.37 1 0
mcp-server-magicskills/internal/external/mcpclient.go:110.37,111.70 1 0
mcp-server-magicskills/internal/external/mcpclient.go:111.70,112.42 1 0
mcp-server-magicskills/internal/external/mcpclient.go:112.42,115.5 2 0
mcp-server-magicskills/internal/external/mcpclient.go:116.4,117.20 2 0
mcp-server-magicskills/internal/external/mcpclient.go:122.2,122.41 1 0
mcp-server-magicskills/internal/external/mcpclient.go:122.41,123.64 1 0
mcp-server-magicskills/internal/external/mcpclient.go:123.64,126.4 2 0
mcp-server-magicskills/internal/external/mcpclient.go:129.2,129.11 1 0
mcp-server-magicskills/internal/external/mcpclient.go:133.78,134.24 1 1
mcp-server-magicskills/internal/external/mcpclient.go:134.24,136.3 1 1
mcp-server-magicskills/internal/external/mcpclient.go:138.2,142.20 4 1
mcp-server-magicskills/internal/external/mcpclient.go:142.20,144.3 1 1
mcp-server-magicskills/internal/external/mcpclient.go:146.2,153.16 2 0
mcp-server-magicskills/internal/external/mcpclient.go:153.16,156.3 2 0
mcp-server-magicskills/internal/external/mcpclient.go:158.2,158.19 1 0
mcp-server-magicskills/internal/external/mcpclient.go:158.19,160.3 1 0
mcp-server-magicskills/internal/external/mcpclient.go:163.2,163.37 1 0
mcp-server-magicskills/internal/external/mcpclient.go:163.37,164.70 1 0
mcp-server-magicskills/internal/external/mcpclient.go:164.70,165.59 1 0
mcp-server-magicskills/internal/external/mcpclient.go:165.59,166.79 1 0
mcp-server-magicskills/internal/external/mcpclient.go:166.79,168.36 2 0
mcp-server-magicskills/internal/external/mcpclient.go:168.36,169.59 1 0
mcp-server-magicskills/internal/external/mcpclient.go:169.59,170.68 1 0
mcp-server-magicskills/internal/external/mcpclient.go:170.68,171.55 1 0
mcp-server-magicskills/internal/external/mcpclient.go:171.55,173.10 1 0
mcp-server-magicskills/internal/external/mcpclient.go:177.6,177.24 1 0
mcp-server-magicskills/internal/external/mcpclient.go:184.2,184.41 1 0
mcp-server-magicskills/internal/external/mcpclient.go:184.41,185.64 1 0
mcp-server-magicskills/internal/external/mcpclient.go:185.64,187.4 1 0
mcp-server-magicskills/internal/external/mcpclient.go:190.2,190.11 1 0
mcp-server-magicskills/internal/handler/discovery/tools.go:19.34,19.63 1 1
mcp-server-magicskills/internal/handler/discovery/tools.go:21.44,26.2 1 1
mcp-server-magicskills/internal/handler/discovery/tools.go:28.128,30.42 2 1
mcp-server-magicskills/internal/handler/discovery/tools.go:30.42,36.3 1 0
mcp-server-magicskills/internal/handler/discovery/tools.go:38.2,47.8 2 1
mcp-server-magicskills/internal/handler/discovery/tools.go:55.35,55.65 1 1
mcp-server-magicskills/internal/handler/discovery/tools.go:62.45,67.2 1 1
mcp-server-magicskills/internal/handler/discovery/tools.go:69.131,70.24 1 1
mcp-server-magicskills/internal/handler/discovery/tools.go:70.24,74.3 3 0
mcp-server-magicskills/internal/handler/discovery/tools.go:76.2,78.22 3 1
mcp-server-magicskills/internal/handler/discovery/tools.go:78.22,80.3 1 0
mcp-server-magicskills/internal/handler/discovery/tools.go:82.2,83.28 2 1
mcp-server-magicskills/internal/handler/discovery/tools.go:83.28,90.3 1 0
mcp-server-magicskills/internal/handler/discovery/tools.go:92.2,101.8 1 1
mcp-server-magicskills/internal/handler/discovery/tools.go:106.35,109.2 2 1
mcp-server-magicskills/internal/handler/execution/tools.go:19.39,19.78 1 1
mcp-server-magicskills/internal/handler/execution/tools.go:25.49,30.2 1 0
mcp-server-magicskills/internal/handler/execution/tools.go:32.139,33.24 1 1
mcp-server-magicskills/internal/handler/execution/tools.go:33.24,37.3 3 1
mcp-server-magicskills/internal/handler/execution/tools.go:40.2,43.38 4 1
mcp-server-magicskills/internal/handler/execution/tools.go:43.38,45.30 2 1
mcp-server-magicskills/internal/handler/execution/tools.go:45.30,47.28 2 1
mcp-server-magicskills/internal/handler/execution/tools.go:47.28,48.35 1 1
mcp-server-magicskills/internal/handler/execution/tools.go:48.35,50.6 1 1
mcp-server-magicskills/internal/handler/execution/tools.go:53.3,53.19 1 1
mcp-server-magicskills/internal/handler/execution/tools.go:56.2,59.34 3 1
mcp-server-magicskills/internal/handler/execution/tools.go:59.34,61.23 2 1
mcp-server-magicskills/internal/handler/execution/tools.go:61.23,63.39 2 1
mcp-server-magicskills/internal/handler/execution/tools.go:63.39,70.5 2 1
mcp-server-magicskills/internal/handler/execution/tools.go:75.2,75.21 1 1
mcp-server-magicskills/internal/handler/execution/tools.go:75.21,77.29 2 0
mcp-server-magicskills/internal/handler/execution/tools.go:77.29,83.4 1 0
mcp-server-magicskills/internal/handler/execution/tools.go:86.2,98.8 2 1
mcp-server-magicskills/internal/handler/execution/tools.go:106.38,106.78 1 1
mcp-server-magicskills/internal/handler/execution/tools.go:113.48,118.2 1 0
mcp-server-magicskills/internal/handler/execution/tools.go:120.137,121.27 1 1
mcp-server-magicskills/internal/handler/execution/tools.go:121.27,125.3 3 1
mcp-server-magicskills/internal/handler/execution/tools.go:127.2,128.16 2 1
mcp-server-magicskills/internal/handler/execution/tools.go:128.16,132.3 3 0
mcp-server-magicskills/internal/handler/execution/tools.go:134.2,135.16 2 1
mcp-server-magicskills/internal/handler/execution/tools.go:135.16,139.3 3 0
mcp-server-magicskills/internal/handler/execution/tools.go:141.2,142.20 2 1
mcp-server-magicskills/internal/handler/execution/tools.go:142.20,144.3 1 0
mcp-server-magicskills/internal/handler/execution/tools.go:146.2,156.8 1 1
mcp-server-magicskills/internal/handler/execution/tools.go:160.35,163.2 2 1
mcp-server-magicskills/internal/handler/retrieval/tools.go:21.33,21.61 1 1
mcp-server-magicskills/internal/handler/retrieval/tools.go:29.43,34.2 1 1
mcp-server-magicskills/internal/handler/retrieval/tools.go:36.127,37.22 1 1
mcp-server-magicskills/internal/handler/retrieval/tools.go:37.22,41.3 3 1
mcp-server-magicskills/internal/handler/retrieval/tools.go:43.2,44.9 2 1
mcp-server-magicskills/internal/handler/retrieval/tools.go:44.9,48.3 3 1
mcp-server-magicskills/internal/handler/retrieval/tools.go:50.2,50.57 1 1
mcp-server-magicskills/internal/handler/retrieval/tools.go:50.57,53.38 3 0
mcp-server-magicskills/internal/handler/retrieval/tools.go:53.38,55.4 1 0
mcp-server-magicskills/internal/handler/retrieval/tools.go:56.3,56.38 1 0
mcp-server-magicskills/internal/handler/retrieval/tools.go:56.38,58.4 1 0
mcp-server-magicskills/internal/handler/retrieval/tools.go:59.3,59.55 1 0
mcp-server-magicskills/internal/handler/retrieval/tools.go:59.55,60.42 1 0
mcp-server-magicskills/internal/handler/retrieval/tools.go:60.42,64.5 3 0
mcp-server-magicskills/internal/handler/retrieval/tools.go:68.2,80.19 5 1
mcp-server-magicskills/internal/handler/retrieval/tools.go:80.19,82.3 1 1
mcp-server-magicskills/internal/handler/retrieval/tools.go:84.2,90.8 1 1
mcp-server-magicskills/internal/handler/retrieval/tools.go:94.35,96.2 1 1
mcp-server-magicskills/internal/registry/registry.go:27.30,31.2 1 1
mcp-server-magicskills/internal/registry/registry.go:34.40,38.2 3 1
mcp-server-magicskills/internal/registry/registry.go:41.50,46.2 4 0
mcp-server-magicskills/internal/registry/registry.go:49.34,53.28 4 1
mcp-server-magicskills/internal/registry/registry.go:53.28,55.3 1 1
mcp-server-magicskills/internal/registry/registry.go:56.2,56.13 1 1
mcp-server-magicskills/internal/handler/system/tools.go:24.42,24.80 1 1
mcp-server-magicskills/internal/handler/system/tools.go:30.52,35.2 1 1
mcp-server-magicskills/internal/handler/system/tools.go:37.145,38.22 1 1
mcp-server-magicskills/internal/handler/system/tools.go:38.22,42.3 3 1
mcp-server-magicskills/internal/handler/system/tools.go:44.2,45.9 2 0
mcp-server-magicskills/internal/handler/system/tools.go:45.9,49.3 3 0
mcp-server-magicskills/internal/handler/system/tools.go:51.2,53.50 3 0
mcp-server-magicskills/internal/handler/system/tools.go:53.50,54.47 1 0
mcp-server-magicskills/internal/handler/system/tools.go:54.47,56.4 1 0
mcp-server-magicskills/internal/handler/system/tools.go:56.9,58.4 1 0
mcp-server-magicskills/internal/handler/system/tools.go:61.2,62.22 2 0
mcp-server-magicskills/internal/handler/system/tools.go:62.22,64.3 1 0
mcp-server-magicskills/internal/handler/system/tools.go:64.8,64.50 1 0
mcp-server-magicskills/internal/handler/system/tools.go:64.50,66.3 1 0
mcp-server-magicskills/internal/handler/system/tools.go:68.2,78.8 1 0
mcp-server-magicskills/internal/handler/system/tools.go:87.37,87.70 1 1
mcp-server-magicskills/internal/handler/system/tools.go:93.47,98.2 1 1
mcp-server-magicskills/internal/handler/system/tools.go:100.135,101.66 1 1
mcp-server-magicskills/internal/handler/system/tools.go:101.66,104.17 3 1
mcp-server-magicskills/internal/handler/system/tools.go:104.17,109.4 4 0
mcp-server-magicskills/internal/handler/system/tools.go:110.3,110.53 1 1
mcp-server-magicskills/internal/handler/system/tools.go:110.53,115.4 4 0
mcp-server-magicskills/internal/handler/system/tools.go:116.3,123.9 2 1
mcp-server-magicskills/internal/handler/system/tools.go:125.2,127.22 3 0
mcp-server-magicskills/internal/handler/system/tools.go:135.45,135.75 1 1
mcp-server-magicskills/internal/handler/system/tools.go:141.55,146.2 1 1
mcp-server-magicskills/internal/handler/system/tools.go:148.134,150.24 2 1
mcp-server-magicskills/internal/handler/system/tools.go:150.24,152.3 1 1
mcp-server-magicskills/internal/handler/system/tools.go:154.2,156.27 3 1
mcp-server-magicskills/internal/handler/system/tools.go:156.27,158.3 1 0
mcp-server-magicskills/internal/handler/system/tools.go:160.2,162.13 1 0
mcp-server-magicskills/internal/handler/system/tools.go:170.36,170.67 1 1
mcp-server-magicskills/internal/handler/system/tools.go:174.46,179.2 1 0
mcp-server-magicskills/internal/handler/system/tools.go:181.121,185.21 3 1
mcp-server-magicskills/internal/handler/system/tools.go:185.21,187.3 1 0
mcp-server-magicskills/internal/handler/system/tools.go:189.2,197.8 1 1
mcp-server-magicskills/internal/handler/system/tools.go:201.80,206.2 4 1
mcp-server-magicskills/internal/scanner/scanner.go:25.51,27.16 2 1
mcp-server-magicskills/internal/scanner/scanner.go:27.16,29.3 1 0
mcp-server-magicskills/internal/scanner/scanner.go:30.2,33.8 1 1
mcp-server-magicskills/internal/scanner/scanner.go:37.40,40.16 3 1
mcp-server-magicskills/internal/scanner/scanner.go:40.16,42.3 1 0
mcp-server-magicskills/internal/scanner/scanner.go:44.2,45.6 2 1
mcp-server-magicskills/internal/scanner/scanner.go:45.6,46.180 1 1
mcp-server-magicskills/internal/scanner/scanner.go:46.180,48.64 2 1
mcp-server-magicskills/internal/scanner/scanner.go:48.64,49.33 1 1
mcp-server-magicskills/internal/scanner/scanner.go:49.33,51.6 1 1
mcp-server-magicskills/internal/scanner/scanner.go:55.3,56.26 2 1
mcp-server-magicskills/internal/scanner/scanner.go:56.26,57.9 1 1
mcp-server-magicskills/internal/scanner/scanner.go:59.3,59.21 1 1
mcp-server-magicskills/internal/scanner/scanner.go:61.2,61.14 1 1
mcp-server-magicskills/internal/scanner/scanner.go:64.48,65.29 1 1
mcp-server-magicskills/internal/scanner/scanner.go:65.29,66.18 1 1
mcp-server-magicskills/internal/scanner/scanner.go:66.18,68.4 1 1
mcp-server-magicskills/internal/scanner/scanner.go:70.2,70.14 1 1
mcp-server-magicskills/internal/scanner/scanner.go:74.67,81.31 3 1
mcp-server-magicskills/internal/scanner/scanner.go:81.31,82.17 1 1
mcp-server-magicskills/internal/scanner/scanner.go:82.17,83.12 1 0
mcp-server-magicskills/internal/scanner/scanner.go:86.3,87.21 2 1
mcp-server-magicskills/internal/scanner/scanner.go:87.21,88.81 1 1
mcp-server-magicskills/internal/scanner/scanner.go:88.81,89.19 1 1
mcp-server-magicskills/internal/scanner/scanner.go:89.19,91.6 1 0
mcp-server-magicskills/internal/scanner/scanner.go:93.5,93.12 1 1
mcp-server-magicskills/internal/scanner/scanner.go:94.24,95.23 1 0
mcp-server-magicskills/internal/scanner/scanner.go:96.13,96.13 0 1
mcp-server-magicskills/internal/scanner/scanner.go:99.5,100.19 2 1
mcp-server-magicskills/internal/scanner/scanner.go:100.19,102.6 1 0
mcp-server-magicskills/internal/scanner/scanner.go:103.5,103.57 1 1
mcp-server-magicskills/internal/scanner/scanner.go:103.57,105.6 1 0
mcp-server-magicskills/internal/scanner/scanner.go:107.5,107.45 1 1
mcp-server-magicskills/internal/scanner/scanner.go:107.45,111.62 4 1
mcp-server-magicskills/internal/scanner/scanner.go:111.62,113.7 1 0
mcp-server-magicskills/internal/scanner/scanner.go:115.5,115.15 1 1
mcp-server-magicskills/internal/scanner/scanner.go:120.2,120.33 1 1
mcp-server-magicskills/internal/scanner/scanner.go:120.33,121.23 1 0
mcp-server-magicskills/internal/scanner/scanner.go:121.23,123.4 1 0
mcp-server-magicskills/internal/scanner/scanner.go:124.3,124.65 1 0
mcp-server-magicskills/internal/scanner/scanner.go:127.2,128.16 2 1
mcp-server-magicskills/internal/scanner/scanner.go:128.16,130.3 1 0
mcp-server-magicskills/internal/scanner/scanner.go:131.2,131.52 1 1
mcp-server-magicskills/internal/scanner/scanner.go:131.52,134.24 3 0
mcp-server-magicskills/internal/scanner/scanner.go:134.24,136.4 1 0
mcp-server-magicskills/internal/scanner/scanner.go:137.3,137.24 1 0
mcp-server-magicskills/internal/scanner/scanner.go:137.24,139.4 1 0
mcp-server-magicskills/internal/scanner/scanner.go:140.3,140.31 1 0
mcp-server-magicskills/internal/scanner/scanner.go:143.2,143.24 1 1
mcp-server-magicskills/internal/scanner/scanner.go:147.103,148.29 1 1
mcp-server-magicskills/internal/scanner/scanner.go:148.29,149.7 1 1
mcp-server-magicskills/internal/scanner/scanner.go:149.7,150.11 1 1
mcp-server-magicskills/internal/scanner/scanner.go:151.20,152.11 1 1
mcp-server-magicskills/internal/scanner/scanner.go:153.41,154.12 1 1
mcp-server-magicskills/internal/scanner/scanner.go:154.12,156.6 1 0
mcp-server-magicskills/internal/scanner/scanner.go:157.5,157.50 1 1
mcp-server-magicskills/internal/scanner/scanner.go:157.50,158.53 1 1
mcp-server-magicskills/internal/scanner/scanner.go:158.53,160.7 1 1
mcp-server-magicskills/internal/scanner/scanner.go:160.12,160.61 1 1
mcp-server-magicskills/internal/scanner/scanner.go:160.61,162.7 1 1
mcp-server-magicskills/internal/scanner/scanner.go:164.39,165.12 1 0
mcp-server-magicskills/internal/scanner/scanner.go:165.12,167.6 1 0
mcp-server-magicskills/internal/scanner/scanner.go:168.5,168.46 1 0
mcp-server-magicskills/internal/server/server.go:15.73,22.2 1 1
mcp-server-magicskills/internal/server/server.go:24.45,26.2 1 1
mcp-server-magicskills/internal/server/server.go:28.99,35.2 3 1
mcp-server-magicskills/internal/state/badger.go:30.46,31.50 1 1
mcp-server-magicskills/internal/state/badger.go:31.50,33.3 1 0
mcp-server-magicskills/internal/state/badger.go:35.2,58.34 6 1
mcp-server-magicskills/internal/state/badger.go:58.34,60.17 2 1
mcp-server-magicskills/internal/state/badger.go:60.17,61.9 1 1
mcp-server-magicskills/internal/state/badger.go:63.3,63.86 1 0
mcp-server-magicskills/internal/state/badger.go:63.86,67.12 4 0
mcp-server-magicskills/internal/state/badger.go:69.3,69.62 1 0
mcp-server-magicskills/internal/state/badger.go:71.2,71.16 1 1
mcp-server-magicskills/internal/state/badger.go:71.16,73.3 1 0
mcp-server-magicskills/internal/state/badger.go:75.2,80.15 5 1
mcp-server-magicskills/internal/state/badger.go:85.44,88.6 3 1
mcp-server-magicskills/internal/state/badger.go:88.6,89.10 1 1
mcp-server-magicskills/internal/state/badger.go:90.19,91.8 1 0
mcp-server-magicskills/internal/state/badger.go:91.8,92.51 1 0
mcp-server-magicskills/internal/state/badger.go:92.51,93.11 1 0
mcp-server-magicskills/internal/state/badger.go:96.21,97.10 1 1
mcp-server-magicskills/internal/state/badger.go:102.31,103.14 1 1
mcp-server-magicskills/internal/state/badger.go:103.14,105.3 1 0
mcp-server-magicskills/internal/state/badger.go:106.2,107.17 2 1
mcp-server-magicskills/internal/state/badger.go:107.17,109.3 1 0
mcp-server-magicskills/internal/state/badger.go:110.2,110.21 1 1
mcp-server-magicskills/internal/state/badger.go:113.70,115.49 2 1
mcp-server-magicskills/internal/state/badger.go:115.49,118.17 3 1
mcp-server-magicskills/internal/state/badger.go:118.17,119.44 1 0
mcp-server-magicskills/internal/state/badger.go:119.44,121.5 1 0
mcp-server-magicskills/internal/state/badger.go:122.4,122.18 1 0
mcp-server-magicskills/internal/state/badger.go:122.18,124.5 1 0
mcp-server-magicskills/internal/state/badger.go:125.9,125.42 1 1
mcp-server-magicskills/internal/state/badger.go:125.42,127.4 1 0
mcp-server-magicskills/internal/state/badger.go:129.3,129.14 1 1
mcp-server-magicskills/internal/state/badger.go:129.14,131.4 1 1
mcp-server-magicskills/internal/state/badger.go:131.9,133.4 1 0
mcp-server-magicskills/internal/state/badger.go:135.3,136.17 2 1
mcp-server-magicskills/internal/state/badger.go:136.17,138.4 1 0
mcp-server-magicskills/internal/state/badger.go:139.3,139.28 1 1
mcp-server-magicskills/internal/state/badger.go:143.70,146.47 3 1
mcp-server-magicskills/internal/state/badger.go:146.47,148.17 2 1
mcp-server-magicskills/internal/state/badger.go:148.17,150.4 1 1
mcp-server-magicskills/internal/state/badger.go:151.3,151.44 1 1
mcp-server-magicskills/internal/state/badger.go:151.44,153.4 1 1
mcp-server-magicskills/internal/state/badger.go:155.2,155.34 1 1
mcp-server-magicskills/internal/state/badger.go:155.34,158.3 2 1
mcp-server-magicskills/internal/state/badger.go:159.2,159.16 1 1
mcp-server-magicskills/internal/state/badger.go:159.16,161.3 1 1
mcp-server-magicskills/internal/state/badger.go:162.2,162.19 1 1
mcp-server-magicskills/internal/state/badger.go:165.47,167.2 1 1
mcp-server-magicskills/internal/util/logging.go:28.61,40.2 5 1
mcp-server-magicskills/internal/util/logging.go:42.52,44.6 2 1
mcp-server-magicskills/internal/util/logging.go:44.6,45.10 1 1
mcp-server-magicskills/internal/util/logging.go:46.21,47.10 1 0
mcp-server-magicskills/internal/util/logging.go:48.25,49.11 1 1
mcp-server-magicskills/internal/util/logging.go:49.11,51.5 1 1
mcp-server-magicskills/internal/util/logging.go:52.4,52.48 1 1
mcp-server-magicskills/internal/util/logging.go:52.48,54.5 1 0
mcp-server-magicskills/internal/util/logging.go:60.59,61.22 1 1
mcp-server-magicskills/internal/util/logging.go:61.22,63.3 1 1
mcp-server-magicskills/internal/util/logging.go:65.2,68.9 3 1
mcp-server-magicskills/internal/util/logging.go:69.21,70.21 1 1
mcp-server-magicskills/internal/util/logging.go:71.36,73.21 2 0
mcp-server-magicskills/internal/util/logging.go:74.23,75.25 1 0
mcp-server-magicskills/internal/util/logging.go:80.38,81.26 1 1
mcp-server-magicskills/internal/util/logging.go:81.26,83.3 1 0
mcp-server-magicskills/internal/util/logging.go:84.2,87.12 4 1
mcp-server-magicskills/internal/util/logging.go:92.48,94.72 2 1
mcp-server-magicskills/internal/util/logging.go:94.72,95.46 1 1
mcp-server-magicskills/internal/util/logging.go:95.46,97.4 1 0
mcp-server-magicskills/internal/util/logging.go:99.2,100.16 2 1
mcp-server-magicskills/internal/util/logging.go:100.16,102.3 1 0
mcp-server-magicskills/internal/util/logging.go:103.2,103.10 1 1
mcp-server-magicskills/internal/util/logging.go:108.71,111.57 2 1
mcp-server-magicskills/internal/util/logging.go:111.57,113.3 1 0
mcp-server-magicskills/internal/util/logging.go:113.8,115.51 2 1
mcp-server-magicskills/internal/util/logging.go:115.51,118.4 2 0
mcp-server-magicskills/internal/util/logging.go:119.3,119.70 1 1
mcp-server-magicskills/internal/util/logging.go:122.2,128.19 4 1
mcp-server-magicskills/internal/util/logging.go:128.19,130.3 1 1
mcp-server-magicskills/internal/util/logging.go:132.2,137.16 3 1
mcp-server-magicskills/internal/util/logging.go:137.16,138.36 1 1
mcp-server-magicskills/internal/util/logging.go:138.36,140.4 1 0
mcp-server-magicskills/internal/util/logging.go:141.3,141.27 1 1
mcp-server-magicskills/internal/util/logging.go:141.27,142.42 1 1
mcp-server-magicskills/internal/util/logging.go:142.42,144.5 1 0
mcp-server-magicskills/internal/util/mcp_helpers.go:16.38,16.52 1 1
mcp-server-magicskills/internal/util/mcp_helpers.go:20.39,20.53 1 1
mcp-server-magicskills/internal/util/mcp_helpers.go:28.3,29.134 1 1
mcp-server-magicskills/internal/util/mcp_helpers.go:29.134,30.16 1 0
mcp-server-magicskills/internal/util/mcp_helpers.go:30.16,31.32 1 0
mcp-server-magicskills/internal/util/mcp_helpers.go:31.32,41.5 2 0
mcp-server-magicskills/internal/util/mcp_helpers.go:43.3,46.66 2 0
mcp-server-magicskills/internal/util/mcp_helpers.go:46.66,51.40 3 0
mcp-server-magicskills/internal/util/mcp_helpers.go:51.40,52.49 1 0
mcp-server-magicskills/internal/util/mcp_helpers.go:52.49,54.144 2 0
mcp-server-magicskills/internal/util/mcp_helpers.go:54.144,57.12 3 0
mcp-server-magicskills/internal/util/mcp_helpers.go:62.4,77.6 3 0
mcp-server-magicskills/internal/util/mcp_helpers.go:83.3,83.53 1 0
mcp-server-magicskills/internal/util/mcp_helpers.go:83.53,85.4 1 0
mcp-server-magicskills/internal/util/mcp_helpers.go:86.3,86.26 1 0
