mode: set
mcp-server-brainstorm/internal/analysis/ast.go:24.32,26.2 1 1
mcp-server-brainstorm/internal/analysis/ast.go:33.25,44.34 8 1
mcp-server-brainstorm/internal/analysis/ast.go:44.34,46.13 2 1
mcp-server-brainstorm/internal/analysis/ast.go:46.13,48.8 2 1
mcp-server-brainstorm/internal/analysis/ast.go:48.8,49.12 1 1
mcp-server-brainstorm/internal/analysis/ast.go:50.23,51.12 1 1
mcp-server-brainstorm/internal/analysis/ast.go:52.30,53.13 1 1
mcp-server-brainstorm/internal/analysis/ast.go:53.13,55.7 1 1
mcp-server-brainstorm/internal/analysis/ast.go:56.6,57.20 2 1
mcp-server-brainstorm/internal/analysis/ast.go:57.20,59.15 2 0
mcp-server-brainstorm/internal/analysis/ast.go:61.6,61.13 1 1
mcp-server-brainstorm/internal/analysis/ast.go:62.31,62.31 0 1
mcp-server-brainstorm/internal/analysis/ast.go:63.24,64.13 1 0
mcp-server-brainstorm/internal/analysis/ast.go:72.2,74.12 3 1
mcp-server-brainstorm/internal/analysis/ast.go:74.12,75.28 1 1
mcp-server-brainstorm/internal/analysis/ast.go:75.28,77.4 1 1
mcp-server-brainstorm/internal/analysis/ast.go:78.3,78.25 1 1
mcp-server-brainstorm/internal/analysis/ast.go:82.2,84.53 1 1
mcp-server-brainstorm/internal/analysis/ast.go:84.53,85.18 1 1
mcp-server-brainstorm/internal/analysis/ast.go:85.18,87.5 1 1
mcp-server-brainstorm/internal/analysis/ast.go:88.4,88.17 1 1
mcp-server-brainstorm/internal/analysis/ast.go:88.17,89.21 1 1
mcp-server-brainstorm/internal/analysis/ast.go:90.43,91.29 1 0
mcp-server-brainstorm/internal/analysis/ast.go:93.5,93.15 1 1
mcp-server-brainstorm/internal/analysis/ast.go:95.4,96.45 1 1
mcp-server-brainstorm/internal/analysis/ast.go:96.45,98.5 1 0
mcp-server-brainstorm/internal/analysis/ast.go:100.4,100.11 1 1
mcp-server-brainstorm/internal/analysis/ast.go:101.23,102.15 1 1
mcp-server-brainstorm/internal/analysis/ast.go:103.22,104.21 1 1
mcp-server-brainstorm/internal/analysis/ast.go:109.2,114.16 5 1
mcp-server-brainstorm/internal/analysis/ast.go:114.16,116.3 1 1
mcp-server-brainstorm/internal/analysis/ast.go:118.2,118.21 1 1
mcp-server-brainstorm/internal/analysis/ast.go:123.25,125.9 1 1
mcp-server-brainstorm/internal/analysis/ast.go:126.20,127.24 1 0
mcp-server-brainstorm/internal/analysis/ast.go:128.10,128.10 0 1
mcp-server-brainstorm/internal/analysis/ast.go:131.2,135.16 3 1
mcp-server-brainstorm/internal/analysis/ast.go:135.16,137.3 1 0
mcp-server-brainstorm/internal/analysis/ast.go:139.2,141.42 2 1
mcp-server-brainstorm/internal/analysis/ast.go:141.42,142.25 1 1
mcp-server-brainstorm/internal/analysis/ast.go:143.22,151.5 2 1
mcp-server-brainstorm/internal/analysis/ast.go:153.24,159.5 1 1
mcp-server-brainstorm/internal/analysis/ast.go:161.3,161.14 1 1
mcp-server-brainstorm/internal/analysis/ast.go:164.2,164.18 1 1
mcp-server-brainstorm/internal/analysis/ast.go:172.16,175.29 3 1
mcp-server-brainstorm/internal/analysis/ast.go:175.29,186.3 1 1
mcp-server-brainstorm/internal/analysis/ast.go:187.2,187.12 1 1
mcp-server-brainstorm/internal/analysis/ast.go:194.16,196.46 1 1
mcp-server-brainstorm/internal/analysis/ast.go:196.46,198.3 1 1
mcp-server-brainstorm/internal/analysis/ast.go:199.2,199.27 1 1
mcp-server-brainstorm/internal/analysis/ast.go:199.27,200.45 1 1
mcp-server-brainstorm/internal/analysis/ast.go:200.45,202.11 2 1
mcp-server-brainstorm/internal/analysis/ast.go:202.11,203.13 1 1
mcp-server-brainstorm/internal/analysis/ast.go:205.4,207.29 2 0
mcp-server-brainstorm/internal/analysis/ast.go:207.29,209.5 1 0
mcp-server-brainstorm/internal/analysis/ast.go:212.2,220.4 1 1
mcp-server-brainstorm/internal/analysis/ast.go:231.16,234.28 1 1
mcp-server-brainstorm/internal/analysis/ast.go:234.28,236.3 1 0
mcp-server-brainstorm/internal/analysis/ast.go:238.2,238.46 1 1
mcp-server-brainstorm/internal/analysis/ast.go:238.46,240.3 1 0
mcp-server-brainstorm/internal/analysis/ast.go:244.2,244.33 1 1
mcp-server-brainstorm/internal/analysis/ast.go:244.33,246.31 2 1
mcp-server-brainstorm/internal/analysis/ast.go:246.31,247.12 1 1
mcp-server-brainstorm/internal/analysis/ast.go:251.3,251.26 1 1
mcp-server-brainstorm/internal/analysis/ast.go:251.26,252.58 1 1
mcp-server-brainstorm/internal/analysis/ast.go:252.58,264.5 2 1
mcp-server-brainstorm/internal/analysis/ast.go:265.9,265.32 1 1
mcp-server-brainstorm/internal/analysis/ast.go:265.32,267.56 1 1
mcp-server-brainstorm/internal/analysis/ast.go:267.56,279.5 2 1
mcp-server-brainstorm/internal/analysis/ast.go:282.2,282.12 1 0
mcp-server-brainstorm/internal/engine/decision.go:19.14,20.9 1 1
mcp-server-brainstorm/internal/engine/decision.go:21.20,22.22 1 0
mcp-server-brainstorm/internal/engine/decision.go:23.10,23.10 0 1
mcp-server-brainstorm/internal/engine/decision.go:26.2,27.21 2 1
mcp-server-brainstorm/internal/engine/decision.go:27.21,29.3 1 0
mcp-server-brainstorm/internal/engine/decision.go:32.2,35.44 3 1
mcp-server-brainstorm/internal/engine/decision.go:35.44,38.3 1 1
mcp-server-brainstorm/internal/engine/decision.go:39.2,40.37 1 1
mcp-server-brainstorm/internal/engine/decision.go:40.37,43.3 1 0
mcp-server-brainstorm/internal/engine/decision.go:45.2,69.12 9 1
mcp-server-brainstorm/internal/engine/design.go:98.12,99.9 1 1
mcp-server-brainstorm/internal/engine/design.go:100.20,101.13 1 0
mcp-server-brainstorm/internal/engine/design.go:102.10,102.10 0 1
mcp-server-brainstorm/internal/engine/design.go:104.2,107.42 3 1
mcp-server-brainstorm/internal/engine/design.go:107.42,108.37 1 1
mcp-server-brainstorm/internal/engine/design.go:108.37,109.35 1 1
mcp-server-brainstorm/internal/engine/design.go:109.35,113.10 2 1
mcp-server-brainstorm/internal/engine/design.go:119.2,119.26 1 1
mcp-server-brainstorm/internal/engine/design.go:119.26,123.3 1 1
mcp-server-brainstorm/internal/engine/design.go:125.2,125.19 1 1
mcp-server-brainstorm/internal/engine/design.go:244.26,245.9 1 1
mcp-server-brainstorm/internal/engine/design.go:246.20,247.34 1 0
mcp-server-brainstorm/internal/engine/design.go:248.10,248.10 0 1
mcp-server-brainstorm/internal/engine/design.go:250.2,254.40 4 1
mcp-server-brainstorm/internal/engine/design.go:254.40,255.35 1 1
mcp-server-brainstorm/internal/engine/design.go:255.35,256.35 1 1
mcp-server-brainstorm/internal/engine/design.go:256.35,259.10 3 1
mcp-server-brainstorm/internal/engine/design.go:262.3,262.12 1 1
mcp-server-brainstorm/internal/engine/design.go:262.12,263.9 1 1
mcp-server-brainstorm/internal/engine/design.go:267.2,267.12 1 1
mcp-server-brainstorm/internal/engine/design.go:267.12,274.3 1 1
mcp-server-brainstorm/internal/engine/design.go:276.2,288.12 8 1
mcp-server-brainstorm/internal/engine/design.go:387.26,388.9 1 1
mcp-server-brainstorm/internal/engine/design.go:389.20,390.13 1 0
mcp-server-brainstorm/internal/engine/design.go:391.10,391.10 0 1
mcp-server-brainstorm/internal/engine/design.go:393.2,396.40 3 1
mcp-server-brainstorm/internal/engine/design.go:396.40,403.42 5 1
mcp-server-brainstorm/internal/engine/design.go:403.42,404.36 1 1
mcp-server-brainstorm/internal/engine/design.go:404.36,406.10 2 1
mcp-server-brainstorm/internal/engine/design.go:410.3,410.15 1 1
mcp-server-brainstorm/internal/engine/design.go:410.15,412.37 2 1
mcp-server-brainstorm/internal/engine/design.go:412.37,413.43 1 1
mcp-server-brainstorm/internal/engine/design.go:413.43,419.6 3 1
mcp-server-brainstorm/internal/engine/design.go:421.4,421.18 1 1
mcp-server-brainstorm/internal/engine/design.go:421.18,426.5 1 1
mcp-server-brainstorm/internal/engine/design.go:427.9,430.4 1 1
mcp-server-brainstorm/internal/engine/design.go:433.3,433.17 1 1
mcp-server-brainstorm/internal/engine/design.go:433.17,435.4 1 1
mcp-server-brainstorm/internal/engine/design.go:437.3,441.5 1 1
mcp-server-brainstorm/internal/engine/design.go:444.2,444.16 1 1
mcp-server-brainstorm/internal/engine/design.go:452.29,453.9 1 1
mcp-server-brainstorm/internal/engine/design.go:454.20,455.13 1 0
mcp-server-brainstorm/internal/engine/design.go:456.10,456.10 0 1
mcp-server-brainstorm/internal/engine/design.go:458.2,464.39 3 1
mcp-server-brainstorm/internal/engine/design.go:464.39,469.3 1 1
mcp-server-brainstorm/internal/engine/design.go:472.2,475.39 1 1
mcp-server-brainstorm/internal/engine/design.go:475.39,480.3 1 1
mcp-server-brainstorm/internal/engine/design.go:483.2,485.37 1 1
mcp-server-brainstorm/internal/engine/design.go:485.37,490.3 1 1
mcp-server-brainstorm/internal/engine/design.go:493.2,495.39 1 1
mcp-server-brainstorm/internal/engine/design.go:495.39,500.3 1 0
mcp-server-brainstorm/internal/engine/design.go:503.2,505.45 1 1
mcp-server-brainstorm/internal/engine/design.go:505.45,510.3 1 1
mcp-server-brainstorm/internal/engine/design.go:512.2,512.19 1 1
mcp-server-brainstorm/internal/engine/design.go:512.19,523.3 1 0
mcp-server-brainstorm/internal/engine/design.go:525.2,525.12 1 1
mcp-server-brainstorm/internal/engine/design.go:532.27,538.22 5 1
mcp-server-brainstorm/internal/engine/design.go:538.22,543.3 1 1
mcp-server-brainstorm/internal/engine/design.go:545.2,552.28 6 1
mcp-server-brainstorm/internal/engine/design.go:552.28,557.3 1 1
mcp-server-brainstorm/internal/engine/design.go:560.2,560.22 1 1
mcp-server-brainstorm/internal/engine/design.go:560.22,562.29 2 1
mcp-server-brainstorm/internal/engine/design.go:562.29,567.4 1 1
mcp-server-brainstorm/internal/engine/design.go:571.2,571.25 1 1
mcp-server-brainstorm/internal/engine/design.go:571.25,573.32 2 1
mcp-server-brainstorm/internal/engine/design.go:573.32,575.4 1 1
mcp-server-brainstorm/internal/engine/design.go:578.2,584.3 1 1
mcp-server-brainstorm/internal/engine/discovery.go:19.25,32.11 5 1
mcp-server-brainstorm/internal/engine/discovery.go:32.11,33.18 1 1
mcp-server-brainstorm/internal/engine/discovery.go:33.18,35.5 1 1
mcp-server-brainstorm/internal/engine/discovery.go:38.4,38.11 1 1
mcp-server-brainstorm/internal/engine/discovery.go:39.22,40.21 1 0
mcp-server-brainstorm/internal/engine/discovery.go:41.12,41.12 0 1
mcp-server-brainstorm/internal/engine/discovery.go:45.4,45.17 1 1
mcp-server-brainstorm/internal/engine/discovery.go:45.17,49.29 2 1
mcp-server-brainstorm/internal/engine/discovery.go:49.29,51.6 1 0
mcp-server-brainstorm/internal/engine/discovery.go:52.5,52.27 1 1
mcp-server-brainstorm/internal/engine/discovery.go:52.27,54.6 1 0
mcp-server-brainstorm/internal/engine/discovery.go:55.5,55.15 1 1
mcp-server-brainstorm/internal/engine/discovery.go:58.4,59.41 2 1
mcp-server-brainstorm/internal/engine/discovery.go:59.41,61.5 1 0
mcp-server-brainstorm/internal/engine/discovery.go:62.4,62.14 1 1
mcp-server-brainstorm/internal/engine/discovery.go:65.2,65.16 1 1
mcp-server-brainstorm/internal/engine/discovery.go:65.16,69.3 1 1
mcp-server-brainstorm/internal/engine/discovery.go:71.2,71.18 1 1
mcp-server-brainstorm/internal/engine/discovery.go:71.18,78.3 1 1
mcp-server-brainstorm/internal/engine/discovery.go:81.2,89.34 7 1
mcp-server-brainstorm/internal/engine/discovery.go:89.34,95.3 1 1
mcp-server-brainstorm/internal/engine/discovery.go:97.2,97.11 1 1
mcp-server-brainstorm/internal/engine/discovery.go:97.11,102.3 2 0
mcp-server-brainstorm/internal/engine/discovery.go:104.2,104.18 1 1
mcp-server-brainstorm/internal/engine/discovery.go:113.37,115.16 2 1
mcp-server-brainstorm/internal/engine/discovery.go:115.16,117.3 1 0
mcp-server-brainstorm/internal/engine/discovery.go:120.2,124.19 4 1
mcp-server-brainstorm/internal/engine/discovery.go:124.19,129.3 1 1
mcp-server-brainstorm/internal/engine/discovery.go:132.2,134.19 3 1
mcp-server-brainstorm/internal/engine/discovery.go:134.19,137.26 3 1
mcp-server-brainstorm/internal/engine/discovery.go:137.26,142.4 1 1
mcp-server-brainstorm/internal/engine/discovery.go:143.8,145.3 1 0
mcp-server-brainstorm/internal/engine/discovery.go:146.2,153.8 2 1
mcp-server-brainstorm/internal/engine/discovery.go:162.10,163.27 1 1
mcp-server-brainstorm/internal/engine/discovery.go:163.27,169.3 2 1
mcp-server-brainstorm/internal/engine/discovery.go:171.2,171.24 1 1
mcp-server-brainstorm/internal/engine/discovery.go:172.19,174.33 1 1
mcp-server-brainstorm/internal/engine/discovery.go:175.23,177.27 1 1
mcp-server-brainstorm/internal/engine/discovery.go:178.10,181.18 1 1
mcp-server-brainstorm/internal/engine/engine.go:38.37,43.2 1 1
mcp-server-brainstorm/internal/engine/engine.go:47.50,48.16 1 1
mcp-server-brainstorm/internal/engine/engine.go:48.16,50.3 1 1
mcp-server-brainstorm/internal/engine/engine.go:51.2,51.26 1 1
mcp-server-brainstorm/internal/engine/engine.go:51.26,53.3 1 1
mcp-server-brainstorm/internal/engine/engine.go:54.2,54.43 1 1
mcp-server-brainstorm/internal/engine/engine.go:58.35,61.2 2 1
mcp-server-brainstorm/main.go:41.57,46.16 4 1
mcp-server-brainstorm/main.go:46.16,48.3 1 0
mcp-server-brainstorm/main.go:50.2,50.35 1 1
mcp-server-brainstorm/main.go:50.35,53.63 3 1
mcp-server-brainstorm/main.go:53.63,55.4 1 1
mcp-server-brainstorm/main.go:60.3,63.31 4 1
mcp-server-brainstorm/main.go:66.2,66.15 1 1
mcp-server-brainstorm/main.go:69.38,73.2 3 1
mcp-server-brainstorm/main.go:77.13,87.18 6 0
mcp-server-brainstorm/main.go:87.18,90.3 2 0
mcp-server-brainstorm/main.go:92.2,95.33 3 0
mcp-server-brainstorm/main.go:95.33,98.3 2 0
mcp-server-brainstorm/main.go:101.37,103.16 2 0
mcp-server-brainstorm/main.go:103.16,105.3 1 0
mcp-server-brainstorm/main.go:107.2,117.12 8 0
mcp-server-brainstorm/main.go:117.12,120.3 2 0
mcp-server-brainstorm/main.go:122.2,122.29 1 0
mcp-server-brainstorm/main.go:125.90,135.2 2 1
mcp-server-brainstorm/main.go:137.67,147.2 2 1
mcp-server-brainstorm/main.go:149.69,155.2 1 1
mcp-server-brainstorm/version.go:8.21,10.2 1 1
mcp-server-brainstorm/internal/state/session.go:22.39,24.2 1 1
mcp-server-brainstorm/internal/state/session.go:29.3,32.16 3 1
mcp-server-brainstorm/internal/state/session.go:32.16,33.25 1 1
mcp-server-brainstorm/internal/state/session.go:33.25,41.4 1 1
mcp-server-brainstorm/internal/state/session.go:42.3,44.4 1 1
mcp-server-brainstorm/internal/state/session.go:47.2,48.55 2 1
mcp-server-brainstorm/internal/state/session.go:48.55,52.3 1 1
mcp-server-brainstorm/internal/state/session.go:54.2,54.22 1 1
mcp-server-brainstorm/internal/state/session.go:62.9,65.16 3 1
mcp-server-brainstorm/internal/state/session.go:65.16,69.3 1 0
mcp-server-brainstorm/internal/state/session.go:71.2,78.16 3 1
mcp-server-brainstorm/internal/state/session.go:78.16,82.3 1 1
mcp-server-brainstorm/internal/state/session.go:84.2,84.54 1 1
mcp-server-brainstorm/internal/state/session.go:84.54,90.3 2 1
mcp-server-brainstorm/internal/state/session.go:92.2,92.12 1 1
mcp-server-brainstorm/internal/handler/decision.go:15.26,18.33 1 1
mcp-server-brainstorm/internal/handler/decision.go:18.33,20.17 2 1
mcp-server-brainstorm/internal/handler/decision.go:20.17,24.4 1 1
mcp-server-brainstorm/internal/handler/decision.go:25.3,28.17 2 1
mcp-server-brainstorm/internal/handler/decision.go:28.17,32.4 1 0
mcp-server-brainstorm/internal/handler/decision.go:34.3,37.36 2 1
mcp-server-brainstorm/internal/handler/design.go:15.26,18.33 1 1
mcp-server-brainstorm/internal/handler/design.go:18.33,20.17 2 1
mcp-server-brainstorm/internal/handler/design.go:20.17,24.4 1 1
mcp-server-brainstorm/internal/handler/design.go:26.3,29.43 2 1
mcp-server-brainstorm/internal/handler/design.go:35.26,38.33 1 1
mcp-server-brainstorm/internal/handler/design.go:38.33,40.17 2 1
mcp-server-brainstorm/internal/handler/design.go:40.17,44.4 1 1
mcp-server-brainstorm/internal/handler/design.go:46.3,47.39 2 1
mcp-server-brainstorm/internal/handler/design.go:53.26,56.33 1 1
mcp-server-brainstorm/internal/handler/design.go:56.33,58.17 2 1
mcp-server-brainstorm/internal/handler/design.go:58.17,62.4 1 1
mcp-server-brainstorm/internal/handler/design.go:64.3,67.40 2 1
mcp-server-brainstorm/internal/handler/design.go:73.26,76.33 1 1
mcp-server-brainstorm/internal/handler/design.go:76.33,78.17 2 1
mcp-server-brainstorm/internal/handler/design.go:78.17,82.4 1 1
mcp-server-brainstorm/internal/handler/design.go:84.3,85.43 2 1
mcp-server-brainstorm/internal/handler/design.go:91.26,94.33 1 1
mcp-server-brainstorm/internal/handler/design.go:94.33,96.17 2 1
mcp-server-brainstorm/internal/handler/design.go:96.17,100.4 1 1
mcp-server-brainstorm/internal/handler/design.go:102.3,103.37 2 1
mcp-server-brainstorm/internal/handler/discovery.go:17.26,20.33 1 1
mcp-server-brainstorm/internal/handler/discovery.go:20.33,23.17 3 1
mcp-server-brainstorm/internal/handler/discovery.go:23.17,27.4 1 0
mcp-server-brainstorm/internal/handler/discovery.go:29.3,30.17 2 1
mcp-server-brainstorm/internal/handler/discovery.go:30.17,34.4 1 1
mcp-server-brainstorm/internal/handler/discovery.go:36.3,37.50 2 1
mcp-server-brainstorm/internal/handler/discovery.go:37.50,41.4 1 1
mcp-server-brainstorm/internal/handler/discovery.go:43.3,46.29 4 1
mcp-server-brainstorm/internal/handler/discovery.go:46.29,49.4 2 0
mcp-server-brainstorm/internal/handler/discovery.go:51.3,55.16 2 1
mcp-server-brainstorm/internal/handler/discovery.go:55.16,60.4 1 0
mcp-server-brainstorm/internal/handler/discovery.go:61.3,61.37 1 1
mcp-server-brainstorm/internal/handler/discovery.go:67.26,70.33 1 1
mcp-server-brainstorm/internal/handler/discovery.go:70.33,73.17 3 1
mcp-server-brainstorm/internal/handler/discovery.go:73.17,77.4 1 0
mcp-server-brainstorm/internal/handler/discovery.go:79.3,82.48 2 1
mcp-server-brainstorm/internal/handler/discovery.go:92.26,95.33 1 1
mcp-server-brainstorm/internal/handler/discovery.go:95.33,97.45 2 1
mcp-server-brainstorm/internal/handler/discovery.go:97.45,99.4 1 1
mcp-server-brainstorm/internal/handler/discovery.go:100.3,102.9 1 1
mcp-server-brainstorm/internal/handler/discovery.go:108.40,111.49 2 1
mcp-server-brainstorm/internal/handler/discovery.go:111.49,113.3 1 1
mcp-server-brainstorm/internal/handler/discovery.go:114.2,114.21 1 1
mcp-server-brainstorm/internal/handler/discovery.go:114.21,116.3 1 1
mcp-server-brainstorm/internal/handler/discovery.go:117.2,117.49 1 1
mcp-server-brainstorm/internal/handler/discovery.go:122.26,125.33 1 1
mcp-server-brainstorm/internal/handler/discovery.go:125.33,128.17 3 1
mcp-server-brainstorm/internal/handler/discovery.go:128.17,132.4 1 0
mcp-server-brainstorm/internal/handler/discovery.go:134.3,135.17 2 1
mcp-server-brainstorm/internal/handler/discovery.go:135.17,139.4 1 0
mcp-server-brainstorm/internal/handler/discovery.go:141.3,141.50 1 1
mcp-server-brainstorm/internal/handler/discovery.go:141.50,145.4 1 1
mcp-server-brainstorm/internal/handler/discovery.go:147.3,147.37 1 1
