mode: set
mcp-server-brainstorm/internal/analysis/ast.go:33.32,37.2 1 1
mcp-server-brainstorm/internal/analysis/ast.go:45.25,56.34 8 1
mcp-server-brainstorm/internal/analysis/ast.go:56.34,58.13 2 1
mcp-server-brainstorm/internal/analysis/ast.go:58.13,60.8 2 1
mcp-server-brainstorm/internal/analysis/ast.go:60.8,61.12 1 1
mcp-server-brainstorm/internal/analysis/ast.go:62.23,63.12 1 1
mcp-server-brainstorm/internal/analysis/ast.go:64.30,65.13 1 1
mcp-server-brainstorm/internal/analysis/ast.go:65.13,67.7 1 1
mcp-server-brainstorm/internal/analysis/ast.go:70.6,71.20 2 1
mcp-server-brainstorm/internal/analysis/ast.go:71.20,75.56 4 1
mcp-server-brainstorm/internal/analysis/ast.go:75.56,76.15 1 0
mcp-server-brainstorm/internal/analysis/ast.go:77.35,78.17 1 0
mcp-server-brainstorm/internal/analysis/ast.go:79.26,80.15 1 0
mcp-server-brainstorm/internal/analysis/ast.go:85.6,86.20 2 1
mcp-server-brainstorm/internal/analysis/ast.go:86.20,88.15 2 0
mcp-server-brainstorm/internal/analysis/ast.go:92.6,92.21 1 1
mcp-server-brainstorm/internal/analysis/ast.go:92.21,99.7 3 1
mcp-server-brainstorm/internal/analysis/ast.go:101.6,101.13 1 1
mcp-server-brainstorm/internal/analysis/ast.go:102.31,102.31 0 1
mcp-server-brainstorm/internal/analysis/ast.go:103.24,104.13 1 0
mcp-server-brainstorm/internal/analysis/ast.go:112.2,114.12 3 1
mcp-server-brainstorm/internal/analysis/ast.go:114.12,115.28 1 1
mcp-server-brainstorm/internal/analysis/ast.go:115.28,117.4 1 1
mcp-server-brainstorm/internal/analysis/ast.go:118.3,118.25 1 1
mcp-server-brainstorm/internal/analysis/ast.go:122.2,124.53 1 1
mcp-server-brainstorm/internal/analysis/ast.go:124.53,125.18 1 1
mcp-server-brainstorm/internal/analysis/ast.go:125.18,127.5 1 1
mcp-server-brainstorm/internal/analysis/ast.go:128.4,128.17 1 1
mcp-server-brainstorm/internal/analysis/ast.go:128.17,129.21 1 1
mcp-server-brainstorm/internal/analysis/ast.go:130.43,131.29 1 0
mcp-server-brainstorm/internal/analysis/ast.go:133.5,133.15 1 1
mcp-server-brainstorm/internal/analysis/ast.go:135.4,136.45 1 1
mcp-server-brainstorm/internal/analysis/ast.go:136.45,138.5 1 0
mcp-server-brainstorm/internal/analysis/ast.go:140.4,140.11 1 1
mcp-server-brainstorm/internal/analysis/ast.go:141.23,142.15 1 1
mcp-server-brainstorm/internal/analysis/ast.go:143.22,144.21 1 1
mcp-server-brainstorm/internal/analysis/ast.go:149.2,154.16 5 1
mcp-server-brainstorm/internal/analysis/ast.go:154.16,156.3 1 1
mcp-server-brainstorm/internal/analysis/ast.go:158.2,158.21 1 1
mcp-server-brainstorm/internal/analysis/ast.go:163.25,165.9 1 1
mcp-server-brainstorm/internal/analysis/ast.go:166.20,167.24 1 0
mcp-server-brainstorm/internal/analysis/ast.go:168.10,168.10 0 1
mcp-server-brainstorm/internal/analysis/ast.go:171.2,175.16 3 1
mcp-server-brainstorm/internal/analysis/ast.go:175.16,177.3 1 0
mcp-server-brainstorm/internal/analysis/ast.go:179.2,180.16 2 1
mcp-server-brainstorm/internal/analysis/ast.go:180.16,182.3 1 1
mcp-server-brainstorm/internal/analysis/ast.go:184.2,184.42 1 1
mcp-server-brainstorm/internal/analysis/ast.go:184.42,185.25 1 1
mcp-server-brainstorm/internal/analysis/ast.go:186.22,194.5 2 1
mcp-server-brainstorm/internal/analysis/ast.go:196.24,202.5 1 1
mcp-server-brainstorm/internal/analysis/ast.go:204.22,214.5 2 1
mcp-server-brainstorm/internal/analysis/ast.go:216.22,220.5 1 1
mcp-server-brainstorm/internal/analysis/ast.go:222.3,222.14 1 1
mcp-server-brainstorm/internal/analysis/ast.go:225.2,225.18 1 1
mcp-server-brainstorm/internal/analysis/ast.go:233.16,236.29 3 1
mcp-server-brainstorm/internal/analysis/ast.go:236.29,247.3 1 1
mcp-server-brainstorm/internal/analysis/ast.go:248.2,248.12 1 1
mcp-server-brainstorm/internal/analysis/ast.go:255.16,257.46 1 1
mcp-server-brainstorm/internal/analysis/ast.go:257.46,259.3 1 1
mcp-server-brainstorm/internal/analysis/ast.go:261.2,261.62 1 1
mcp-server-brainstorm/internal/analysis/ast.go:261.62,262.70 1 0
mcp-server-brainstorm/internal/analysis/ast.go:262.70,263.41 1 0
mcp-server-brainstorm/internal/analysis/ast.go:263.41,265.5 1 0
mcp-server-brainstorm/internal/analysis/ast.go:268.2,268.27 1 1
mcp-server-brainstorm/internal/analysis/ast.go:268.27,269.45 1 1
mcp-server-brainstorm/internal/analysis/ast.go:269.45,271.11 2 1
mcp-server-brainstorm/internal/analysis/ast.go:271.11,272.13 1 1
mcp-server-brainstorm/internal/analysis/ast.go:274.4,276.29 2 0
mcp-server-brainstorm/internal/analysis/ast.go:276.29,278.5 1 0
mcp-server-brainstorm/internal/analysis/ast.go:281.2,289.4 1 1
mcp-server-brainstorm/internal/analysis/ast.go:300.16,303.28 1 1
mcp-server-brainstorm/internal/analysis/ast.go:303.28,305.3 1 0
mcp-server-brainstorm/internal/analysis/ast.go:307.2,307.46 1 1
mcp-server-brainstorm/internal/analysis/ast.go:307.46,309.3 1 0
mcp-server-brainstorm/internal/analysis/ast.go:312.2,313.31 2 1
mcp-server-brainstorm/internal/analysis/ast.go:313.31,314.63 1 1
mcp-server-brainstorm/internal/analysis/ast.go:314.63,316.9 2 0
mcp-server-brainstorm/internal/analysis/ast.go:319.2,319.12 1 1
mcp-server-brainstorm/internal/analysis/ast.go:319.12,321.3 1 0
mcp-server-brainstorm/internal/analysis/ast.go:325.2,325.33 1 1
mcp-server-brainstorm/internal/analysis/ast.go:325.33,327.31 2 1
mcp-server-brainstorm/internal/analysis/ast.go:327.31,328.12 1 1
mcp-server-brainstorm/internal/analysis/ast.go:332.3,332.26 1 1
mcp-server-brainstorm/internal/analysis/ast.go:332.26,333.58 1 1
mcp-server-brainstorm/internal/analysis/ast.go:333.58,345.5 2 1
mcp-server-brainstorm/internal/analysis/ast.go:346.9,346.32 1 1
mcp-server-brainstorm/internal/analysis/ast.go:346.32,348.56 1 1
mcp-server-brainstorm/internal/analysis/ast.go:348.56,360.5 2 1
mcp-server-brainstorm/internal/analysis/ast.go:363.2,363.12 1 0
mcp-server-brainstorm/internal/analysis/ast.go:371.16,373.9 2 1
mcp-server-brainstorm/internal/analysis/ast.go:373.9,375.3 1 0
mcp-server-brainstorm/internal/analysis/ast.go:378.2,379.31 2 1
mcp-server-brainstorm/internal/analysis/ast.go:380.25,381.46 1 0
mcp-server-brainstorm/internal/analysis/ast.go:382.18,383.19 1 1
mcp-server-brainstorm/internal/analysis/ast.go:386.2,392.23 2 1
mcp-server-brainstorm/internal/analysis/ast.go:392.23,403.3 2 0
mcp-server-brainstorm/internal/analysis/ast.go:404.2,404.12 1 1
mcp-server-brainstorm/internal/analysis/ast.go:412.16,414.9 2 1
mcp-server-brainstorm/internal/analysis/ast.go:414.9,416.3 1 0
mcp-server-brainstorm/internal/analysis/ast.go:417.2,417.69 1 1
mcp-server-brainstorm/internal/analysis/ast.go:417.69,428.3 2 0
mcp-server-brainstorm/internal/analysis/ast.go:429.2,429.12 1 1
mcp-server-brainstorm/internal/analysis/ast.go:437.16,438.30 1 1
mcp-server-brainstorm/internal/analysis/ast.go:438.30,440.3 1 0
mcp-server-brainstorm/internal/analysis/ast.go:441.2,442.19 2 1
mcp-server-brainstorm/internal/analysis/ast.go:442.19,444.3 1 1
mcp-server-brainstorm/internal/analysis/ast.go:447.2,447.30 1 1
mcp-server-brainstorm/internal/analysis/ast.go:447.30,457.3 2 1
mcp-server-brainstorm/internal/analysis/ast.go:458.2,458.12 1 0
mcp-server-brainstorm/internal/analysis/ast.go:461.54,468.29 3 1
mcp-server-brainstorm/internal/analysis/ast.go:468.29,469.29 1 1
mcp-server-brainstorm/internal/analysis/ast.go:469.29,471.4 1 1
mcp-server-brainstorm/internal/analysis/ast.go:476.2,476.33 1 1
mcp-server-brainstorm/internal/analysis/ast.go:476.33,478.3 1 1
mcp-server-brainstorm/internal/analysis/ast.go:479.2,479.47 1 0
mcp-server-brainstorm/internal/analysis/ast.go:479.47,481.3 1 0
mcp-server-brainstorm/internal/analysis/ast.go:482.2,482.47 1 0
mcp-server-brainstorm/internal/analysis/ast.go:482.47,484.3 1 0
mcp-server-brainstorm/internal/analysis/ast.go:486.2,486.14 1 0
mcp-server-brainstorm/internal/state/session.go:24.39,26.2 1 1
mcp-server-brainstorm/internal/state/session.go:31.3,32.9 1 1
mcp-server-brainstorm/internal/state/session.go:33.20,34.24 1 0
mcp-server-brainstorm/internal/state/session.go:35.10,35.10 0 1
mcp-server-brainstorm/internal/state/session.go:37.2,39.16 3 1
mcp-server-brainstorm/internal/state/session.go:39.16,40.25 1 1
mcp-server-brainstorm/internal/state/session.go:40.25,48.4 1 1
mcp-server-brainstorm/internal/state/session.go:49.3,51.4 1 1
mcp-server-brainstorm/internal/state/session.go:54.2,55.55 2 1
mcp-server-brainstorm/internal/state/session.go:55.55,59.3 1 1
mcp-server-brainstorm/internal/state/session.go:61.2,61.22 1 1
mcp-server-brainstorm/internal/state/session.go:69.9,70.9 1 1
mcp-server-brainstorm/internal/state/session.go:71.20,72.19 1 0
mcp-server-brainstorm/internal/state/session.go:73.10,73.10 0 1
mcp-server-brainstorm/internal/state/session.go:75.2,77.16 3 1
mcp-server-brainstorm/internal/state/session.go:77.16,81.3 1 0
mcp-server-brainstorm/internal/state/session.go:83.2,90.16 3 1
mcp-server-brainstorm/internal/state/session.go:90.16,94.3 1 1
mcp-server-brainstorm/internal/state/session.go:96.2,96.54 1 1
mcp-server-brainstorm/internal/state/session.go:96.54,98.56 1 1
mcp-server-brainstorm/internal/state/session.go:98.56,101.4 1 0
mcp-server-brainstorm/internal/state/session.go:102.3,104.4 1 1
mcp-server-brainstorm/internal/state/session.go:107.2,107.12 1 1
mcp-server-brainstorm/internal/engine/clarification.go:63.34,64.9 1 1
mcp-server-brainstorm/internal/engine/clarification.go:65.20,66.24 1 0
mcp-server-brainstorm/internal/engine/clarification.go:67.10,67.10 0 1
mcp-server-brainstorm/internal/engine/clarification.go:70.2,73.33 3 1
mcp-server-brainstorm/internal/engine/clarification.go:73.33,75.39 2 1
mcp-server-brainstorm/internal/engine/clarification.go:75.39,80.34 2 1
mcp-server-brainstorm/internal/engine/clarification.go:80.34,81.57 1 1
mcp-server-brainstorm/internal/engine/clarification.go:81.57,83.11 2 1
mcp-server-brainstorm/internal/engine/clarification.go:87.4,87.23 1 1
mcp-server-brainstorm/internal/engine/clarification.go:87.23,89.5 1 1
mcp-server-brainstorm/internal/engine/clarification.go:93.2,93.19 1 1
mcp-server-brainstorm/internal/engine/clarification.go:100.41,102.16 2 1
mcp-server-brainstorm/internal/engine/clarification.go:102.16,104.3 1 0
mcp-server-brainstorm/internal/engine/clarification.go:106.2,107.20 2 1
mcp-server-brainstorm/internal/engine/clarification.go:107.20,112.3 1 1
mcp-server-brainstorm/internal/engine/clarification.go:112.8,114.3 1 1
mcp-server-brainstorm/internal/engine/clarification.go:116.2,119.20 3 1
mcp-server-brainstorm/internal/engine/clarification.go:119.20,120.27 1 1
mcp-server-brainstorm/internal/engine/clarification.go:120.27,123.32 3 1
mcp-server-brainstorm/internal/engine/clarification.go:123.32,125.5 1 1
mcp-server-brainstorm/internal/engine/clarification.go:126.4,127.81 2 1
mcp-server-brainstorm/internal/engine/clarification.go:129.8,131.3 1 1
mcp-server-brainstorm/internal/engine/clarification.go:133.2,137.8 1 1
mcp-server-brainstorm/internal/engine/decision.go:19.23,20.9 1 1
mcp-server-brainstorm/internal/engine/decision.go:21.20,22.33 1 0
mcp-server-brainstorm/internal/engine/decision.go:23.10,23.10 0 1
mcp-server-brainstorm/internal/engine/decision.go:26.2,27.21 2 1
mcp-server-brainstorm/internal/engine/decision.go:27.21,29.3 1 0
mcp-server-brainstorm/internal/engine/decision.go:32.2,35.44 3 1
mcp-server-brainstorm/internal/engine/decision.go:35.44,38.3 1 1
mcp-server-brainstorm/internal/engine/decision.go:39.2,40.37 1 1
mcp-server-brainstorm/internal/engine/decision.go:40.37,43.3 1 0
mcp-server-brainstorm/internal/engine/decision.go:45.2,69.17 9 1
mcp-server-brainstorm/internal/engine/design.go:98.21,99.9 1 1
mcp-server-brainstorm/internal/engine/design.go:100.20,101.24 1 0
mcp-server-brainstorm/internal/engine/design.go:102.10,102.10 0 1
mcp-server-brainstorm/internal/engine/design.go:104.2,107.42 3 1
mcp-server-brainstorm/internal/engine/design.go:107.42,108.37 1 1
mcp-server-brainstorm/internal/engine/design.go:108.37,109.35 1 1
mcp-server-brainstorm/internal/engine/design.go:109.35,113.10 2 1
mcp-server-brainstorm/internal/engine/design.go:119.2,119.26 1 1
mcp-server-brainstorm/internal/engine/design.go:119.26,123.3 1 1
mcp-server-brainstorm/internal/engine/design.go:125.2,125.24 1 1
mcp-server-brainstorm/internal/engine/design.go:275.35,276.9 1 1
mcp-server-brainstorm/internal/engine/design.go:277.20,278.45 1 0
mcp-server-brainstorm/internal/engine/design.go:279.10,279.10 0 1
mcp-server-brainstorm/internal/engine/design.go:281.2,285.40 4 1
mcp-server-brainstorm/internal/engine/design.go:285.40,286.35 1 1
mcp-server-brainstorm/internal/engine/design.go:286.35,287.35 1 1
mcp-server-brainstorm/internal/engine/design.go:287.35,290.10 3 1
mcp-server-brainstorm/internal/engine/design.go:293.3,293.12 1 1
mcp-server-brainstorm/internal/engine/design.go:293.12,294.9 1 1
mcp-server-brainstorm/internal/engine/design.go:298.2,298.12 1 1
mcp-server-brainstorm/internal/engine/design.go:298.12,306.3 1 1
mcp-server-brainstorm/internal/engine/design.go:308.2,320.17 8 1
mcp-server-brainstorm/internal/engine/design.go:436.35,437.9 1 1
mcp-server-brainstorm/internal/engine/design.go:438.20,439.24 1 0
mcp-server-brainstorm/internal/engine/design.go:440.10,440.10 0 1
mcp-server-brainstorm/internal/engine/design.go:442.2,445.40 3 1
mcp-server-brainstorm/internal/engine/design.go:445.40,452.42 5 1
mcp-server-brainstorm/internal/engine/design.go:452.42,453.36 1 1
mcp-server-brainstorm/internal/engine/design.go:453.36,455.10 2 1
mcp-server-brainstorm/internal/engine/design.go:459.3,459.15 1 1
mcp-server-brainstorm/internal/engine/design.go:459.15,461.37 2 1
mcp-server-brainstorm/internal/engine/design.go:461.37,462.43 1 1
mcp-server-brainstorm/internal/engine/design.go:462.43,468.6 3 1
mcp-server-brainstorm/internal/engine/design.go:470.4,470.18 1 1
mcp-server-brainstorm/internal/engine/design.go:470.18,475.5 1 1
mcp-server-brainstorm/internal/engine/design.go:476.9,479.4 1 1
mcp-server-brainstorm/internal/engine/design.go:482.3,482.17 1 1
mcp-server-brainstorm/internal/engine/design.go:482.17,484.4 1 1
mcp-server-brainstorm/internal/engine/design.go:486.3,490.5 1 1
mcp-server-brainstorm/internal/engine/design.go:493.2,493.21 1 1
mcp-server-brainstorm/internal/engine/design.go:501.38,502.9 1 1
mcp-server-brainstorm/internal/engine/design.go:503.20,504.24 1 0
mcp-server-brainstorm/internal/engine/design.go:505.10,505.10 0 1
mcp-server-brainstorm/internal/engine/design.go:507.2,521.19 11 1
mcp-server-brainstorm/internal/engine/design.go:521.19,532.3 1 0
mcp-server-brainstorm/internal/engine/design.go:534.2,534.17 1 1
mcp-server-brainstorm/internal/engine/design.go:537.83,540.40 1 1
mcp-server-brainstorm/internal/engine/design.go:540.40,545.3 1 1
mcp-server-brainstorm/internal/engine/design.go:546.2,546.12 1 1
mcp-server-brainstorm/internal/engine/design.go:549.80,553.40 1 1
mcp-server-brainstorm/internal/engine/design.go:553.40,558.3 1 1
mcp-server-brainstorm/internal/engine/design.go:559.2,559.12 1 1
mcp-server-brainstorm/internal/engine/design.go:562.83,565.38 1 1
mcp-server-brainstorm/internal/engine/design.go:565.38,570.3 1 1
mcp-server-brainstorm/internal/engine/design.go:571.2,571.12 1 0
mcp-server-brainstorm/internal/engine/design.go:574.85,577.40 1 1
mcp-server-brainstorm/internal/engine/design.go:577.40,582.3 1 0
mcp-server-brainstorm/internal/engine/design.go:583.2,583.12 1 1
mcp-server-brainstorm/internal/engine/design.go:586.83,589.46 1 1
mcp-server-brainstorm/internal/engine/design.go:589.46,594.3 1 1
mcp-server-brainstorm/internal/engine/design.go:595.2,595.12 1 1
mcp-server-brainstorm/internal/engine/design.go:598.83,601.38 1 1
mcp-server-brainstorm/internal/engine/design.go:601.38,606.3 1 0
mcp-server-brainstorm/internal/engine/design.go:607.2,607.12 1 1
mcp-server-brainstorm/internal/engine/design.go:610.82,613.37 1 1
mcp-server-brainstorm/internal/engine/design.go:613.37,618.3 1 1
mcp-server-brainstorm/internal/engine/design.go:619.2,619.12 1 1
mcp-server-brainstorm/internal/engine/design.go:622.82,625.38 1 1
mcp-server-brainstorm/internal/engine/design.go:625.38,630.3 1 0
mcp-server-brainstorm/internal/engine/design.go:631.2,631.12 1 1
mcp-server-brainstorm/internal/engine/design.go:639.36,641.16 2 1
mcp-server-brainstorm/internal/engine/design.go:641.16,643.3 1 0
mcp-server-brainstorm/internal/engine/design.go:644.2,645.16 2 1
mcp-server-brainstorm/internal/engine/design.go:645.16,647.3 1 0
mcp-server-brainstorm/internal/engine/design.go:648.2,649.16 2 1
mcp-server-brainstorm/internal/engine/design.go:649.16,651.3 1 0
mcp-server-brainstorm/internal/engine/design.go:653.2,654.22 2 1
mcp-server-brainstorm/internal/engine/design.go:654.22,659.3 1 1
mcp-server-brainstorm/internal/engine/design.go:661.2,668.28 6 1
mcp-server-brainstorm/internal/engine/design.go:668.28,673.3 1 1
mcp-server-brainstorm/internal/engine/design.go:676.2,676.22 1 1
mcp-server-brainstorm/internal/engine/design.go:676.22,678.29 2 1
mcp-server-brainstorm/internal/engine/design.go:678.29,683.4 1 1
mcp-server-brainstorm/internal/engine/design.go:687.2,687.25 1 1
mcp-server-brainstorm/internal/engine/design.go:687.25,689.32 2 1
mcp-server-brainstorm/internal/engine/design.go:689.32,691.4 1 1
mcp-server-brainstorm/internal/engine/design.go:694.2,701.8 1 1
mcp-server-brainstorm/internal/engine/discovery.go:20.25,32.20 4 1
mcp-server-brainstorm/internal/engine/discovery.go:32.20,34.17 2 1
mcp-server-brainstorm/internal/engine/discovery.go:34.17,36.4 1 1
mcp-server-brainstorm/internal/engine/discovery.go:37.3,38.13 2 1
mcp-server-brainstorm/internal/engine/discovery.go:42.2,42.20 1 1
mcp-server-brainstorm/internal/engine/discovery.go:42.20,44.17 2 1
mcp-server-brainstorm/internal/engine/discovery.go:44.17,46.4 1 0
mcp-server-brainstorm/internal/engine/discovery.go:47.3,48.13 2 1
mcp-server-brainstorm/internal/engine/discovery.go:51.2,51.33 1 1
mcp-server-brainstorm/internal/engine/discovery.go:51.33,53.3 1 1
mcp-server-brainstorm/internal/engine/discovery.go:56.2,56.18 1 1
mcp-server-brainstorm/internal/engine/discovery.go:56.18,63.3 1 1
mcp-server-brainstorm/internal/engine/discovery.go:64.2,64.16 1 1
mcp-server-brainstorm/internal/engine/discovery.go:64.16,71.3 1 0
mcp-server-brainstorm/internal/engine/discovery.go:72.2,74.18 2 1
mcp-server-brainstorm/internal/engine/discovery.go:77.94,82.81 4 1
mcp-server-brainstorm/internal/engine/discovery.go:82.81,83.17 1 1
mcp-server-brainstorm/internal/engine/discovery.go:83.17,85.4 1 1
mcp-server-brainstorm/internal/engine/discovery.go:86.3,86.10 1 1
mcp-server-brainstorm/internal/engine/discovery.go:87.21,88.20 1 0
mcp-server-brainstorm/internal/engine/discovery.go:89.11,89.11 0 1
mcp-server-brainstorm/internal/engine/discovery.go:92.3,92.16 1 1
mcp-server-brainstorm/internal/engine/discovery.go:92.16,94.50 2 1
mcp-server-brainstorm/internal/engine/discovery.go:94.50,96.5 1 0
mcp-server-brainstorm/internal/engine/discovery.go:97.4,97.14 1 1
mcp-server-brainstorm/internal/engine/discovery.go:100.3,101.40 2 1
mcp-server-brainstorm/internal/engine/discovery.go:101.40,103.4 1 0
mcp-server-brainstorm/internal/engine/discovery.go:104.3,104.91 1 1
mcp-server-brainstorm/internal/engine/discovery.go:104.91,106.4 1 1
mcp-server-brainstorm/internal/engine/discovery.go:107.3,107.13 1 1
mcp-server-brainstorm/internal/engine/discovery.go:109.2,109.36 1 1
mcp-server-brainstorm/internal/engine/discovery.go:112.98,122.34 8 1
mcp-server-brainstorm/internal/engine/discovery.go:122.34,128.3 1 1
mcp-server-brainstorm/internal/engine/discovery.go:130.2,130.11 1 1
mcp-server-brainstorm/internal/engine/discovery.go:130.11,132.17 2 0
mcp-server-brainstorm/internal/engine/discovery.go:132.17,140.4 1 0
mcp-server-brainstorm/internal/engine/discovery.go:140.9,142.4 1 0
mcp-server-brainstorm/internal/engine/discovery.go:144.2,144.18 1 1
mcp-server-brainstorm/internal/engine/discovery.go:153.37,155.16 2 1
mcp-server-brainstorm/internal/engine/discovery.go:155.16,157.3 1 0
mcp-server-brainstorm/internal/engine/discovery.go:160.2,162.16 3 1
mcp-server-brainstorm/internal/engine/discovery.go:162.16,164.3 1 0
mcp-server-brainstorm/internal/engine/discovery.go:166.2,167.19 2 1
mcp-server-brainstorm/internal/engine/discovery.go:167.19,172.3 1 1
mcp-server-brainstorm/internal/engine/discovery.go:175.2,177.19 3 1
mcp-server-brainstorm/internal/engine/discovery.go:177.19,180.26 3 1
mcp-server-brainstorm/internal/engine/discovery.go:180.26,185.4 1 1
mcp-server-brainstorm/internal/engine/discovery.go:186.8,188.3 1 0
mcp-server-brainstorm/internal/engine/discovery.go:189.2,202.8 2 1
mcp-server-brainstorm/internal/engine/discovery.go:211.19,212.9 1 1
mcp-server-brainstorm/internal/engine/discovery.go:213.20,214.23 1 0
mcp-server-brainstorm/internal/engine/discovery.go:215.10,215.10 0 1
mcp-server-brainstorm/internal/engine/discovery.go:217.2,217.27 1 1
mcp-server-brainstorm/internal/engine/discovery.go:217.27,223.3 2 1
mcp-server-brainstorm/internal/engine/discovery.go:225.2,225.24 1 1
mcp-server-brainstorm/internal/engine/discovery.go:226.19,228.38 1 1
mcp-server-brainstorm/internal/engine/discovery.go:229.23,231.32 1 1
mcp-server-brainstorm/internal/engine/discovery.go:232.10,235.23 1 1
mcp-server-brainstorm/internal/engine/engine.go:38.37,43.2 1 1
mcp-server-brainstorm/internal/engine/engine.go:47.50,48.16 1 1
mcp-server-brainstorm/internal/engine/engine.go:48.16,50.3 1 1
mcp-server-brainstorm/internal/engine/engine.go:51.2,51.26 1 1
mcp-server-brainstorm/internal/engine/engine.go:51.26,53.3 1 1
mcp-server-brainstorm/internal/engine/engine.go:54.2,54.43 1 1
mcp-server-brainstorm/internal/engine/engine.go:58.35,61.2 2 1
mcp-server-brainstorm/internal/registry/registry.go:27.37,31.2 3 1
mcp-server-brainstorm/internal/registry/registry.go:34.34,38.28 4 1
mcp-server-brainstorm/internal/registry/registry.go:38.28,40.3 1 1
mcp-server-brainstorm/internal/registry/registry.go:41.2,41.14 1 1
mcp-server-brainstorm/internal/handler/decision/tools.go:17.45,19.2 1 1
mcp-server-brainstorm/internal/handler/decision/tools.go:21.55,26.2 1 0
mcp-server-brainstorm/internal/handler/decision/tools.go:33.140,35.16 2 1
mcp-server-brainstorm/internal/handler/decision/tools.go:35.16,39.3 3 0
mcp-server-brainstorm/internal/handler/decision/tools.go:40.2,40.40 1 1
mcp-server-brainstorm/internal/handler/decision/tools.go:44.35,46.2 1 0
mcp-server-brainstorm/internal/handler/design/tools.go:17.44,19.2 1 1
mcp-server-brainstorm/internal/handler/design/tools.go:21.54,26.2 1 0
mcp-server-brainstorm/internal/handler/design/tools.go:32.137,34.16 2 1
mcp-server-brainstorm/internal/handler/design/tools.go:34.16,38.3 3 0
mcp-server-brainstorm/internal/handler/design/tools.go:39.2,39.41 1 1
mcp-server-brainstorm/internal/handler/design/tools.go:47.46,49.2 1 1
mcp-server-brainstorm/internal/handler/design/tools.go:51.56,56.2 1 0
mcp-server-brainstorm/internal/handler/design/tools.go:62.142,64.16 2 1
mcp-server-brainstorm/internal/handler/design/tools.go:64.16,68.3 3 0
mcp-server-brainstorm/internal/handler/design/tools.go:69.2,69.43 1 1
mcp-server-brainstorm/internal/handler/design/tools.go:77.49,79.2 1 1
mcp-server-brainstorm/internal/handler/design/tools.go:81.59,86.2 1 0
mcp-server-brainstorm/internal/handler/design/tools.go:92.148,94.16 2 1
mcp-server-brainstorm/internal/handler/design/tools.go:94.16,98.3 3 0
mcp-server-brainstorm/internal/handler/design/tools.go:99.2,99.41 1 1
mcp-server-brainstorm/internal/handler/design/tools.go:103.35,107.2 3 0
mcp-server-brainstorm/internal/handler/discovery/tools.go:20.45,22.2 1 1
mcp-server-brainstorm/internal/handler/discovery/tools.go:24.55,38.2 1 0
mcp-server-brainstorm/internal/handler/discovery/tools.go:44.140,46.16 2 1
mcp-server-brainstorm/internal/handler/discovery/tools.go:46.16,50.3 3 0
mcp-server-brainstorm/internal/handler/discovery/tools.go:52.2,53.16 2 1
mcp-server-brainstorm/internal/handler/discovery/tools.go:53.16,57.3 3 0
mcp-server-brainstorm/internal/handler/discovery/tools.go:59.2,59.60 1 1
mcp-server-brainstorm/internal/handler/discovery/tools.go:59.60,63.3 3 0
mcp-server-brainstorm/internal/handler/discovery/tools.go:65.2,65.41 1 1
mcp-server-brainstorm/internal/handler/discovery/tools.go:69.55,74.2 1 0
mcp-server-brainstorm/internal/handler/system/tools.go:22.57,27.16 4 1
mcp-server-brainstorm/internal/handler/system/tools.go:27.16,29.3 1 0
mcp-server-brainstorm/internal/handler/system/tools.go:31.2,31.42 1 1
mcp-server-brainstorm/internal/handler/system/tools.go:31.42,34.63 3 0
mcp-server-brainstorm/internal/handler/system/tools.go:34.63,36.4 1 0
mcp-server-brainstorm/internal/handler/system/tools.go:37.3,40.50 4 0
mcp-server-brainstorm/internal/handler/system/tools.go:40.50,42.4 1 0
mcp-server-brainstorm/internal/handler/system/tools.go:45.2,45.15 1 1
mcp-server-brainstorm/internal/handler/system/tools.go:48.38,52.2 3 1
mcp-server-brainstorm/internal/handler/system/tools.go:59.45,61.2 1 1
mcp-server-brainstorm/internal/handler/system/tools.go:63.55,68.2 1 0
mcp-server-brainstorm/internal/handler/system/tools.go:74.134,76.24 2 1
mcp-server-brainstorm/internal/handler/system/tools.go:76.24,78.3 1 1
mcp-server-brainstorm/internal/handler/system/tools.go:79.2,81.13 1 1
mcp-server-brainstorm/internal/handler/system/tools.go:85.40,87.49 2 1
mcp-server-brainstorm/internal/handler/system/tools.go:87.49,89.3 1 1
mcp-server-brainstorm/internal/handler/system/tools.go:90.2,90.21 1 1
mcp-server-brainstorm/internal/handler/system/tools.go:90.21,92.3 1 0
mcp-server-brainstorm/internal/handler/system/tools.go:93.2,93.49 1 1
mcp-server-brainstorm/internal/handler/system/tools.go:97.34,99.2 1 0
mcp-server-brainstorm/internal/util/logging.go:24.61,36.2 5 0
mcp-server-brainstorm/internal/util/logging.go:38.33,40.6 2 0
mcp-server-brainstorm/internal/util/logging.go:40.6,41.10 1 0
mcp-server-brainstorm/internal/util/logging.go:42.25,43.11 1 0
mcp-server-brainstorm/internal/util/logging.go:43.11,45.5 1 0
mcp-server-brainstorm/internal/util/logging.go:46.4,46.29 1 0
mcp-server-brainstorm/internal/util/logging.go:47.24,49.25 1 0
mcp-server-brainstorm/internal/util/logging.go:49.25,51.5 1 0
mcp-server-brainstorm/internal/util/logging.go:52.4,52.10 1 0
mcp-server-brainstorm/internal/util/logging.go:57.59,62.9 3 0
mcp-server-brainstorm/internal/util/logging.go:63.21,64.21 1 0
mcp-server-brainstorm/internal/util/logging.go:65.36,67.21 2 0
mcp-server-brainstorm/internal/util/logging.go:71.38,76.2 4 0
mcp-server-brainstorm/internal/util/logging.go:80.48,82.72 2 0
mcp-server-brainstorm/internal/util/logging.go:82.72,84.3 1 0
mcp-server-brainstorm/internal/util/logging.go:85.2,86.16 2 0
mcp-server-brainstorm/internal/util/logging.go:86.16,88.3 1 0
mcp-server-brainstorm/internal/util/logging.go:89.2,89.10 1 0
mcp-server-brainstorm/internal/util/logging.go:94.53,106.16 5 0
mcp-server-brainstorm/internal/util/logging.go:106.16,108.27 2 0
mcp-server-brainstorm/internal/util/logging.go:108.27,110.4 1 0
mcp-server-brainstorm/internal/util/mcp_helpers.go:11.38,11.52 1 0
mcp-server-brainstorm/internal/util/mcp_helpers.go:14.39,14.53 1 0
mcp-server-brainstorm/internal/util/mcp_helpers.go:22.3,23.134 1 0
mcp-server-brainstorm/internal/util/mcp_helpers.go:23.134,24.16 1 0
mcp-server-brainstorm/internal/util/mcp_helpers.go:24.16,25.32 1 0
mcp-server-brainstorm/internal/util/mcp_helpers.go:25.32,35.5 2 0
mcp-server-brainstorm/internal/util/mcp_helpers.go:37.3,37.34 1 0
