mode: set
mcp-server-magicskills/internal/engine/engine.go:31.19,35.4 3 1
mcp-server-magicskills/internal/engine/engine.go:49.26,54.2 1 1
mcp-server-magicskills/internal/engine/engine.go:57.68,65.29 4 1
mcp-server-magicskills/internal/engine/engine.go:65.29,67.21 2 1
mcp-server-magicskills/internal/engine/engine.go:67.21,69.18 2 1
mcp-server-magicskills/internal/engine/engine.go:69.18,71.5 1 0
mcp-server-magicskills/internal/engine/engine.go:72.4,73.18 2 1
mcp-server-magicskills/internal/engine/engine.go:73.18,75.5 1 0
mcp-server-magicskills/internal/engine/engine.go:77.4,77.11 1 1
mcp-server-magicskills/internal/engine/engine.go:78.23,79.22 1 0
mcp-server-magicskills/internal/engine/engine.go:80.12,80.12 0 1
mcp-server-magicskills/internal/engine/engine.go:83.4,91.14 8 1
mcp-server-magicskills/internal/engine/engine.go:95.2,95.33 1 1
mcp-server-magicskills/internal/engine/engine.go:95.33,97.3 1 0
mcp-server-magicskills/internal/engine/engine.go:99.2,100.29 2 1
mcp-server-magicskills/internal/engine/engine.go:100.29,101.32 1 1
mcp-server-magicskills/internal/engine/engine.go:101.32,103.4 1 1
mcp-server-magicskills/internal/engine/engine.go:106.2,110.28 5 1
mcp-server-magicskills/internal/engine/engine.go:110.28,112.3 1 1
mcp-server-magicskills/internal/engine/engine.go:113.2,114.12 2 1
mcp-server-magicskills/internal/engine/engine.go:117.39,120.29 3 1
mcp-server-magicskills/internal/engine/engine.go:120.29,122.32 2 1
mcp-server-magicskills/internal/engine/engine.go:122.32,124.4 1 1
mcp-server-magicskills/internal/engine/engine.go:126.2,128.21 3 1
mcp-server-magicskills/internal/engine/engine.go:128.21,130.3 1 1
mcp-server-magicskills/internal/engine/engine.go:133.71,135.16 2 1
mcp-server-magicskills/internal/engine/engine.go:135.16,137.3 1 1
mcp-server-magicskills/internal/engine/engine.go:139.2,143.94 4 1
mcp-server-magicskills/internal/engine/engine.go:143.94,145.3 1 0
mcp-server-magicskills/internal/engine/engine.go:147.2,148.16 2 1
mcp-server-magicskills/internal/engine/engine.go:148.16,150.3 1 1
mcp-server-magicskills/internal/engine/engine.go:151.2,160.12 9 1
mcp-server-magicskills/internal/engine/engine.go:163.59,167.40 3 1
mcp-server-magicskills/internal/engine/engine.go:167.40,171.3 3 1
mcp-server-magicskills/internal/engine/engine.go:174.62,179.2 4 1
mcp-server-magicskills/internal/engine/engine.go:181.54,182.46 1 1
mcp-server-magicskills/internal/engine/engine.go:182.46,185.30 3 1
mcp-server-magicskills/internal/engine/engine.go:185.30,186.17 1 1
mcp-server-magicskills/internal/engine/engine.go:186.17,188.5 1 0
mcp-server-magicskills/internal/engine/engine.go:199.82,207.12 6 1
mcp-server-magicskills/internal/engine/engine.go:207.12,209.3 1 0
mcp-server-magicskills/internal/engine/engine.go:211.2,212.30 2 1
mcp-server-magicskills/internal/engine/engine.go:212.30,213.34 1 1
mcp-server-magicskills/internal/engine/engine.go:213.34,215.4 1 1
mcp-server-magicskills/internal/engine/engine.go:215.9,217.4 1 0
mcp-server-magicskills/internal/engine/engine.go:220.2,221.29 2 1
mcp-server-magicskills/internal/engine/engine.go:221.29,222.10 1 1
mcp-server-magicskills/internal/engine/engine.go:223.21,224.14 1 0
mcp-server-magicskills/internal/engine/engine.go:225.11,225.11 0 1
mcp-server-magicskills/internal/engine/engine.go:228.3,235.31 3 1
mcp-server-magicskills/internal/engine/engine.go:235.31,237.38 2 1
mcp-server-magicskills/internal/engine/engine.go:237.38,238.35 1 1
mcp-server-magicskills/internal/engine/engine.go:238.35,240.6 1 1
mcp-server-magicskills/internal/engine/engine.go:242.4,242.40 1 1
mcp-server-magicskills/internal/engine/engine.go:242.40,243.51 1 1
mcp-server-magicskills/internal/engine/engine.go:243.51,245.6 1 1
mcp-server-magicskills/internal/engine/engine.go:248.4,248.39 1 1
mcp-server-magicskills/internal/engine/engine.go:248.39,250.5 1 1
mcp-server-magicskills/internal/engine/engine.go:252.4,252.14 1 1
mcp-server-magicskills/internal/engine/engine.go:252.14,254.5 1 1
mcp-server-magicskills/internal/engine/engine.go:256.3,256.16 1 1
mcp-server-magicskills/internal/engine/engine.go:256.16,258.4 1 1
mcp-server-magicskills/internal/engine/engine.go:261.2,261.54 1 1
mcp-server-magicskills/internal/engine/engine.go:261.54,262.24 1 1
mcp-server-magicskills/internal/engine/engine.go:262.24,264.4 1 1
mcp-server-magicskills/internal/engine/engine.go:265.3,265.24 1 0
mcp-server-magicskills/internal/engine/engine.go:265.24,267.4 1 0
mcp-server-magicskills/internal/engine/engine.go:268.3,268.11 1 0
mcp-server-magicskills/internal/engine/engine.go:271.2,272.28 2 1
mcp-server-magicskills/internal/engine/engine.go:272.28,274.3 1 1
mcp-server-magicskills/internal/engine/engine.go:275.2,275.15 1 1
mcp-server-magicskills/internal/engine/engine.go:278.77,282.9 4 1
mcp-server-magicskills/internal/engine/engine.go:282.9,284.3 1 0
mcp-server-magicskills/internal/engine/engine.go:286.2,286.74 1 1
mcp-server-magicskills/internal/engine/engine.go:286.74,287.37 1 1
mcp-server-magicskills/internal/engine/engine.go:287.37,289.4 1 1
mcp-server-magicskills/internal/engine/engine.go:292.2,293.21 2 1
mcp-server-magicskills/internal/engine/engine.go:293.21,295.3 1 0
mcp-server-magicskills/internal/engine/engine.go:296.2,296.19 1 1
mcp-server-magicskills/internal/engine/engine.go:299.70,301.20 2 1
mcp-server-magicskills/internal/engine/engine.go:301.20,303.3 1 1
mcp-server-magicskills/internal/engine/engine.go:305.2,306.64 2 1
mcp-server-magicskills/internal/engine/engine.go:306.64,308.3 1 0
mcp-server-magicskills/internal/engine/engine.go:310.2,310.21 1 1
mcp-server-magicskills/internal/engine/engine.go:310.21,312.3 1 0
mcp-server-magicskills/internal/engine/engine.go:314.2,324.8 4 1
mcp-server-magicskills/internal/engine/engine.go:327.43,330.26 3 1
mcp-server-magicskills/internal/engine/engine.go:330.26,332.3 1 1
mcp-server-magicskills/internal/engine/engine.go:333.2,333.15 1 1
mcp-server-magicskills/internal/engine/engine.go:336.38,340.2 3 1
mcp-server-magicskills/internal/engine/engine.go:342.45,344.15 2 1
mcp-server-magicskills/internal/engine/engine.go:344.15,347.3 2 1
mcp-server-magicskills/internal/engine/engine.go:349.2,350.34 2 1
mcp-server-magicskills/internal/engine/engine.go:350.34,352.3 1 1
mcp-server-magicskills/internal/engine/engine.go:354.2,361.42 2 1
mcp-server-magicskills/internal/engine/engine.go:361.42,363.31 2 1
mcp-server-magicskills/internal/engine/engine.go:363.31,364.35 1 1
mcp-server-magicskills/internal/engine/engine.go:364.35,366.10 2 1
mcp-server-magicskills/internal/engine/engine.go:370.3,370.20 1 1
mcp-server-magicskills/internal/engine/engine.go:370.20,373.4 2 1
mcp-server-magicskills/internal/engine/engine.go:376.2,376.38 1 1
mcp-server-magicskills/internal/engine/engine.go:379.34,389.29 4 1
mcp-server-magicskills/internal/engine/engine.go:389.29,391.20 2 1
mcp-server-magicskills/internal/engine/engine.go:391.20,392.12 1 0
mcp-server-magicskills/internal/engine/engine.go:395.3,396.29 2 1
mcp-server-magicskills/internal/engine/engine.go:396.29,398.4 1 1
mcp-server-magicskills/internal/engine/engine.go:400.3,405.20 5 1
mcp-server-magicskills/internal/engine/engine.go:405.20,406.12 1 0
mcp-server-magicskills/internal/engine/engine.go:409.3,413.20 4 1
mcp-server-magicskills/internal/engine/engine.go:413.20,415.4 1 1
mcp-server-magicskills/internal/engine/engine.go:417.3,417.33 1 1
mcp-server-magicskills/internal/engine/engine.go:420.2,420.34 1 1
mcp-server-magicskills/internal/engine/engine.go:423.54,427.23 3 1
mcp-server-magicskills/internal/engine/engine.go:427.23,429.3 1 0
mcp-server-magicskills/internal/engine/engine.go:431.2,431.30 1 1
mcp-server-magicskills/internal/engine/engine.go:431.30,435.25 4 1
mcp-server-magicskills/internal/engine/engine.go:435.25,437.4 1 1
mcp-server-magicskills/internal/engine/engine.go:438.3,438.75 1 1
mcp-server-magicskills/internal/engine/engine.go:441.2,441.17 1 1
mcp-server-magicskills/internal/scanner/scanner.go:25.51,27.16 2 1
mcp-server-magicskills/internal/scanner/scanner.go:27.16,29.3 1 0
mcp-server-magicskills/internal/scanner/scanner.go:30.2,33.8 1 1
mcp-server-magicskills/internal/scanner/scanner.go:37.40,40.16 3 1
mcp-server-magicskills/internal/scanner/scanner.go:40.16,42.3 1 0
mcp-server-magicskills/internal/scanner/scanner.go:44.2,45.6 2 1
mcp-server-magicskills/internal/scanner/scanner.go:45.6,46.180 1 1
mcp-server-magicskills/internal/scanner/scanner.go:46.180,48.64 2 1
mcp-server-magicskills/internal/scanner/scanner.go:48.64,49.33 1 1
mcp-server-magicskills/internal/scanner/scanner.go:49.33,51.6 1 1
mcp-server-magicskills/internal/scanner/scanner.go:55.3,56.26 2 1
mcp-server-magicskills/internal/scanner/scanner.go:56.26,57.9 1 1
mcp-server-magicskills/internal/scanner/scanner.go:59.3,59.21 1 1
mcp-server-magicskills/internal/scanner/scanner.go:61.2,61.14 1 1
mcp-server-magicskills/internal/scanner/scanner.go:64.48,65.29 1 1
mcp-server-magicskills/internal/scanner/scanner.go:65.29,66.18 1 1
mcp-server-magicskills/internal/scanner/scanner.go:66.18,68.4 1 1
mcp-server-magicskills/internal/scanner/scanner.go:70.2,70.14 1 1
mcp-server-magicskills/internal/scanner/scanner.go:74.67,81.31 3 1
mcp-server-magicskills/internal/scanner/scanner.go:81.31,82.17 1 1
mcp-server-magicskills/internal/scanner/scanner.go:82.17,83.12 1 0
mcp-server-magicskills/internal/scanner/scanner.go:86.3,87.21 2 1
mcp-server-magicskills/internal/scanner/scanner.go:87.21,88.81 1 1
mcp-server-magicskills/internal/scanner/scanner.go:88.81,89.19 1 1
mcp-server-magicskills/internal/scanner/scanner.go:89.19,91.6 1 0
mcp-server-magicskills/internal/scanner/scanner.go:93.5,93.12 1 1
mcp-server-magicskills/internal/scanner/scanner.go:94.24,95.23 1 0
mcp-server-magicskills/internal/scanner/scanner.go:96.13,96.13 0 1
mcp-server-magicskills/internal/scanner/scanner.go:99.5,100.19 2 1
mcp-server-magicskills/internal/scanner/scanner.go:100.19,102.6 1 0
mcp-server-magicskills/internal/scanner/scanner.go:103.5,103.57 1 1
mcp-server-magicskills/internal/scanner/scanner.go:103.57,105.6 1 0
mcp-server-magicskills/internal/scanner/scanner.go:107.5,107.45 1 1
mcp-server-magicskills/internal/scanner/scanner.go:107.45,111.62 4 1
mcp-server-magicskills/internal/scanner/scanner.go:111.62,113.7 1 0
mcp-server-magicskills/internal/scanner/scanner.go:115.5,115.15 1 1
mcp-server-magicskills/internal/scanner/scanner.go:120.2,120.33 1 1
mcp-server-magicskills/internal/scanner/scanner.go:120.33,121.23 1 0
mcp-server-magicskills/internal/scanner/scanner.go:121.23,123.4 1 0
mcp-server-magicskills/internal/scanner/scanner.go:124.3,124.65 1 0
mcp-server-magicskills/internal/scanner/scanner.go:127.2,128.52 2 1
mcp-server-magicskills/internal/scanner/scanner.go:128.52,131.24 3 0
mcp-server-magicskills/internal/scanner/scanner.go:131.24,133.4 1 0
mcp-server-magicskills/internal/scanner/scanner.go:134.3,134.24 1 0
mcp-server-magicskills/internal/scanner/scanner.go:134.24,136.4 1 0
mcp-server-magicskills/internal/scanner/scanner.go:137.3,137.31 1 0
mcp-server-magicskills/internal/scanner/scanner.go:140.2,140.24 1 1
mcp-server-magicskills/internal/scanner/scanner.go:144.103,145.12 1 1
mcp-server-magicskills/internal/scanner/scanner.go:145.12,146.7 1 1
mcp-server-magicskills/internal/scanner/scanner.go:146.7,147.11 1 1
mcp-server-magicskills/internal/scanner/scanner.go:148.22,149.11 1 1
mcp-server-magicskills/internal/scanner/scanner.go:150.41,151.12 1 1
mcp-server-magicskills/internal/scanner/scanner.go:151.12,153.6 1 0
mcp-server-magicskills/internal/scanner/scanner.go:154.5,154.50 1 1
mcp-server-magicskills/internal/scanner/scanner.go:154.50,155.53 1 1
mcp-server-magicskills/internal/scanner/scanner.go:155.53,157.7 1 1
mcp-server-magicskills/internal/scanner/scanner.go:157.12,157.61 1 1
mcp-server-magicskills/internal/scanner/scanner.go:157.61,159.7 1 1
mcp-server-magicskills/internal/scanner/scanner.go:161.39,162.12 1 0
mcp-server-magicskills/internal/scanner/scanner.go:162.12,164.6 1 0
mcp-server-magicskills/internal/scanner/scanner.go:165.5,165.46 1 0
mcp-server-magicskills/internal/handler/bootstrap/tools.go:18.39,18.73 1 1
mcp-server-magicskills/internal/handler/bootstrap/tools.go:24.49,29.2 1 0
mcp-server-magicskills/internal/handler/bootstrap/tools.go:31.139,32.22 1 1
mcp-server-magicskills/internal/handler/bootstrap/tools.go:32.22,36.3 3 0
mcp-server-magicskills/internal/handler/bootstrap/tools.go:38.2,39.9 2 1
mcp-server-magicskills/internal/handler/bootstrap/tools.go:39.9,43.3 3 0
mcp-server-magicskills/internal/handler/bootstrap/tools.go:45.2,46.9 2 1
mcp-server-magicskills/internal/handler/bootstrap/tools.go:46.9,48.3 1 0
mcp-server-magicskills/internal/handler/bootstrap/tools.go:49.2,49.9 1 1
mcp-server-magicskills/internal/handler/bootstrap/tools.go:49.9,53.3 1 0
mcp-server-magicskills/internal/handler/bootstrap/tools.go:55.2,58.26 4 1
mcp-server-magicskills/internal/handler/bootstrap/tools.go:58.26,60.75 2 1
mcp-server-magicskills/internal/handler/bootstrap/tools.go:60.75,62.4 1 1
mcp-server-magicskills/internal/handler/bootstrap/tools.go:62.9,62.51 1 0
mcp-server-magicskills/internal/handler/bootstrap/tools.go:62.51,64.4 1 0
mcp-server-magicskills/internal/handler/bootstrap/tools.go:67.2,67.26 1 1
mcp-server-magicskills/internal/handler/bootstrap/tools.go:67.26,71.3 1 0
mcp-server-magicskills/internal/handler/bootstrap/tools.go:73.2,75.13 1 1
mcp-server-magicskills/internal/handler/bootstrap/tools.go:79.35,81.2 1 0
mcp-server-magicskills/internal/registry/registry.go:24.30,28.2 1 1
mcp-server-magicskills/internal/registry/registry.go:31.40,33.2 1 1
mcp-server-magicskills/internal/registry/registry.go:36.50,39.2 2 0
mcp-server-magicskills/internal/registry/registry.go:42.34,44.28 2 1
mcp-server-magicskills/internal/registry/registry.go:44.28,46.3 1 1
mcp-server-magicskills/internal/registry/registry.go:47.2,47.13 1 1
mcp-server-magicskills/internal/handler/discovery/tools.go:18.34,18.63 1 1
mcp-server-magicskills/internal/handler/discovery/tools.go:20.44,25.2 1 0
mcp-server-magicskills/internal/handler/discovery/tools.go:27.128,32.42 4 1
mcp-server-magicskills/internal/handler/discovery/tools.go:32.42,34.3 1 0
mcp-server-magicskills/internal/handler/discovery/tools.go:36.2,38.13 1 1
mcp-server-magicskills/internal/handler/discovery/tools.go:46.35,46.65 1 1
mcp-server-magicskills/internal/handler/discovery/tools.go:52.45,57.2 1 0
mcp-server-magicskills/internal/handler/discovery/tools.go:59.131,60.24 1 1
mcp-server-magicskills/internal/handler/discovery/tools.go:60.24,64.3 3 0
mcp-server-magicskills/internal/handler/discovery/tools.go:66.2,67.23 2 1
mcp-server-magicskills/internal/handler/discovery/tools.go:67.23,71.3 1 1
mcp-server-magicskills/internal/handler/discovery/tools.go:73.2,76.28 4 0
mcp-server-magicskills/internal/handler/discovery/tools.go:76.28,78.13 2 0
mcp-server-magicskills/internal/handler/discovery/tools.go:78.13,80.4 1 0
mcp-server-magicskills/internal/handler/discovery/tools.go:81.3,81.101 1 0
mcp-server-magicskills/internal/handler/discovery/tools.go:84.2,90.13 4 0
mcp-server-magicskills/internal/handler/discovery/tools.go:94.35,97.2 2 0
mcp-server-magicskills/internal/handler/handler.go:25.57,30.16 4 1
mcp-server-magicskills/internal/handler/handler.go:30.16,32.3 1 0
mcp-server-magicskills/internal/handler/handler.go:34.2,34.35 1 1
mcp-server-magicskills/internal/handler/handler.go:34.35,37.63 3 1
mcp-server-magicskills/internal/handler/handler.go:37.63,39.4 1 1
mcp-server-magicskills/internal/handler/handler.go:40.3,44.17 5 1
mcp-server-magicskills/internal/handler/handler.go:44.17,46.4 1 0
mcp-server-magicskills/internal/handler/handler.go:48.2,48.15 1 1
mcp-server-magicskills/internal/handler/handler.go:51.38,55.2 3 1
mcp-server-magicskills/internal/handler/handler.go:64.137,65.28 1 1
mcp-server-magicskills/internal/handler/handler.go:66.30,73.39 6 0
mcp-server-magicskills/internal/handler/handler.go:73.39,75.4 1 0
mcp-server-magicskills/internal/handler/handler.go:77.3,85.9 1 0
mcp-server-magicskills/internal/handler/handler.go:86.28,95.9 1 1
mcp-server-magicskills/internal/handler/handler.go:96.10,97.60 1 0
mcp-server-magicskills/internal/handler/handler.go:102.63,116.2 2 0
mcp-server-magicskills/internal/handler/retrieval/tools.go:22.33,22.61 1 1
mcp-server-magicskills/internal/handler/retrieval/tools.go:30.43,35.2 1 0
mcp-server-magicskills/internal/handler/retrieval/tools.go:37.127,38.22 1 1
mcp-server-magicskills/internal/handler/retrieval/tools.go:38.22,42.3 3 0
mcp-server-magicskills/internal/handler/retrieval/tools.go:44.2,45.9 2 1
mcp-server-magicskills/internal/handler/retrieval/tools.go:45.9,49.3 3 1
mcp-server-magicskills/internal/handler/retrieval/tools.go:51.2,51.57 1 1
mcp-server-magicskills/internal/handler/retrieval/tools.go:51.57,54.38 3 0
mcp-server-magicskills/internal/handler/retrieval/tools.go:54.38,56.4 1 0
mcp-server-magicskills/internal/handler/retrieval/tools.go:57.3,57.38 1 0
mcp-server-magicskills/internal/handler/retrieval/tools.go:57.38,59.4 1 0
mcp-server-magicskills/internal/handler/retrieval/tools.go:60.3,60.55 1 0
mcp-server-magicskills/internal/handler/retrieval/tools.go:60.55,61.42 1 0
mcp-server-magicskills/internal/handler/retrieval/tools.go:61.42,65.5 3 0
mcp-server-magicskills/internal/handler/retrieval/tools.go:69.2,70.19 2 1
mcp-server-magicskills/internal/handler/retrieval/tools.go:70.19,72.13 2 1
mcp-server-magicskills/internal/handler/retrieval/tools.go:72.13,73.37 1 0
mcp-server-magicskills/internal/handler/retrieval/tools.go:73.37,74.37 1 0
mcp-server-magicskills/internal/handler/retrieval/tools.go:74.37,77.11 3 0
mcp-server-magicskills/internal/handler/retrieval/tools.go:81.3,81.12 1 1
mcp-server-magicskills/internal/handler/retrieval/tools.go:81.12,85.4 1 1
mcp-server-magicskills/internal/handler/retrieval/tools.go:88.2,88.41 1 0
mcp-server-magicskills/internal/handler/retrieval/tools.go:91.63,111.16 4 0
mcp-server-magicskills/internal/handler/retrieval/tools.go:111.16,113.3 1 0
mcp-server-magicskills/internal/handler/retrieval/tools.go:115.2,120.3 1 0
mcp-server-magicskills/internal/handler/retrieval/tools.go:124.35,126.2 1 0
mcp-server-magicskills/internal/handler/system/tools.go:22.42,22.80 1 0
mcp-server-magicskills/internal/handler/system/tools.go:28.52,33.2 1 0
mcp-server-magicskills/internal/handler/system/tools.go:35.145,36.22 1 0
mcp-server-magicskills/internal/handler/system/tools.go:36.22,40.3 3 0
mcp-server-magicskills/internal/handler/system/tools.go:42.2,43.9 2 0
mcp-server-magicskills/internal/handler/system/tools.go:43.9,47.3 3 0
mcp-server-magicskills/internal/handler/system/tools.go:49.2,49.43 1 0
mcp-server-magicskills/internal/handler/system/tools.go:49.43,53.3 1 0
mcp-server-magicskills/internal/handler/system/tools.go:55.2,57.50 3 0
mcp-server-magicskills/internal/handler/system/tools.go:57.50,58.47 1 0
mcp-server-magicskills/internal/handler/system/tools.go:58.47,60.4 1 0
mcp-server-magicskills/internal/handler/system/tools.go:60.9,62.4 1 0
mcp-server-magicskills/internal/handler/system/tools.go:65.2,67.22 3 0
mcp-server-magicskills/internal/handler/system/tools.go:67.22,69.29 2 0
mcp-server-magicskills/internal/handler/system/tools.go:69.29,71.4 1 0
mcp-server-magicskills/internal/handler/system/tools.go:73.2,73.20 1 0
mcp-server-magicskills/internal/handler/system/tools.go:73.20,75.27 2 0
mcp-server-magicskills/internal/handler/system/tools.go:75.27,77.4 1 0
mcp-server-magicskills/internal/handler/system/tools.go:80.2,80.22 1 0
mcp-server-magicskills/internal/handler/system/tools.go:80.22,84.3 1 0
mcp-server-magicskills/internal/handler/system/tools.go:85.2,88.13 2 0
mcp-server-magicskills/internal/handler/system/tools.go:97.37,97.70 1 1
mcp-server-magicskills/internal/handler/system/tools.go:103.47,108.2 1 0
mcp-server-magicskills/internal/handler/system/tools.go:110.135,111.66 1 1
mcp-server-magicskills/internal/handler/system/tools.go:111.66,114.17 3 0
mcp-server-magicskills/internal/handler/system/tools.go:114.17,119.4 4 0
mcp-server-magicskills/internal/handler/system/tools.go:120.3,120.53 1 0
mcp-server-magicskills/internal/handler/system/tools.go:120.53,125.4 4 0
mcp-server-magicskills/internal/handler/system/tools.go:126.3,129.23 2 0
mcp-server-magicskills/internal/handler/system/tools.go:131.2,133.22 3 1
mcp-server-magicskills/internal/handler/system/tools.go:137.57,140.2 2 0
mcp-server-magicskills/internal/config/config.go:16.30,19.16 3 0
mcp-server-magicskills/internal/config/config.go:19.16,22.3 1 0
mcp-server-magicskills/internal/config/config.go:24.2,24.54 1 0
mcp-server-magicskills/internal/config/config.go:24.54,26.3 1 0
mcp-server-magicskills/internal/config/config.go:28.2,40.31 2 0
mcp-server-magicskills/internal/config/config.go:40.31,41.14 1 0
mcp-server-magicskills/internal/config/config.go:41.14,42.12 1 0
mcp-server-magicskills/internal/config/config.go:44.3,44.58 1 0
mcp-server-magicskills/internal/config/config.go:44.58,46.4 1 0
mcp-server-magicskills/internal/config/config.go:50.2,52.26 3 0
mcp-server-magicskills/internal/config/config.go:52.26,54.17 2 0
mcp-server-magicskills/internal/config/config.go:54.17,56.4 1 0
mcp-server-magicskills/internal/config/config.go:57.3,58.30 2 0
mcp-server-magicskills/internal/config/config.go:58.30,61.4 2 0
mcp-server-magicskills/internal/config/config.go:63.2,63.15 1 0
mcp-server-magicskills/internal/util/logging.go:24.61,36.2 5 0
mcp-server-magicskills/internal/util/logging.go:38.33,40.6 2 0
mcp-server-magicskills/internal/util/logging.go:40.6,41.10 1 0
mcp-server-magicskills/internal/util/logging.go:42.25,43.11 1 0
mcp-server-magicskills/internal/util/logging.go:43.11,45.5 1 0
mcp-server-magicskills/internal/util/logging.go:46.4,46.29 1 0
mcp-server-magicskills/internal/util/logging.go:47.24,49.25 1 0
mcp-server-magicskills/internal/util/logging.go:49.25,51.5 1 0
mcp-server-magicskills/internal/util/logging.go:52.4,52.10 1 0
mcp-server-magicskills/internal/util/logging.go:57.59,62.9 3 0
mcp-server-magicskills/internal/util/logging.go:63.21,64.21 1 0
mcp-server-magicskills/internal/util/logging.go:65.36,67.21 2 0
mcp-server-magicskills/internal/util/logging.go:71.38,76.2 4 0
mcp-server-magicskills/internal/util/logging.go:80.53,90.16 5 0
mcp-server-magicskills/internal/util/logging.go:90.16,92.3 1 0
mcp-server-magicskills/internal/util/mcp_helpers.go:13.38,13.52 1 0
mcp-server-magicskills/internal/util/mcp_helpers.go:17.39,17.53 1 0
mcp-server-magicskills/internal/util/mcp_helpers.go:25.3,26.134 1 0
mcp-server-magicskills/internal/util/mcp_helpers.go:26.134,27.16 1 0
mcp-server-magicskills/internal/util/mcp_helpers.go:27.16,28.32 1 0
mcp-server-magicskills/internal/util/mcp_helpers.go:28.32,38.5 2 0
mcp-server-magicskills/internal/util/mcp_helpers.go:40.3,40.34 1 0
