mode: set
mcp-server-magicskills/internal/engine/engine.go:36.26,41.2 1 1
mcp-server-magicskills/internal/engine/engine.go:43.47,53.29 3 1
mcp-server-magicskills/internal/engine/engine.go:53.29,54.21 1 1
mcp-server-magicskills/internal/engine/engine.go:54.21,56.18 2 1
mcp-server-magicskills/internal/engine/engine.go:56.18,58.5 1 0
mcp-server-magicskills/internal/engine/engine.go:59.4,60.18 2 1
mcp-server-magicskills/internal/engine/engine.go:60.18,62.5 1 0
mcp-server-magicskills/internal/engine/engine.go:63.4,70.58 6 1
mcp-server-magicskills/internal/engine/engine.go:70.58,72.5 1 1
mcp-server-magicskills/internal/engine/engine.go:73.4,74.14 2 1
mcp-server-magicskills/internal/engine/engine.go:78.2,84.28 6 1
mcp-server-magicskills/internal/engine/engine.go:84.28,86.3 1 1
mcp-server-magicskills/internal/engine/engine.go:87.2,87.12 1 1
mcp-server-magicskills/internal/engine/engine.go:91.50,93.16 2 1
mcp-server-magicskills/internal/engine/engine.go:93.16,95.3 1 1
mcp-server-magicskills/internal/engine/engine.go:97.2,101.94 4 1
mcp-server-magicskills/internal/engine/engine.go:101.94,103.3 1 0
mcp-server-magicskills/internal/engine/engine.go:105.2,106.16 2 1
mcp-server-magicskills/internal/engine/engine.go:106.16,108.3 1 1
mcp-server-magicskills/internal/engine/engine.go:109.2,117.12 8 1
mcp-server-magicskills/internal/engine/engine.go:121.38,125.40 3 1
mcp-server-magicskills/internal/engine/engine.go:125.40,128.3 2 1
mcp-server-magicskills/internal/engine/engine.go:132.62,137.2 4 1
mcp-server-magicskills/internal/engine/engine.go:140.54,141.46 1 1
mcp-server-magicskills/internal/engine/engine.go:141.46,144.30 3 1
mcp-server-magicskills/internal/engine/engine.go:144.30,145.17 1 1
mcp-server-magicskills/internal/engine/engine.go:145.17,147.5 1 0
mcp-server-magicskills/internal/engine/engine.go:158.61,166.29 6 1
mcp-server-magicskills/internal/engine/engine.go:166.29,171.31 4 1
mcp-server-magicskills/internal/engine/engine.go:171.31,172.34 1 1
mcp-server-magicskills/internal/engine/engine.go:172.34,174.5 1 1
mcp-server-magicskills/internal/engine/engine.go:175.4,175.34 1 1
mcp-server-magicskills/internal/engine/engine.go:175.34,177.5 1 1
mcp-server-magicskills/internal/engine/engine.go:178.4,178.40 1 1
mcp-server-magicskills/internal/engine/engine.go:178.40,179.51 1 1
mcp-server-magicskills/internal/engine/engine.go:179.51,181.6 1 1
mcp-server-magicskills/internal/engine/engine.go:184.3,184.16 1 1
mcp-server-magicskills/internal/engine/engine.go:184.16,186.4 1 1
mcp-server-magicskills/internal/engine/engine.go:190.2,190.54 1 1
mcp-server-magicskills/internal/engine/engine.go:190.54,192.3 1 1
mcp-server-magicskills/internal/engine/engine.go:194.2,195.28 2 1
mcp-server-magicskills/internal/engine/engine.go:195.28,197.3 1 1
mcp-server-magicskills/internal/engine/engine.go:198.2,198.15 1 1
mcp-server-magicskills/internal/engine/engine.go:202.56,206.9 4 1
mcp-server-magicskills/internal/engine/engine.go:206.9,208.3 1 0
mcp-server-magicskills/internal/engine/engine.go:211.2,211.74 1 1
mcp-server-magicskills/internal/engine/engine.go:211.74,212.37 1 1
mcp-server-magicskills/internal/engine/engine.go:212.37,214.4 1 1
mcp-server-magicskills/internal/engine/engine.go:218.2,219.21 2 1
mcp-server-magicskills/internal/engine/engine.go:219.21,221.3 1 0
mcp-server-magicskills/internal/engine/engine.go:222.2,222.19 1 1
mcp-server-magicskills/internal/engine/engine.go:225.70,228.20 2 1
mcp-server-magicskills/internal/engine/engine.go:228.20,230.3 1 1
mcp-server-magicskills/internal/engine/engine.go:232.2,233.64 2 1
mcp-server-magicskills/internal/engine/engine.go:233.64,235.3 1 0
mcp-server-magicskills/internal/engine/engine.go:237.2,237.21 1 1
mcp-server-magicskills/internal/engine/engine.go:237.21,239.3 1 0
mcp-server-magicskills/internal/engine/engine.go:241.2,250.8 4 1
mcp-server-magicskills/internal/engine/engine.go:253.38,257.2 3 1
mcp-server-magicskills/internal/engine/engine.go:260.45,265.34 4 1
mcp-server-magicskills/internal/engine/engine.go:265.34,267.3 1 1
mcp-server-magicskills/internal/engine/engine.go:270.2,277.42 2 1
mcp-server-magicskills/internal/engine/engine.go:277.42,279.31 2 1
mcp-server-magicskills/internal/engine/engine.go:279.31,280.35 1 1
mcp-server-magicskills/internal/engine/engine.go:280.35,282.10 2 1
mcp-server-magicskills/internal/engine/engine.go:286.3,286.20 1 1
mcp-server-magicskills/internal/engine/engine.go:286.20,289.4 2 1
mcp-server-magicskills/internal/engine/engine.go:292.2,292.38 1 1
mcp-server-magicskills/internal/engine/engine.go:295.34,306.29 4 1
mcp-server-magicskills/internal/engine/engine.go:306.29,308.20 2 1
mcp-server-magicskills/internal/engine/engine.go:308.20,309.12 1 0
mcp-server-magicskills/internal/engine/engine.go:312.3,313.29 2 1
mcp-server-magicskills/internal/engine/engine.go:313.29,315.4 1 1
mcp-server-magicskills/internal/engine/engine.go:318.3,323.20 5 1
mcp-server-magicskills/internal/engine/engine.go:323.20,324.12 1 0
mcp-server-magicskills/internal/engine/engine.go:328.3,333.23 4 1
mcp-server-magicskills/internal/engine/engine.go:333.23,335.4 1 1
mcp-server-magicskills/internal/engine/engine.go:337.3,337.33 1 1
mcp-server-magicskills/internal/engine/engine.go:340.2,340.34 1 1
mcp-server-magicskills/internal/engine/engine.go:343.54,347.23 3 1
mcp-server-magicskills/internal/engine/engine.go:347.23,349.3 1 0
mcp-server-magicskills/internal/engine/engine.go:351.2,351.30 1 1
mcp-server-magicskills/internal/engine/engine.go:351.30,355.25 4 1
mcp-server-magicskills/internal/engine/engine.go:355.25,357.4 1 1
mcp-server-magicskills/internal/engine/engine.go:358.3,358.75 1 1
mcp-server-magicskills/internal/engine/engine.go:361.2,361.17 1 1
mcp-server-magicskills/internal/scanner/scanner.go:21.51,23.16 2 1
mcp-server-magicskills/internal/scanner/scanner.go:23.16,25.3 1 0
mcp-server-magicskills/internal/scanner/scanner.go:26.2,29.8 1 1
mcp-server-magicskills/internal/scanner/scanner.go:34.40,37.16 3 1
mcp-server-magicskills/internal/scanner/scanner.go:37.16,39.3 1 0
mcp-server-magicskills/internal/scanner/scanner.go:41.2,42.6 2 1
mcp-server-magicskills/internal/scanner/scanner.go:42.6,44.180 1 1
mcp-server-magicskills/internal/scanner/scanner.go:44.180,46.64 2 1
mcp-server-magicskills/internal/scanner/scanner.go:46.64,48.5 1 1
mcp-server-magicskills/internal/scanner/scanner.go:51.3,52.26 2 1
mcp-server-magicskills/internal/scanner/scanner.go:52.26,53.9 1 1
mcp-server-magicskills/internal/scanner/scanner.go:55.3,55.21 1 1
mcp-server-magicskills/internal/scanner/scanner.go:59.2,60.16 2 1
mcp-server-magicskills/internal/scanner/scanner.go:60.16,62.3 1 0
mcp-server-magicskills/internal/scanner/scanner.go:63.2,69.29 2 1
mcp-server-magicskills/internal/scanner/scanner.go:69.29,70.35 1 1
mcp-server-magicskills/internal/scanner/scanner.go:70.35,72.103 1 0
mcp-server-magicskills/internal/scanner/scanner.go:72.103,75.19 3 0
mcp-server-magicskills/internal/scanner/scanner.go:75.19,76.14 1 0
mcp-server-magicskills/internal/scanner/scanner.go:78.5,78.31 1 0
mcp-server-magicskills/internal/scanner/scanner.go:78.31,79.29 1 0
mcp-server-magicskills/internal/scanner/scanner.go:79.29,81.7 1 0
mcp-server-magicskills/internal/scanner/scanner.go:87.2,87.14 1 1
mcp-server-magicskills/internal/scanner/scanner.go:90.48,91.29 1 1
mcp-server-magicskills/internal/scanner/scanner.go:91.29,92.18 1 1
mcp-server-magicskills/internal/scanner/scanner.go:92.18,94.4 1 1
mcp-server-magicskills/internal/scanner/scanner.go:96.2,96.14 1 1
mcp-server-magicskills/internal/scanner/scanner.go:100.48,107.31 2 1
mcp-server-magicskills/internal/scanner/scanner.go:107.31,108.17 1 1
mcp-server-magicskills/internal/scanner/scanner.go:108.17,109.12 1 0
mcp-server-magicskills/internal/scanner/scanner.go:112.3,112.21 1 1
mcp-server-magicskills/internal/scanner/scanner.go:112.21,115.84 1 1
mcp-server-magicskills/internal/scanner/scanner.go:115.84,116.19 1 1
mcp-server-magicskills/internal/scanner/scanner.go:116.19,118.6 1 0
mcp-server-magicskills/internal/scanner/scanner.go:120.5,121.19 2 1
mcp-server-magicskills/internal/scanner/scanner.go:121.19,123.6 1 0
mcp-server-magicskills/internal/scanner/scanner.go:124.5,124.57 1 1
mcp-server-magicskills/internal/scanner/scanner.go:124.57,126.6 1 0
mcp-server-magicskills/internal/scanner/scanner.go:128.5,128.45 1 1
mcp-server-magicskills/internal/scanner/scanner.go:128.45,132.62 4 1
mcp-server-magicskills/internal/scanner/scanner.go:132.63,134.7 0 0
mcp-server-magicskills/internal/scanner/scanner.go:136.5,136.15 1 1
mcp-server-magicskills/internal/scanner/scanner.go:138.4,138.14 1 1
mcp-server-magicskills/internal/scanner/scanner.go:142.2,142.33 1 1
mcp-server-magicskills/internal/scanner/scanner.go:142.33,144.3 1 0
mcp-server-magicskills/internal/scanner/scanner.go:146.2,146.24 1 1
mcp-server-magicskills/internal/scanner/scanner.go:150.82,151.12 1 1
mcp-server-magicskills/internal/scanner/scanner.go:151.12,152.7 1 1
mcp-server-magicskills/internal/scanner/scanner.go:152.7,153.11 1 1
mcp-server-magicskills/internal/scanner/scanner.go:154.41,155.12 1 1
mcp-server-magicskills/internal/scanner/scanner.go:155.12,157.6 1 0
mcp-server-magicskills/internal/scanner/scanner.go:159.5,159.50 1 1
mcp-server-magicskills/internal/scanner/scanner.go:159.50,160.53 1 1
mcp-server-magicskills/internal/scanner/scanner.go:160.53,162.7 1 1
mcp-server-magicskills/internal/scanner/scanner.go:162.12,162.61 1 1
mcp-server-magicskills/internal/scanner/scanner.go:162.61,164.7 1 1
mcp-server-magicskills/internal/scanner/scanner.go:166.39,167.12 1 1
mcp-server-magicskills/internal/scanner/scanner.go:167.12,169.6 1 1
mcp-server-magicskills/internal/scanner/scanner.go:170.5,170.55 1 0
mcp-server-magicskills/internal/handler/handler.go:28.57,33.16 4 1
mcp-server-magicskills/internal/handler/handler.go:33.16,35.3 1 0
mcp-server-magicskills/internal/handler/handler.go:37.2,37.35 1 1
mcp-server-magicskills/internal/handler/handler.go:37.35,40.63 3 1
mcp-server-magicskills/internal/handler/handler.go:40.63,42.4 1 1
mcp-server-magicskills/internal/handler/handler.go:43.3,46.31 4 1
mcp-server-magicskills/internal/handler/handler.go:48.2,48.15 1 1
mcp-server-magicskills/internal/handler/handler.go:51.38,55.2 3 1
mcp-server-magicskills/internal/handler/handler.go:63.135,64.28 1 1
mcp-server-magicskills/internal/handler/handler.go:65.30,72.39 6 1
mcp-server-magicskills/internal/handler/handler.go:72.39,74.4 1 1
mcp-server-magicskills/internal/handler/handler.go:76.3,82.9 1 1
mcp-server-magicskills/internal/handler/handler.go:83.28,90.9 1 1
mcp-server-magicskills/internal/handler/handler.go:91.10,92.71 1 1
mcp-server-magicskills/internal/handler/handler.go:96.139,108.2 2 1
mcp-server-magicskills/internal/handler/handler.go:110.124,113.16 3 1
mcp-server-magicskills/internal/handler/handler.go:113.16,115.3 1 1
mcp-server-magicskills/internal/handler/handler.go:117.2,118.9 2 1
mcp-server-magicskills/internal/handler/handler.go:118.9,120.3 1 1
mcp-server-magicskills/internal/handler/handler.go:123.2,123.19 1 1
mcp-server-magicskills/internal/handler/handler.go:123.19,125.13 2 1
mcp-server-magicskills/internal/handler/handler.go:125.13,127.37 1 0
mcp-server-magicskills/internal/handler/handler.go:127.37,128.37 1 0
mcp-server-magicskills/internal/handler/handler.go:128.37,131.11 3 0
mcp-server-magicskills/internal/handler/handler.go:135.3,135.12 1 1
mcp-server-magicskills/internal/handler/handler.go:135.12,137.4 1 1
mcp-server-magicskills/internal/handler/handler.go:140.2,140.36 1 1
mcp-server-magicskills/internal/handler/handler.go:143.126,148.42 4 1
mcp-server-magicskills/internal/handler/handler.go:148.42,150.3 1 1
mcp-server-magicskills/internal/handler/handler.go:152.2,152.47 1 1
mcp-server-magicskills/internal/handler/handler.go:157.129,159.16 2 1
mcp-server-magicskills/internal/handler/handler.go:159.16,161.3 1 0
mcp-server-magicskills/internal/handler/handler.go:163.2,164.9 2 1
mcp-server-magicskills/internal/handler/handler.go:164.9,166.3 1 0
mcp-server-magicskills/internal/handler/handler.go:168.2,169.9 2 1
mcp-server-magicskills/internal/handler/handler.go:169.9,171.3 1 0
mcp-server-magicskills/internal/handler/handler.go:172.2,172.9 1 1
mcp-server-magicskills/internal/handler/handler.go:172.9,174.3 1 0
mcp-server-magicskills/internal/handler/handler.go:176.2,179.26 4 1
mcp-server-magicskills/internal/handler/handler.go:179.26,181.75 2 1
mcp-server-magicskills/internal/handler/handler.go:181.75,183.4 1 1
mcp-server-magicskills/internal/handler/handler.go:183.9,183.51 1 1
mcp-server-magicskills/internal/handler/handler.go:183.51,185.4 1 1
mcp-server-magicskills/internal/handler/handler.go:188.2,188.26 1 1
mcp-server-magicskills/internal/handler/handler.go:188.26,190.3 1 0
mcp-server-magicskills/internal/handler/handler.go:192.2,192.71 1 1
mcp-server-magicskills/internal/handler/handler.go:195.127,197.18 2 1
mcp-server-magicskills/internal/handler/handler.go:197.18,199.3 1 0
mcp-server-magicskills/internal/handler/handler.go:201.2,202.23 2 1
mcp-server-magicskills/internal/handler/handler.go:202.23,204.3 1 0
mcp-server-magicskills/internal/handler/handler.go:207.2,210.28 4 1
mcp-server-magicskills/internal/handler/handler.go:210.28,212.13 2 1
mcp-server-magicskills/internal/handler/handler.go:212.13,214.4 1 1
mcp-server-magicskills/internal/handler/handler.go:215.3,215.101 1 1
mcp-server-magicskills/internal/handler/handler.go:218.2,222.47 4 1
mcp-server-magicskills/internal/handler/handler.go:225.63,253.2 4 1
mcp-server-magicskills/main.go:25.13,29.18 3 0
mcp-server-magicskills/main.go:29.18,32.3 2 0
mcp-server-magicskills/main.go:34.2,37.37 3 0
mcp-server-magicskills/main.go:37.37,40.3 2 0
mcp-server-magicskills/main.go:43.41,55.34 6 0
mcp-server-magicskills/main.go:55.34,56.60 1 0
mcp-server-magicskills/main.go:56.60,59.4 2 0
mcp-server-magicskills/main.go:62.2,63.16 2 0
mcp-server-magicskills/main.go:63.16,65.3 1 0
mcp-server-magicskills/main.go:66.2,70.16 3 0
mcp-server-magicskills/main.go:70.16,72.3 1 0
mcp-server-magicskills/main.go:73.2,73.42 1 0
mcp-server-magicskills/main.go:73.42,75.3 1 0
mcp-server-magicskills/main.go:76.2,86.29 5 0
mcp-server-magicskills/main.go:86.29,87.48 1 0
mcp-server-magicskills/main.go:87.48,89.4 1 0
mcp-server-magicskills/main.go:89.9,91.4 1 0
mcp-server-magicskills/main.go:92.23,95.3 2 0
mcp-server-magicskills/main.go:97.2,97.12 1 0
mcp-server-magicskills/main.go:97.12,100.3 2 0
mcp-server-magicskills/main.go:102.2,102.34 1 0
mcp-server-magicskills/main.go:105.49,109.2 3 1
mcp-server-magicskills/main.go:111.30,114.16 3 1
mcp-server-magicskills/main.go:114.16,116.3 1 0
mcp-server-magicskills/main.go:118.2,118.54 1 1
mcp-server-magicskills/main.go:118.54,119.45 1 1
mcp-server-magicskills/main.go:119.45,121.4 1 1
mcp-server-magicskills/main.go:124.2,134.31 2 1
mcp-server-magicskills/main.go:134.31,135.58 1 1
mcp-server-magicskills/main.go:135.58,137.4 1 0
mcp-server-magicskills/main.go:141.2,142.14 2 1
mcp-server-magicskills/main.go:145.117,165.171 5 1
mcp-server-magicskills/main.go:165.171,167.61 2 0
mcp-server-magicskills/main.go:167.61,172.4 4 0
mcp-server-magicskills/main.go:173.3,173.53 1 0
