mode: set
mcp-server-duckduckgo/main.go:15.13,16.59 1 1
mcp-server-duckduckgo/main.go:16.59,19.3 2 0
mcp-server-duckduckgo/main.go:22.50,24.20 2 1
mcp-server-duckduckgo/main.go:24.20,27.3 2 1
mcp-server-duckduckgo/main.go:28.2,29.43 2 1
mcp-server-duckduckgo/main.go:29.43,31.3 1 1
mcp-server-duckduckgo/main.go:33.2,33.18 1 1
mcp-server-duckduckgo/main.go:33.18,36.3 2 1
mcp-server-duckduckgo/main.go:38.2,39.29 2 0
mcp-server-duckduckgo/main.go:42.69,81.2 7 1
mcp-server-duckduckgo/main.go:87.26,88.93 1 1
mcp-server-duckduckgo/main.go:88.93,90.17 2 1
mcp-server-duckduckgo/main.go:90.17,92.4 1 1
mcp-server-duckduckgo/main.go:93.3,96.17 3 1
mcp-server-duckduckgo/main.go:96.17,98.4 1 1
mcp-server-duckduckgo/main.go:100.3,104.17 2 1
mcp-server-duckduckgo/main.go:104.17,106.4 1 0
mcp-server-duckduckgo/main.go:107.3,107.21 1 1
mcp-server-duckduckgo/version.go:8.21,10.2 1 1
mcp-server-duckduckgo/internal/engine/client.go:26.43,28.21 2 1
mcp-server-duckduckgo/internal/engine/client.go:28.21,30.3 1 1
mcp-server-duckduckgo/internal/engine/client.go:31.2,31.34 1 1
mcp-server-duckduckgo/internal/engine/client.go:40.38,55.2 2 1
mcp-server-duckduckgo/internal/engine/client.go:58.113,60.16 2 1
mcp-server-duckduckgo/internal/engine/client.go:60.16,62.3 1 0
mcp-server-duckduckgo/internal/engine/client.go:63.2,64.17 2 1
mcp-server-duckduckgo/internal/engine/client.go:67.82,69.16 2 1
mcp-server-duckduckgo/internal/engine/client.go:69.16,71.3 1 0
mcp-server-duckduckgo/internal/engine/client.go:73.2,78.16 5 1
mcp-server-duckduckgo/internal/engine/client.go:78.16,80.3 1 1
mcp-server-duckduckgo/internal/engine/client.go:81.2,84.16 3 1
mcp-server-duckduckgo/internal/engine/client.go:84.16,86.3 1 0
mcp-server-duckduckgo/internal/engine/client.go:88.2,88.33 1 1
mcp-server-duckduckgo/internal/engine/client.go:88.33,90.23 2 1
mcp-server-duckduckgo/internal/engine/client.go:90.23,92.4 1 1
mcp-server-duckduckgo/internal/engine/client.go:95.2,95.48 1 1
mcp-server-duckduckgo/internal/engine/image.go:15.118,17.16 2 1
mcp-server-duckduckgo/internal/engine/image.go:17.16,19.3 1 1
mcp-server-duckduckgo/internal/engine/image.go:21.2,23.16 3 1
mcp-server-duckduckgo/internal/engine/image.go:23.16,25.3 1 0
mcp-server-duckduckgo/internal/engine/image.go:26.2,29.16 3 1
mcp-server-duckduckgo/internal/engine/image.go:29.16,31.3 1 0
mcp-server-duckduckgo/internal/engine/image.go:32.2,34.38 2 1
mcp-server-duckduckgo/internal/engine/image.go:34.38,36.3 1 1
mcp-server-duckduckgo/internal/engine/image.go:38.2,48.95 2 1
mcp-server-duckduckgo/internal/engine/image.go:48.95,50.3 1 1
mcp-server-duckduckgo/internal/engine/image.go:52.2,53.33 2 1
mcp-server-duckduckgo/internal/engine/image.go:53.33,54.22 1 1
mcp-server-duckduckgo/internal/engine/image.go:54.22,55.9 1 0
mcp-server-duckduckgo/internal/engine/image.go:57.3,63.5 1 1
mcp-server-duckduckgo/internal/engine/image.go:65.2,65.21 1 1
mcp-server-duckduckgo/internal/engine/mirror.go:17.117,29.30 6 1
mcp-server-duckduckgo/internal/engine/mirror.go:29.30,30.23 1 1
mcp-server-duckduckgo/internal/engine/mirror.go:30.23,32.11 2 1
mcp-server-duckduckgo/internal/engine/mirror.go:33.38,34.36 1 1
mcp-server-duckduckgo/internal/engine/mirror.go:34.36,36.6 1 1
mcp-server-duckduckgo/internal/engine/mirror.go:37.27,37.27 0 1
mcp-server-duckduckgo/internal/engine/mirror.go:43.2,44.36 2 1
mcp-server-duckduckgo/internal/engine/mirror.go:44.36,45.10 1 1
mcp-server-duckduckgo/internal/engine/mirror.go:46.25,47.43 1 1
mcp-server-duckduckgo/internal/engine/mirror.go:47.43,49.5 1 1
mcp-server-duckduckgo/internal/engine/mirror.go:50.4,50.22 1 1
mcp-server-duckduckgo/internal/engine/mirror.go:50.22,52.5 1 1
mcp-server-duckduckgo/internal/engine/mirror.go:53.21,54.25 1 0
mcp-server-duckduckgo/internal/engine/mirror.go:58.2,58.20 1 1
mcp-server-duckduckgo/internal/engine/mirror.go:58.20,60.3 1 1
mcp-server-duckduckgo/internal/engine/mirror.go:61.2,61.75 1 0
mcp-server-duckduckgo/internal/engine/mirror.go:65.123,70.16 4 1
mcp-server-duckduckgo/internal/engine/mirror.go:70.16,72.3 1 0
mcp-server-duckduckgo/internal/engine/mirror.go:74.2,75.16 2 1
mcp-server-duckduckgo/internal/engine/mirror.go:75.16,77.3 1 1
mcp-server-duckduckgo/internal/engine/mirror.go:78.2,80.38 2 1
mcp-server-duckduckgo/internal/engine/mirror.go:80.38,82.3 1 1
mcp-server-duckduckgo/internal/engine/mirror.go:84.2,85.16 2 1
mcp-server-duckduckgo/internal/engine/mirror.go:85.16,87.3 1 1
mcp-server-duckduckgo/internal/engine/mirror.go:90.2,94.16 4 1
mcp-server-duckduckgo/internal/engine/mirror.go:94.16,96.3 1 0
mcp-server-duckduckgo/internal/engine/mirror.go:98.2,99.89 2 1
mcp-server-duckduckgo/internal/engine/mirror.go:99.89,100.33 1 1
mcp-server-duckduckgo/internal/engine/mirror.go:100.33,102.4 1 0
mcp-server-duckduckgo/internal/engine/mirror.go:104.3,105.27 2 1
mcp-server-duckduckgo/internal/engine/mirror.go:105.27,107.4 1 0
mcp-server-duckduckgo/internal/engine/mirror.go:108.3,111.28 3 1
mcp-server-duckduckgo/internal/engine/mirror.go:111.28,113.4 1 0
mcp-server-duckduckgo/internal/engine/mirror.go:115.3,116.56 2 1
mcp-server-duckduckgo/internal/engine/mirror.go:116.56,117.59 1 1
mcp-server-duckduckgo/internal/engine/mirror.go:117.59,119.5 1 0
mcp-server-duckduckgo/internal/engine/mirror.go:121.3,121.19 1 1
mcp-server-duckduckgo/internal/engine/mirror.go:121.19,123.4 1 1
mcp-server-duckduckgo/internal/engine/mirror.go:126.3,129.99 3 1
mcp-server-duckduckgo/internal/engine/mirror.go:129.99,132.17 3 1
mcp-server-duckduckgo/internal/engine/mirror.go:132.17,134.5 1 0
mcp-server-duckduckgo/internal/engine/mirror.go:135.4,135.53 1 1
mcp-server-duckduckgo/internal/engine/mirror.go:135.53,137.5 1 1
mcp-server-duckduckgo/internal/engine/mirror.go:137.10,137.63 1 0
mcp-server-duckduckgo/internal/engine/mirror.go:137.63,139.5 1 0
mcp-server-duckduckgo/internal/engine/mirror.go:142.3,142.32 1 1
mcp-server-duckduckgo/internal/engine/mirror.go:142.32,144.40 2 1
mcp-server-duckduckgo/internal/engine/mirror.go:144.40,146.5 1 1
mcp-server-duckduckgo/internal/engine/mirror.go:148.4,149.30 2 1
mcp-server-duckduckgo/internal/engine/mirror.go:149.30,150.22 1 0
mcp-server-duckduckgo/internal/engine/mirror.go:150.22,152.11 2 0
mcp-server-duckduckgo/internal/engine/mirror.go:156.4,156.20 1 1
mcp-server-duckduckgo/internal/engine/mirror.go:156.20,164.5 1 1
mcp-server-duckduckgo/internal/engine/mirror.go:168.2,168.21 1 1
mcp-server-duckduckgo/internal/engine/news.go:16.117,18.16 2 1
mcp-server-duckduckgo/internal/engine/news.go:18.16,20.3 1 1
mcp-server-duckduckgo/internal/engine/news.go:22.2,24.16 3 1
mcp-server-duckduckgo/internal/engine/news.go:24.16,26.3 1 0
mcp-server-duckduckgo/internal/engine/news.go:27.2,30.16 3 1
mcp-server-duckduckgo/internal/engine/news.go:30.16,32.3 1 1
mcp-server-duckduckgo/internal/engine/news.go:33.2,35.38 2 1
mcp-server-duckduckgo/internal/engine/news.go:35.38,37.3 1 1
mcp-server-duckduckgo/internal/engine/news.go:39.2,50.95 2 1
mcp-server-duckduckgo/internal/engine/news.go:50.95,52.3 1 1
mcp-server-duckduckgo/internal/engine/news.go:54.2,55.33 2 1
mcp-server-duckduckgo/internal/engine/news.go:55.33,56.22 1 1
mcp-server-duckduckgo/internal/engine/news.go:56.22,57.9 1 0
mcp-server-duckduckgo/internal/engine/news.go:60.3,61.29 2 1
mcp-server-duckduckgo/internal/engine/news.go:62.15,63.15 1 1
mcp-server-duckduckgo/internal/engine/news.go:64.16,65.63 1 1
mcp-server-duckduckgo/internal/engine/news.go:66.14,67.56 1 0
mcp-server-duckduckgo/internal/engine/news.go:70.3,77.5 1 1
mcp-server-duckduckgo/internal/engine/news.go:79.2,79.21 1 1
mcp-server-duckduckgo/internal/engine/video.go:15.118,17.16 2 1
mcp-server-duckduckgo/internal/engine/video.go:17.16,19.3 1 1
mcp-server-duckduckgo/internal/engine/video.go:21.2,23.16 3 1
mcp-server-duckduckgo/internal/engine/video.go:23.16,25.3 1 0
mcp-server-duckduckgo/internal/engine/video.go:26.2,29.16 3 1
mcp-server-duckduckgo/internal/engine/video.go:29.16,31.3 1 0
mcp-server-duckduckgo/internal/engine/video.go:32.2,34.38 2 1
mcp-server-duckduckgo/internal/engine/video.go:34.38,36.3 1 1
mcp-server-duckduckgo/internal/engine/video.go:38.2,49.95 2 1
mcp-server-duckduckgo/internal/engine/video.go:49.95,51.3 1 1
mcp-server-duckduckgo/internal/engine/video.go:53.2,54.33 2 1
mcp-server-duckduckgo/internal/engine/video.go:54.33,55.22 1 1
mcp-server-duckduckgo/internal/engine/video.go:55.22,56.9 1 0
mcp-server-duckduckgo/internal/engine/video.go:58.3,65.5 1 1
mcp-server-duckduckgo/internal/engine/video.go:67.2,67.21 1 1
mcp-server-duckduckgo/internal/engine/web.go:16.116,22.16 5 1
mcp-server-duckduckgo/internal/engine/web.go:22.16,24.3 1 0
mcp-server-duckduckgo/internal/engine/web.go:26.2,30.16 4 1
mcp-server-duckduckgo/internal/engine/web.go:30.16,32.3 1 0
mcp-server-duckduckgo/internal/engine/web.go:33.2,35.38 2 1
mcp-server-duckduckgo/internal/engine/web.go:35.38,37.3 1 1
mcp-server-duckduckgo/internal/engine/web.go:39.2,40.16 2 1
mcp-server-duckduckgo/internal/engine/web.go:40.16,42.3 1 1
mcp-server-duckduckgo/internal/engine/web.go:44.2,45.65 2 1
mcp-server-duckduckgo/internal/engine/web.go:45.65,46.33 1 1
mcp-server-duckduckgo/internal/engine/web.go:46.33,48.4 1 0
mcp-server-duckduckgo/internal/engine/web.go:49.3,53.42 4 1
mcp-server-duckduckgo/internal/engine/web.go:53.42,59.4 1 1
mcp-server-duckduckgo/internal/engine/web.go:62.2,62.21 1 1
