mode: set
mcp-server-magictools/main.go:26.13,28.11 2 0
mcp-server-magictools/main.go:28.11,31.3 2 0
mcp-server-magictools/main.go:33.2,85.40 21 0
mcp-server-magictools/main.go:85.40,87.3 1 0
mcp-server-magictools/main.go:91.42,99.2 7 0
mcp-server-magictools/main.go:101.36,113.18 5 0
mcp-server-magictools/main.go:113.18,116.3 2 0
mcp-server-magictools/main.go:118.2,118.57 1 0
mcp-server-magictools/main.go:126.62,130.53 3 0
mcp-server-magictools/main.go:130.53,132.3 1 0
mcp-server-magictools/main.go:133.2,133.20 1 0
mcp-server-magictools/main.go:141.62,143.2 1 0
mcp-server-magictools/main.go:145.76,146.31 1 0
mcp-server-magictools/main.go:146.31,147.28 1 0
mcp-server-magictools/main.go:147.28,149.4 1 0
mcp-server-magictools/main.go:151.2,151.14 1 0
mcp-server-magictools/main.go:154.73,156.31 2 0
mcp-server-magictools/main.go:156.31,157.30 1 0
mcp-server-magictools/main.go:157.30,158.51 1 0
mcp-server-magictools/main.go:158.51,160.5 1 0
mcp-server-magictools/main.go:163.2,163.19 1 0
mcp-server-magictools/main.go:163.19,165.3 1 0
mcp-server-magictools/main.go:166.2,166.12 1 0
mcp-server-magictools/main.go:169.66,171.31 2 0
mcp-server-magictools/main.go:171.31,173.3 1 0
mcp-server-magictools/main.go:174.2,174.37 1 0
mcp-server-magictools/main.go:177.60,179.31 2 0
mcp-server-magictools/main.go:179.31,181.3 1 0
mcp-server-magictools/main.go:182.2,182.37 1 0
mcp-server-magictools/main.go:185.59,188.21 3 0
mcp-server-magictools/main.go:188.21,191.3 2 0
mcp-server-magictools/main.go:194.134,197.16 2 0
mcp-server-magictools/main.go:197.16,200.3 2 0
mcp-server-magictools/main.go:201.2,205.50 3 0
mcp-server-magictools/main.go:205.50,207.3 1 0
mcp-server-magictools/main.go:208.2,213.16 4 0
mcp-server-magictools/main.go:213.16,216.3 2 0
mcp-server-magictools/main.go:219.2,222.32 3 0
mcp-server-magictools/main.go:225.35,227.94 2 0
mcp-server-magictools/main.go:227.94,228.39 1 0
mcp-server-magictools/main.go:228.39,231.4 2 0
mcp-server-magictools/main.go:233.2,234.12 2 0
mcp-server-magictools/main.go:237.63,241.6 4 0
mcp-server-magictools/main.go:241.6,242.10 1 0
mcp-server-magictools/main.go:243.21,244.10 1 0
mcp-server-magictools/main.go:245.19,246.35 1 0
mcp-server-magictools/main.go:246.35,250.5 3 0
mcp-server-magictools/main.go:255.45,260.6 4 0
mcp-server-magictools/main.go:260.6,261.10 1 0
mcp-server-magictools/main.go:262.21,263.10 1 0
mcp-server-magictools/main.go:264.15,265.8 1 0
mcp-server-magictools/main.go:265.8,268.31 3 0
mcp-server-magictools/main.go:268.31,269.11 1 0
mcp-server-magictools/main.go:271.5,271.99 1 0
mcp-server-magictools/version.go:8.21,10.2 1 1
mcp-server-magictools/internal/engine/mux.go:32.115,46.2 4 0
mcp-server-magictools/internal/engine/mux.go:48.79,53.12 4 0
mcp-server-magictools/internal/engine/mux.go:53.12,55.7 2 0
mcp-server-magictools/internal/engine/mux.go:55.7,57.13 2 0
mcp-server-magictools/internal/engine/mux.go:57.13,59.5 1 0
mcp-server-magictools/internal/engine/mux.go:60.4,60.18 1 0
mcp-server-magictools/internal/engine/mux.go:60.18,62.5 1 0
mcp-server-magictools/internal/engine/mux.go:67.77,74.16 3 0
mcp-server-magictools/internal/engine/mux.go:74.16,76.3 1 0
mcp-server-magictools/internal/engine/mux.go:77.2,80.8 1 0
mcp-server-magictools/internal/engine/mux.go:89.83,91.9 2 0
mcp-server-magictools/internal/engine/mux.go:91.9,93.3 1 0
mcp-server-magictools/internal/engine/mux.go:98.2,102.79 3 0
mcp-server-magictools/internal/engine/mux.go:102.79,108.38 3 0
mcp-server-magictools/internal/engine/mux.go:108.38,110.4 1 0
mcp-server-magictools/internal/engine/mux.go:113.2,121.41 5 0
mcp-server-magictools/internal/engine/mux.go:121.41,123.17 2 0
mcp-server-magictools/internal/engine/mux.go:123.17,125.4 1 0
mcp-server-magictools/internal/engine/mux.go:129.2,137.39 4 0
mcp-server-magictools/internal/engine/mux.go:140.54,144.2 2 0
mcp-server-magictools/internal/engine/mux.go:146.73,150.26 3 0
mcp-server-magictools/internal/engine/mux.go:150.26,152.36 2 0
mcp-server-magictools/internal/engine/mux.go:152.36,152.53 1 0
mcp-server-magictools/internal/engine/mux.go:153.3,153.43 1 0
mcp-server-magictools/internal/engine/mux.go:153.43,153.60 1 0
mcp-server-magictools/internal/engine/mux.go:156.2,156.13 1 0
mcp-server-magictools/internal/engine/mux.go:156.13,158.103 1 0
mcp-server-magictools/internal/engine/mux.go:158.103,160.4 1 0
mcp-server-magictools/internal/engine/mux.go:162.2,162.13 1 0
mcp-server-magictools/internal/engine/mux.go:162.13,163.112 1 0
mcp-server-magictools/internal/engine/mux.go:163.112,165.4 1 0
mcp-server-magictools/internal/engine/mux.go:168.2,168.14 1 0
mcp-server-magictools/internal/engine/sync.go:33.62,38.2 1 1
mcp-server-magictools/internal/engine/sync.go:49.74,51.31 1 1
mcp-server-magictools/internal/engine/sync.go:51.31,53.17 2 1
mcp-server-magictools/internal/engine/sync.go:53.17,55.4 1 0
mcp-server-magictools/internal/engine/sync.go:55.9,57.4 1 1
mcp-server-magictools/internal/engine/sync.go:60.2,71.29 7 1
mcp-server-magictools/internal/engine/sync.go:71.29,73.21 2 0
mcp-server-magictools/internal/engine/sync.go:73.21,74.11 1 0
mcp-server-magictools/internal/engine/sync.go:75.27,76.18 1 0
mcp-server-magictools/internal/engine/sync.go:76.18,77.34 1 0
mcp-server-magictools/internal/engine/sync.go:77.34,84.7 6 0
mcp-server-magictools/internal/engine/sync.go:85.6,85.11 1 0
mcp-server-magictools/internal/engine/sync.go:90.5,100.19 7 0
mcp-server-magictools/internal/engine/sync.go:100.19,105.6 4 0
mcp-server-magictools/internal/engine/sync.go:107.5,109.15 3 0
mcp-server-magictools/internal/engine/sync.go:110.23,111.15 1 0
mcp-server-magictools/internal/engine/sync.go:116.2,116.33 1 1
mcp-server-magictools/internal/engine/sync.go:116.33,118.3 1 0
mcp-server-magictools/internal/engine/sync.go:119.2,123.20 4 1
mcp-server-magictools/internal/engine/sync.go:129.69,131.49 2 0
mcp-server-magictools/internal/engine/sync.go:131.49,132.21 1 0
mcp-server-magictools/internal/engine/sync.go:132.21,134.9 2 0
mcp-server-magictools/internal/engine/sync.go:138.2,138.15 1 0
mcp-server-magictools/internal/engine/sync.go:138.15,140.3 1 0
mcp-server-magictools/internal/engine/sync.go:143.2,143.99 1 0
mcp-server-magictools/internal/engine/sync.go:143.99,145.3 1 0
mcp-server-magictools/internal/engine/sync.go:145.8,148.56 2 0
mcp-server-magictools/internal/engine/sync.go:148.56,150.4 1 0
mcp-server-magictools/internal/engine/sync.go:154.2,159.12 4 0
mcp-server-magictools/internal/engine/sync.go:164.88,169.94 2 0
mcp-server-magictools/internal/engine/sync.go:169.94,172.3 2 0
mcp-server-magictools/internal/engine/sync.go:175.2,175.37 1 0
mcp-server-magictools/internal/engine/sync.go:175.37,181.13 2 0
mcp-server-magictools/internal/engine/sync.go:181.13,182.107 1 0
mcp-server-magictools/internal/engine/sync.go:182.107,184.5 1 0
mcp-server-magictools/internal/engine/sync.go:187.3,187.50 1 0
mcp-server-magictools/internal/engine/sync.go:191.2,192.16 2 0
mcp-server-magictools/internal/engine/sync.go:192.16,194.3 1 0
mcp-server-magictools/internal/engine/sync.go:199.2,200.9 2 0
mcp-server-magictools/internal/engine/sync.go:200.9,202.3 1 0
mcp-server-magictools/internal/engine/sync.go:204.2,205.16 2 0
mcp-server-magictools/internal/engine/sync.go:205.16,207.3 1 0
mcp-server-magictools/internal/engine/sync.go:210.2,211.37 2 0
mcp-server-magictools/internal/engine/sync.go:211.37,213.3 1 0
mcp-server-magictools/internal/engine/sync.go:215.2,216.32 2 0
mcp-server-magictools/internal/engine/sync.go:216.32,217.23 1 0
mcp-server-magictools/internal/engine/sync.go:217.23,218.12 1 0
mcp-server-magictools/internal/engine/sync.go:221.3,236.75 3 0
mcp-server-magictools/internal/engine/sync.go:236.75,238.4 1 0
mcp-server-magictools/internal/engine/sync.go:240.3,240.50 1 0
mcp-server-magictools/internal/engine/sync.go:240.50,242.4 1 0
mcp-server-magictools/internal/engine/sync.go:243.3,243.12 1 0
mcp-server-magictools/internal/engine/sync.go:246.2,247.21 2 0
mcp-server-magictools/internal/engine/sync.go:250.37,252.16 2 0
mcp-server-magictools/internal/engine/sync.go:252.16,255.3 2 0
mcp-server-magictools/internal/engine/sync.go:256.2,256.47 1 0
mcp-server-magictools/internal/engine/sync.go:259.43,261.9 2 1
mcp-server-magictools/internal/engine/sync.go:262.104,263.18 1 1
mcp-server-magictools/internal/engine/sync.go:264.164,265.18 1 1
mcp-server-magictools/internal/engine/sync.go:266.95,267.22 1 0
mcp-server-magictools/internal/engine/sync.go:268.137,269.18 1 0
mcp-server-magictools/internal/engine/sync.go:270.133,271.18 1 0
mcp-server-magictools/internal/engine/sync.go:272.165,273.18 1 0
mcp-server-magictools/internal/engine/sync.go:274.25,275.16 1 1
mcp-server-magictools/internal/engine/sync.go:276.10,277.18 1 1
mcp-server-magictools/internal/engine/sync.go:281.53,282.19 1 0
mcp-server-magictools/internal/engine/sync.go:282.19,284.3 1 0
mcp-server-magictools/internal/engine/sync.go:287.2,287.50 1 0
mcp-server-magictools/internal/engine/sync.go:287.50,289.3 1 0
mcp-server-magictools/internal/engine/sync.go:293.2,294.16 2 0
mcp-server-magictools/internal/engine/sync.go:294.16,297.3 2 0
mcp-server-magictools/internal/engine/sync.go:299.2,300.49 2 0
mcp-server-magictools/internal/engine/sync.go:300.49,303.3 2 0
mcp-server-magictools/internal/engine/sync.go:306.2,306.17 1 0
mcp-server-magictools/internal/engine/sync.go:306.17,308.3 1 0
mcp-server-magictools/internal/engine/sync.go:310.2,310.10 1 0
mcp-server-magictools/internal/engine/sync.go:313.44,314.21 1 0
mcp-server-magictools/internal/engine/sync.go:314.21,316.3 1 0
mcp-server-magictools/internal/engine/sync.go:318.2,319.24 2 0
mcp-server-magictools/internal/engine/sync.go:319.24,321.3 1 0
mcp-server-magictools/internal/engine/sync.go:322.2,322.21 1 0
mcp-server-magictools/internal/engine/sync.go:322.21,324.3 1 0
mcp-server-magictools/internal/engine/sync.go:325.2,325.13 1 0
mcp-server-magictools/internal/engine/sync.go:328.46,337.26 5 0
mcp-server-magictools/internal/engine/sync.go:337.26,339.48 2 0
mcp-server-magictools/internal/engine/sync.go:339.48,342.24 3 0
mcp-server-magictools/internal/engine/sync.go:342.24,343.10 1 0
mcp-server-magictools/internal/engine/sync.go:347.2,347.34 1 0
mcp-server-magictools/internal/engine/sync.go:351.57,356.75 3 0
mcp-server-magictools/internal/engine/sync.go:356.75,358.3 1 0
mcp-server-magictools/internal/config/config.go:47.37,49.16 2 0
mcp-server-magictools/internal/config/config.go:49.16,51.3 1 0
mcp-server-magictools/internal/config/config.go:52.2,52.47 1 0
mcp-server-magictools/internal/config/config.go:69.53,76.2 5 1
mcp-server-magictools/internal/config/config.go:79.63,83.2 3 1
mcp-server-magictools/internal/config/config.go:86.53,88.18 2 0
mcp-server-magictools/internal/config/config.go:88.18,90.17 2 0
mcp-server-magictools/internal/config/config.go:90.17,92.4 1 0
mcp-server-magictools/internal/config/config.go:93.3,93.46 1 0
mcp-server-magictools/internal/config/config.go:96.2,97.22 2 0
mcp-server-magictools/internal/config/config.go:97.22,99.3 1 0
mcp-server-magictools/internal/config/config.go:100.2,100.22 1 0
mcp-server-magictools/internal/config/config.go:100.22,102.17 2 0
mcp-server-magictools/internal/config/config.go:102.17,104.4 1 0
mcp-server-magictools/internal/config/config.go:105.3,105.80 1 0
mcp-server-magictools/internal/config/config.go:108.2,109.16 2 0
mcp-server-magictools/internal/config/config.go:109.16,111.3 1 0
mcp-server-magictools/internal/config/config.go:112.2,117.32 4 0
mcp-server-magictools/internal/config/config.go:117.32,119.3 1 0
mcp-server-magictools/internal/config/config.go:121.2,121.17 1 0
mcp-server-magictools/internal/config/config.go:125.41,127.16 2 1
mcp-server-magictools/internal/config/config.go:127.16,128.25 1 0
mcp-server-magictools/internal/config/config.go:128.25,136.57 4 0
mcp-server-magictools/internal/config/config.go:136.57,138.5 1 0
mcp-server-magictools/internal/config/config.go:139.9,141.4 1 0
mcp-server-magictools/internal/config/config.go:144.2,145.51 2 1
mcp-server-magictools/internal/config/config.go:145.51,147.3 1 0
mcp-server-magictools/internal/config/config.go:149.2,159.36 3 1
mcp-server-magictools/internal/config/config.go:159.36,160.52 1 0
mcp-server-magictools/internal/config/config.go:161.16,162.31 1 0
mcp-server-magictools/internal/config/config.go:163.17,164.31 1 0
mcp-server-magictools/internal/config/config.go:165.16,166.32 1 0
mcp-server-magictools/internal/config/config.go:170.2,170.17 1 1
mcp-server-magictools/internal/config/config.go:174.44,176.2 1 0
mcp-server-magictools/internal/config/config.go:179.58,181.37 2 1
mcp-server-magictools/internal/config/config.go:181.37,183.3 1 1
mcp-server-magictools/internal/config/config.go:184.2,184.14 1 1
mcp-server-magictools/internal/config/config.go:188.52,190.42 2 1
mcp-server-magictools/internal/config/config.go:190.42,191.23 1 1
mcp-server-magictools/internal/config/config.go:191.23,192.12 1 1
mcp-server-magictools/internal/config/config.go:194.3,194.22 1 1
mcp-server-magictools/internal/config/config.go:194.22,195.12 1 1
mcp-server-magictools/internal/config/config.go:197.3,203.5 1 1
mcp-server-magictools/internal/config/config.go:205.2,205.16 1 1
mcp-server-magictools/internal/config/watcher.go:33.68,41.2 1 1
mcp-server-magictools/internal/config/watcher.go:44.33,46.16 2 1
mcp-server-magictools/internal/config/watcher.go:46.16,48.3 1 0
mcp-server-magictools/internal/config/watcher.go:49.2,51.46 2 1
mcp-server-magictools/internal/config/watcher.go:51.46,53.3 1 0
mcp-server-magictools/internal/config/watcher.go:55.2,61.6 5 1
mcp-server-magictools/internal/config/watcher.go:61.6,62.10 1 1
mcp-server-magictools/internal/config/watcher.go:63.17,64.28 1 1
mcp-server-magictools/internal/config/watcher.go:64.28,66.5 1 1
mcp-server-magictools/internal/config/watcher.go:67.4,68.14 2 1
mcp-server-magictools/internal/config/watcher.go:70.23,72.20 1 0
mcp-server-magictools/internal/config/watcher.go:74.34,75.11 1 1
mcp-server-magictools/internal/config/watcher.go:75.11,77.5 1 0
mcp-server-magictools/internal/config/watcher.go:79.4,79.93 1 1
mcp-server-magictools/internal/config/watcher.go:79.93,81.29 1 1
mcp-server-magictools/internal/config/watcher.go:81.29,83.6 1 0
mcp-server-magictools/internal/config/watcher.go:84.5,84.65 1 1
mcp-server-magictools/internal/config/watcher.go:84.65,86.6 1 1
mcp-server-magictools/internal/config/watcher.go:89.32,90.11 1 0
mcp-server-magictools/internal/config/watcher.go:90.11,92.5 1 0
mcp-server-magictools/internal/config/watcher.go:93.4,93.52 1 0
mcp-server-magictools/internal/config/watcher.go:99.26,100.9 1 1
mcp-server-magictools/internal/config/watcher.go:101.16,101.16 0 0
mcp-server-magictools/internal/config/watcher.go:103.10,104.16 1 1
mcp-server-magictools/internal/config/watcher.go:109.58,113.2 3 0
mcp-server-magictools/internal/config/watcher.go:115.34,117.16 2 1
mcp-server-magictools/internal/config/watcher.go:117.16,120.3 2 0
mcp-server-magictools/internal/config/watcher.go:122.2,133.31 7 1
mcp-server-magictools/internal/config/watcher.go:133.31,134.24 1 1
mcp-server-magictools/internal/config/watcher.go:134.24,137.4 2 1
mcp-server-magictools/internal/config/watcher.go:141.2,141.31 1 1
mcp-server-magictools/internal/config/watcher.go:141.31,142.24 1 1
mcp-server-magictools/internal/config/watcher.go:142.24,145.4 2 1
mcp-server-magictools/internal/db/badger.go:49.80,53.6 3 0
mcp-server-magictools/internal/db/badger.go:53.6,54.10 1 0
mcp-server-magictools/internal/db/badger.go:55.21,56.10 1 0
mcp-server-magictools/internal/db/badger.go:57.19,60.18 2 0
mcp-server-magictools/internal/db/badger.go:60.18,62.5 1 0
mcp-server-magictools/internal/db/badger.go:62.10,62.41 1 0
mcp-server-magictools/internal/db/badger.go:62.41,64.5 1 0
mcp-server-magictools/internal/db/badger.go:70.44,71.48 1 1
mcp-server-magictools/internal/db/badger.go:71.48,73.3 1 0
mcp-server-magictools/internal/db/badger.go:75.2,75.50 1 1
mcp-server-magictools/internal/db/badger.go:75.50,77.3 1 0
mcp-server-magictools/internal/db/badger.go:79.2,79.42 1 1
mcp-server-magictools/internal/db/badger.go:79.42,81.3 1 0
mcp-server-magictools/internal/db/badger.go:84.2,89.16 3 1
mcp-server-magictools/internal/db/badger.go:89.16,91.3 1 0
mcp-server-magictools/internal/db/badger.go:94.2,95.16 2 1
mcp-server-magictools/internal/db/badger.go:95.16,96.46 1 0
mcp-server-magictools/internal/db/badger.go:96.46,98.4 1 0
mcp-server-magictools/internal/db/badger.go:99.3,99.65 1 0
mcp-server-magictools/internal/db/badger.go:102.2,103.87 2 1
mcp-server-magictools/internal/db/badger.go:103.87,105.3 1 0
mcp-server-magictools/internal/db/badger.go:107.2,115.21 2 1
mcp-server-magictools/internal/db/badger.go:115.21,116.13 1 1
mcp-server-magictools/internal/db/badger.go:116.13,118.46 2 1
mcp-server-magictools/internal/db/badger.go:118.46,120.5 1 0
mcp-server-magictools/internal/db/badger.go:120.10,122.5 1 1
mcp-server-magictools/internal/db/badger.go:126.2,126.15 1 1
mcp-server-magictools/internal/db/badger.go:130.31,131.68 1 1
mcp-server-magictools/internal/db/badger.go:131.68,133.3 1 0
mcp-server-magictools/internal/db/badger.go:134.2,134.23 1 1
mcp-server-magictools/internal/db/badger.go:134.23,135.78 1 1
mcp-server-magictools/internal/db/badger.go:135.78,137.4 1 0
mcp-server-magictools/internal/db/badger.go:138.3,138.44 1 1
mcp-server-magictools/internal/db/badger.go:138.44,140.4 1 0
mcp-server-magictools/internal/db/badger.go:142.2,142.40 1 1
mcp-server-magictools/internal/db/badger.go:142.40,144.3 1 0
mcp-server-magictools/internal/db/badger.go:145.2,145.21 1 1
mcp-server-magictools/internal/db/badger.go:149.52,151.16 2 1
mcp-server-magictools/internal/db/badger.go:151.16,153.3 1 0
mcp-server-magictools/internal/db/badger.go:155.2,155.48 1 1
mcp-server-magictools/internal/db/badger.go:155.48,158.17 2 1
mcp-server-magictools/internal/db/badger.go:158.17,160.4 1 0
mcp-server-magictools/internal/db/badger.go:163.3,164.45 2 1
mcp-server-magictools/internal/db/badger.go:166.2,166.16 1 1
mcp-server-magictools/internal/db/badger.go:166.16,168.3 1 0
mcp-server-magictools/internal/db/badger.go:171.2,171.52 1 1
mcp-server-magictools/internal/db/badger.go:171.52,173.3 1 0
mcp-server-magictools/internal/db/badger.go:176.2,179.12 3 1
mcp-server-magictools/internal/db/badger.go:183.78,185.16 2 0
mcp-server-magictools/internal/db/badger.go:185.16,187.3 1 0
mcp-server-magictools/internal/db/badger.go:188.2,189.16 2 0
mcp-server-magictools/internal/db/badger.go:189.16,191.3 1 0
mcp-server-magictools/internal/db/badger.go:192.2,192.48 1 0
mcp-server-magictools/internal/db/badger.go:192.48,194.3 1 0
mcp-server-magictools/internal/db/badger.go:195.2,195.16 1 0
mcp-server-magictools/internal/db/badger.go:195.16,197.3 1 0
mcp-server-magictools/internal/db/badger.go:198.2,198.12 1 0
mcp-server-magictools/internal/db/badger.go:202.72,204.50 1 0
mcp-server-magictools/internal/db/badger.go:204.50,205.48 1 0
mcp-server-magictools/internal/db/badger.go:205.48,207.4 1 0
mcp-server-magictools/internal/db/badger.go:210.2,211.47 2 0
mcp-server-magictools/internal/db/badger.go:211.47,213.17 2 0
mcp-server-magictools/internal/db/badger.go:213.17,215.4 1 0
mcp-server-magictools/internal/db/badger.go:216.3,216.44 1 0
mcp-server-magictools/internal/db/badger.go:216.44,218.18 2 0
mcp-server-magictools/internal/db/badger.go:218.18,220.5 1 0
mcp-server-magictools/internal/db/badger.go:221.4,221.43 1 0
mcp-server-magictools/internal/db/badger.go:224.2,224.16 1 0
mcp-server-magictools/internal/db/badger.go:224.16,226.3 1 0
mcp-server-magictools/internal/db/badger.go:227.2,227.15 1 0
mcp-server-magictools/internal/db/badger.go:231.58,233.47 1 1
mcp-server-magictools/internal/db/badger.go:233.47,234.42 1 1
mcp-server-magictools/internal/db/badger.go:234.42,236.4 1 1
mcp-server-magictools/internal/db/badger.go:239.2,240.47 2 1
mcp-server-magictools/internal/db/badger.go:240.47,242.17 2 1
mcp-server-magictools/internal/db/badger.go:242.17,244.4 1 1
mcp-server-magictools/internal/db/badger.go:245.3,245.44 1 1
mcp-server-magictools/internal/db/badger.go:245.44,247.4 1 1
mcp-server-magictools/internal/db/badger.go:249.2,249.16 1 1
mcp-server-magictools/internal/db/badger.go:249.16,251.3 1 1
mcp-server-magictools/internal/db/badger.go:254.2,255.21 2 1
mcp-server-magictools/internal/db/badger.go:259.83,261.16 2 1
mcp-server-magictools/internal/db/badger.go:261.16,263.3 1 0
mcp-server-magictools/internal/db/badger.go:265.2,266.27 2 1
mcp-server-magictools/internal/db/badger.go:266.27,268.17 2 1
mcp-server-magictools/internal/db/badger.go:268.17,270.4 1 1
mcp-server-magictools/internal/db/badger.go:273.2,273.21 1 1
mcp-server-magictools/internal/db/badger.go:277.51,279.62 1 0
mcp-server-magictools/internal/db/badger.go:279.62,281.3 1 0
mcp-server-magictools/internal/db/badger.go:283.2,284.47 2 0
mcp-server-magictools/internal/db/badger.go:284.47,289.61 4 0
mcp-server-magictools/internal/db/badger.go:289.61,293.23 4 0
mcp-server-magictools/internal/db/badger.go:293.23,295.5 1 0
mcp-server-magictools/internal/db/badger.go:297.3,297.13 1 0
mcp-server-magictools/internal/db/badger.go:300.2,300.16 1 0
mcp-server-magictools/internal/db/badger.go:300.16,302.3 1 0
mcp-server-magictools/internal/db/badger.go:304.2,305.28 2 0
mcp-server-magictools/internal/db/badger.go:305.28,307.3 1 0
mcp-server-magictools/internal/db/badger.go:310.2,311.21 2 0
mcp-server-magictools/internal/db/badger.go:315.63,317.16 2 1
mcp-server-magictools/internal/db/badger.go:317.16,319.3 1 0
mcp-server-magictools/internal/db/badger.go:321.2,321.49 1 1
mcp-server-magictools/internal/db/badger.go:321.49,323.3 1 1
mcp-server-magictools/internal/db/badger.go:327.59,329.47 2 1
mcp-server-magictools/internal/db/badger.go:329.47,331.17 2 1
mcp-server-magictools/internal/db/badger.go:331.17,333.4 1 1
mcp-server-magictools/internal/db/badger.go:334.3,334.44 1 1
mcp-server-magictools/internal/db/badger.go:334.44,337.4 2 1
mcp-server-magictools/internal/db/badger.go:339.2,339.16 1 1
mcp-server-magictools/internal/db/badger.go:339.16,341.3 1 1
mcp-server-magictools/internal/db/badger.go:342.2,342.36 1 1
mcp-server-magictools/internal/db/badger.go:346.45,347.49 1 1
mcp-server-magictools/internal/db/badger.go:347.49,350.17 3 1
mcp-server-magictools/internal/db/badger.go:350.17,352.4 1 0
mcp-server-magictools/internal/db/badger.go:353.3,354.43 2 1
mcp-server-magictools/internal/db/badger.go:354.43,356.4 1 1
mcp-server-magictools/internal/db/badger.go:357.3,357.17 1 1
mcp-server-magictools/internal/db/badger.go:357.17,359.4 1 0
mcp-server-magictools/internal/db/badger.go:361.3,364.17 4 1
mcp-server-magictools/internal/db/badger.go:364.17,366.4 1 0
mcp-server-magictools/internal/db/badger.go:369.3,371.28 2 1
mcp-server-magictools/internal/db/badger.go:374.2,374.16 1 1
mcp-server-magictools/internal/db/badger.go:374.16,376.3 1 0
mcp-server-magictools/internal/db/badger.go:382.41,383.47 1 1
mcp-server-magictools/internal/db/badger.go:383.47,388.61 4 1
mcp-server-magictools/internal/db/badger.go:388.61,390.45 2 1
mcp-server-magictools/internal/db/badger.go:390.45,392.51 2 1
mcp-server-magictools/internal/db/badger.go:392.51,393.52 1 1
mcp-server-magictools/internal/db/badger.go:393.52,395.7 1 0
mcp-server-magictools/internal/db/badger.go:397.5,397.15 1 1
mcp-server-magictools/internal/db/badger.go:399.4,399.18 1 1
mcp-server-magictools/internal/db/badger.go:399.18,401.5 1 0
mcp-server-magictools/internal/db/badger.go:403.3,403.13 1 1
mcp-server-magictools/internal/db/badger.go:408.59,409.49 1 1
mcp-server-magictools/internal/db/badger.go:409.49,416.61 5 1
mcp-server-magictools/internal/db/badger.go:416.61,420.45 3 1
mcp-server-magictools/internal/db/badger.go:420.45,422.51 2 1
mcp-server-magictools/internal/db/badger.go:422.51,424.6 1 0
mcp-server-magictools/internal/db/badger.go:425.5,425.31 1 1
mcp-server-magictools/internal/db/badger.go:425.31,433.6 4 1
mcp-server-magictools/internal/db/badger.go:434.5,434.15 1 1
mcp-server-magictools/internal/db/badger.go:436.4,436.18 1 1
mcp-server-magictools/internal/db/badger.go:436.18,438.5 1 0
mcp-server-magictools/internal/db/badger.go:441.3,441.32 1 1
mcp-server-magictools/internal/db/badger.go:441.32,442.42 1 1
mcp-server-magictools/internal/db/badger.go:442.42,444.5 1 0
mcp-server-magictools/internal/db/badger.go:446.4,447.48 2 1
mcp-server-magictools/internal/db/badger.go:447.48,448.60 1 1
mcp-server-magictools/internal/db/badger.go:448.60,450.6 1 0
mcp-server-magictools/internal/db/badger.go:454.3,456.13 3 1
mcp-server-magictools/internal/db/badger.go:461.56,463.47 2 0
mcp-server-magictools/internal/db/badger.go:463.47,468.32 5 0
mcp-server-magictools/internal/db/badger.go:468.32,470.4 1 0
mcp-server-magictools/internal/db/badger.go:471.3,471.13 1 0
mcp-server-magictools/internal/db/badger.go:473.2,473.16 1 0
mcp-server-magictools/internal/db/badger.go:473.16,475.3 1 0
mcp-server-magictools/internal/db/badger.go:476.2,476.14 1 0
mcp-server-magictools/internal/db/badger.go:480.59,482.47 2 0
mcp-server-magictools/internal/db/badger.go:482.47,486.61 4 0
mcp-server-magictools/internal/db/badger.go:486.61,488.4 1 0
mcp-server-magictools/internal/db/badger.go:489.3,489.13 1 0
mcp-server-magictools/internal/db/badger.go:491.2,491.16 1 0
mcp-server-magictools/internal/db/badger.go:491.16,493.3 1 0
mcp-server-magictools/internal/db/badger.go:494.2,494.14 1 0
mcp-server-magictools/internal/db/badger.go:498.64,502.49 3 0
mcp-server-magictools/internal/db/badger.go:502.49,505.3 2 0
mcp-server-magictools/internal/db/badger.go:509.57,511.47 2 0
mcp-server-magictools/internal/db/badger.go:511.47,521.70 7 0
mcp-server-magictools/internal/db/badger.go:521.70,523.45 2 0
mcp-server-magictools/internal/db/badger.go:523.45,526.5 2 0
mcp-server-magictools/internal/db/badger.go:527.4,527.18 1 0
mcp-server-magictools/internal/db/badger.go:527.18,529.5 1 0
mcp-server-magictools/internal/db/badger.go:531.3,531.13 1 0
mcp-server-magictools/internal/db/badger.go:535.2,535.53 1 0
mcp-server-magictools/internal/db/badger.go:535.53,537.3 1 0
mcp-server-magictools/internal/db/badger.go:538.2,538.18 1 0
mcp-server-magictools/internal/db/badger.go:543.59,544.49 1 0
mcp-server-magictools/internal/db/badger.go:544.49,546.3 1 0
mcp-server-magictools/internal/db/badger.go:550.58,552.47 2 0
mcp-server-magictools/internal/db/badger.go:552.47,556.61 4 0
mcp-server-magictools/internal/db/badger.go:556.61,559.45 3 0
mcp-server-magictools/internal/db/badger.go:559.45,562.5 2 0
mcp-server-magictools/internal/db/badger.go:563.4,563.18 1 0
mcp-server-magictools/internal/db/badger.go:563.18,565.5 1 0
mcp-server-magictools/internal/db/badger.go:567.3,567.13 1 0
mcp-server-magictools/internal/db/badger.go:569.2,569.22 1 0
mcp-server-magictools/internal/db/badger.go:573.52,575.38 2 0
mcp-server-magictools/internal/db/badger.go:575.38,577.3 1 0
mcp-server-magictools/internal/db/badger.go:579.2,582.35 3 0
mcp-server-magictools/internal/db/badger.go:582.35,585.53 2 0
mcp-server-magictools/internal/db/badger.go:585.53,586.32 1 0
mcp-server-magictools/internal/db/badger.go:586.32,588.5 1 0
mcp-server-magictools/internal/db/badger.go:589.9,589.61 1 0
mcp-server-magictools/internal/db/badger.go:589.61,592.4 1 0
mcp-server-magictools/internal/db/badger.go:595.2,596.25 2 0
mcp-server-magictools/internal/db/badger.go:596.25,598.3 1 0
mcp-server-magictools/internal/db/badger.go:599.2,599.15 1 0
mcp-server-magictools/internal/db/badger.go:603.82,605.47 2 0
mcp-server-magictools/internal/db/badger.go:605.47,609.61 4 0
mcp-server-magictools/internal/db/badger.go:609.61,611.45 2 0
mcp-server-magictools/internal/db/badger.go:611.45,613.51 2 0
mcp-server-magictools/internal/db/badger.go:613.51,615.6 1 0
mcp-server-magictools/internal/db/badger.go:616.5,616.15 1 0
mcp-server-magictools/internal/db/badger.go:618.4,618.18 1 0
mcp-server-magictools/internal/db/badger.go:618.18,620.5 1 0
mcp-server-magictools/internal/db/badger.go:622.3,622.13 1 0
mcp-server-magictools/internal/db/badger.go:624.2,624.16 1 0
mcp-server-magictools/internal/db/badger.go:624.16,626.3 1 0
mcp-server-magictools/internal/db/badger.go:629.2,631.24 2 0
mcp-server-magictools/internal/db/badger.go:631.24,633.3 1 0
mcp-server-magictools/internal/db/badger.go:635.2,636.28 2 0
mcp-server-magictools/internal/db/badger.go:636.28,643.3 2 0
mcp-server-magictools/internal/db/badger.go:644.2,644.19 1 0
mcp-server-magictools/internal/db/badger.go:647.41,649.36 1 0
mcp-server-magictools/internal/db/badger.go:649.36,650.41 1 0
mcp-server-magictools/internal/db/badger.go:650.41,651.53 1 0
mcp-server-magictools/internal/db/badger.go:651.53,653.5 1 0
mcp-server-magictools/internal/db/cache.go:24.40,28.2 1 1
mcp-server-magictools/internal/db/cache.go:30.53,35.48 4 1
mcp-server-magictools/internal/db/cache.go:35.48,37.3 1 1
mcp-server-magictools/internal/db/cache.go:38.2,38.25 1 1
mcp-server-magictools/internal/db/cache.go:41.71,46.26 3 1
mcp-server-magictools/internal/db/cache.go:46.26,48.26 1 0
mcp-server-magictools/internal/db/cache.go:48.26,50.9 2 0
mcp-server-magictools/internal/db/cache.go:54.2,57.3 1 1
mcp-server-magictools/internal/db/cache.go:60.58,63.25 3 0
mcp-server-magictools/internal/db/cache.go:63.25,65.3 1 0
mcp-server-magictools/internal/db/cache.go:67.2,69.18 3 0
mcp-server-magictools/internal/db/cache.go:72.60,77.2 4 1
mcp-server-magictools/internal/db/cache.go:79.44,83.2 3 1
mcp-server-magictools/internal/db/cache.go:85.33,89.2 3 0
mcp-server-magictools/internal/db/cache.go:92.83,96.6 3 0
mcp-server-magictools/internal/db/cache.go:96.6,97.10 1 0
mcp-server-magictools/internal/db/cache.go:98.21,99.10 1 0
mcp-server-magictools/internal/db/cache.go:100.19,103.30 3 0
mcp-server-magictools/internal/db/cache.go:103.30,104.27 1 0
mcp-server-magictools/internal/db/cache.go:104.27,106.6 1 0
mcp-server-magictools/internal/db/cache.go:108.4,108.17 1 0
mcp-server-magictools/internal/db/cache.go:129.40,133.2 1 0
mcp-server-magictools/internal/db/cache.go:135.69,140.49 4 0
mcp-server-magictools/internal/db/cache.go:140.49,142.3 1 0
mcp-server-magictools/internal/db/cache.go:143.2,143.27 1 0
mcp-server-magictools/internal/db/cache.go:146.88,151.26 3 0
mcp-server-magictools/internal/db/cache.go:151.26,152.26 1 0
mcp-server-magictools/internal/db/cache.go:152.26,154.9 2 0
mcp-server-magictools/internal/db/cache.go:158.2,161.3 1 0
mcp-server-magictools/internal/db/cache.go:164.83,168.6 3 0
mcp-server-magictools/internal/db/cache.go:168.6,169.10 1 0
mcp-server-magictools/internal/db/cache.go:170.21,171.10 1 0
mcp-server-magictools/internal/db/cache.go:172.19,175.30 3 0
mcp-server-magictools/internal/db/cache.go:175.30,176.27 1 0
mcp-server-magictools/internal/db/cache.go:176.27,178.6 1 0
mcp-server-magictools/internal/db/cache.go:180.4,180.17 1 0
mcp-server-magictools/internal/db/cleanup.go:16.37,19.16 3 1
mcp-server-magictools/internal/db/cleanup.go:19.16,21.3 1 0
mcp-server-magictools/internal/db/cleanup.go:23.2,24.16 2 1
mcp-server-magictools/internal/db/cleanup.go:24.16,27.3 2 0
mcp-server-magictools/internal/db/cleanup.go:29.2,30.12 2 1
mcp-server-magictools/internal/db/cleanup.go:33.45,36.16 3 1
mcp-server-magictools/internal/db/cleanup.go:36.16,37.25 1 1
mcp-server-magictools/internal/db/cleanup.go:37.25,39.4 1 1
mcp-server-magictools/internal/db/cleanup.go:40.3,40.13 1 0
mcp-server-magictools/internal/db/cleanup.go:43.2,44.16 2 1
mcp-server-magictools/internal/db/cleanup.go:44.16,46.3 1 0
mcp-server-magictools/internal/db/cleanup.go:48.2,49.16 2 1
mcp-server-magictools/internal/db/cleanup.go:49.16,51.3 1 0
mcp-server-magictools/internal/db/cleanup.go:54.2,54.58 1 1
mcp-server-magictools/internal/db/cleanup.go:54.58,56.57 2 1
mcp-server-magictools/internal/db/cleanup.go:56.57,58.4 1 0
mcp-server-magictools/internal/db/cleanup.go:61.3,65.7 4 1
mcp-server-magictools/internal/db/cleanup.go:65.7,66.11 1 1
mcp-server-magictools/internal/db/cleanup.go:67.20,68.61 1 1
mcp-server-magictools/internal/db/cleanup.go:68.61,70.70 2 0
mcp-server-magictools/internal/db/cleanup.go:70.70,72.7 1 0
mcp-server-magictools/internal/db/cleanup.go:73.6,73.16 1 0
mcp-server-magictools/internal/db/cleanup.go:75.19,77.59 2 0
mcp-server-magictools/internal/db/cleanup.go:77.59,79.6 1 0
mcp-server-magictools/internal/db/cleanup.go:81.5,81.29 1 0
mcp-server-magictools/internal/db/cleanup.go:81.29,83.62 2 0
mcp-server-magictools/internal/db/cleanup.go:83.62,85.12 2 0
mcp-server-magictools/internal/db/cleanup.go:88.5,88.69 1 0
mcp-server-magictools/internal/db/cleanup.go:88.69,90.6 1 0
mcp-server-magictools/internal/db/cleanup.go:91.5,91.15 1 0
mcp-server-magictools/internal/db/cleanup.go:96.2,96.66 1 1
mcp-server-magictools/internal/db/cleanup.go:96.66,98.3 1 0
mcp-server-magictools/internal/db/cleanup.go:99.2,99.12 1 1
mcp-server-magictools/internal/db/index.go:18.58,22.45 3 1
mcp-server-magictools/internal/db/index.go:22.45,58.17 19 1
mcp-server-magictools/internal/db/index.go:58.17,60.4 1 0
mcp-server-magictools/internal/db/index.go:61.8,61.23 1 0
mcp-server-magictools/internal/db/index.go:61.23,63.3 1 0
mcp-server-magictools/internal/db/index.go:65.2,65.40 1 1
mcp-server-magictools/internal/db/index.go:69.83,94.20 15 1
mcp-server-magictools/internal/db/index.go:94.20,103.3 4 1
mcp-server-magictools/internal/db/index.go:105.2,110.16 5 1
mcp-server-magictools/internal/db/index.go:110.16,112.3 1 0
mcp-server-magictools/internal/db/index.go:114.2,115.35 2 1
mcp-server-magictools/internal/db/index.go:115.35,117.3 1 1
mcp-server-magictools/internal/db/index.go:119.2,119.18 1 1
mcp-server-magictools/internal/db/index.go:123.39,126.2 2 1
mcp-server-magictools/internal/db/index.go:129.62,131.2 1 1
mcp-server-magictools/internal/db/index.go:134.55,136.2 1 1
mcp-server-magictools/internal/db/index.go:139.38,141.2 1 1
mcp-server-magictools/internal/util/compress.go:15.42,17.20 2 1
mcp-server-magictools/internal/util/compress.go:17.20,19.3 1 1
mcp-server-magictools/internal/util/compress.go:20.2,20.21 1 1
mcp-server-magictools/internal/util/compress.go:23.42,25.20 2 1
mcp-server-magictools/internal/util/compress.go:25.20,27.3 1 1
mcp-server-magictools/internal/util/compress.go:28.2,28.21 1 1
mcp-server-magictools/internal/util/compress.go:32.44,33.20 1 1
mcp-server-magictools/internal/util/compress.go:33.20,35.3 1 0
mcp-server-magictools/internal/util/compress.go:36.2,37.16 2 1
mcp-server-magictools/internal/util/compress.go:37.16,39.3 1 0
mcp-server-magictools/internal/util/compress.go:40.2,40.63 1 1
mcp-server-magictools/internal/util/compress.go:44.46,45.20 1 1
mcp-server-magictools/internal/util/compress.go:45.20,47.3 1 0
mcp-server-magictools/internal/util/compress.go:48.2,49.16 2 1
mcp-server-magictools/internal/util/compress.go:49.16,51.3 1 0
mcp-server-magictools/internal/util/compress.go:52.2,52.33 1 1
mcp-server-magictools/internal/util/io.go:18.69,20.2 1 0
mcp-server-magictools/internal/util/io.go:23.44,24.41 1 0
mcp-server-magictools/internal/util/io.go:24.41,25.30 1 0
mcp-server-magictools/internal/util/io.go:25.30,27.4 1 0
mcp-server-magictools/internal/util/io.go:29.2,29.11 1 0
mcp-server-magictools/internal/util/io.go:33.43,35.2 1 0
mcp-server-magictools/internal/util/io.go:39.48,41.72 2 0
mcp-server-magictools/internal/util/io.go:41.72,42.46 1 0
mcp-server-magictools/internal/util/io.go:42.46,44.42 2 0
mcp-server-magictools/internal/util/io.go:44.42,46.5 1 0
mcp-server-magictools/internal/util/io.go:49.2,50.16 2 0
mcp-server-magictools/internal/util/io.go:50.16,55.3 2 0
mcp-server-magictools/internal/util/io.go:56.2,56.10 1 0
mcp-server-magictools/internal/util/io.go:65.60,67.27 1 0
mcp-server-magictools/internal/util/io.go:67.27,69.3 1 0
mcp-server-magictools/internal/util/io.go:73.2,73.52 1 0
mcp-server-magictools/internal/util/io.go:73.52,75.3 1 0
mcp-server-magictools/internal/util/io.go:78.2,81.16 4 0
mcp-server-magictools/internal/util/io.go:81.16,83.3 1 0
mcp-server-magictools/internal/util/io.go:85.2,85.52 1 0
mcp-server-magictools/internal/util/io.go:85.52,87.3 1 0
mcp-server-magictools/internal/util/io.go:90.2,91.122 2 0
mcp-server-magictools/internal/util/io.go:91.122,93.3 1 0
mcp-server-magictools/internal/util/io.go:97.2,97.39 1 0
mcp-server-magictools/internal/util/io.go:97.39,98.73 1 0
mcp-server-magictools/internal/util/io.go:98.74,100.4 0 0
mcp-server-magictools/internal/util/io.go:101.3,101.55 1 0
mcp-server-magictools/internal/util/io.go:101.55,102.48 1 0
mcp-server-magictools/internal/util/io.go:102.48,103.29 1 0
mcp-server-magictools/internal/util/io.go:103.29,104.44 1 0
mcp-server-magictools/internal/util/io.go:104.44,108.7 3 0
mcp-server-magictools/internal/util/io.go:115.2,119.16 3 0
mcp-server-magictools/internal/util/io.go:119.16,121.3 1 0
mcp-server-magictools/internal/util/io.go:123.2,124.16 2 0
mcp-server-magictools/internal/util/io.go:124.16,126.3 1 0
mcp-server-magictools/internal/util/io.go:128.2,130.9 1 0
mcp-server-magictools/internal/util/io.go:130.9,132.3 1 0
mcp-server-magictools/internal/util/io.go:133.2,133.15 1 0
mcp-server-magictools/internal/util/io.go:136.60,143.40 5 0
mcp-server-magictools/internal/util/io.go:143.40,146.19 3 0
mcp-server-magictools/internal/util/io.go:146.19,149.4 2 0
mcp-server-magictools/internal/util/io.go:151.3,152.14 2 0
mcp-server-magictools/internal/util/io.go:152.14,154.4 1 0
mcp-server-magictools/internal/util/io.go:157.3,168.17 4 0
mcp-server-magictools/internal/util/io.go:168.17,170.4 1 0
mcp-server-magictools/internal/util/io.go:171.3,176.10 2 0
mcp-server-magictools/internal/util/io.go:176.10,178.4 1 0
mcp-server-magictools/internal/util/io.go:181.3,181.39 1 0
mcp-server-magictools/internal/util/io.go:181.39,183.4 1 0
mcp-server-magictools/internal/util/io.go:183.9,183.71 1 0
mcp-server-magictools/internal/util/io.go:183.71,185.4 1 0
mcp-server-magictools/internal/util/io.go:187.3,187.15 1 0
mcp-server-magictools/internal/util/io.go:187.15,189.4 1 0
mcp-server-magictools/internal/util/io.go:192.2,192.19 1 0
mcp-server-magictools/internal/util/io.go:196.39,197.39 1 0
mcp-server-magictools/internal/util/io.go:197.39,199.3 1 0
mcp-server-magictools/internal/util/io.go:200.2,200.12 1 0
mcp-server-magictools/internal/util/json.go:12.33,14.2 1 0
mcp-server-magictools/internal/util/json.go:16.47,17.30 1 0
mcp-server-magictools/internal/util/json.go:17.30,19.3 1 0
mcp-server-magictools/internal/util/json.go:21.2,21.25 1 0
mcp-server-magictools/internal/util/json.go:22.22,23.18 1 0
mcp-server-magictools/internal/util/json.go:23.18,25.4 1 0
mcp-server-magictools/internal/util/json.go:26.3,27.24 2 0
mcp-server-magictools/internal/util/json.go:27.24,29.23 2 0
mcp-server-magictools/internal/util/json.go:29.23,31.5 1 0
mcp-server-magictools/internal/util/json.go:33.3,33.18 1 0
mcp-server-magictools/internal/util/json.go:33.18,35.4 1 0
mcp-server-magictools/internal/util/json.go:36.3,36.11 1 0
mcp-server-magictools/internal/util/json.go:37.13,38.18 1 0
mcp-server-magictools/internal/util/json.go:38.18,40.4 1 0
mcp-server-magictools/internal/util/json.go:41.3,42.26 2 0
mcp-server-magictools/internal/util/json.go:42.26,44.16 2 0
mcp-server-magictools/internal/util/json.go:44.16,46.5 1 0
mcp-server-magictools/internal/util/json.go:48.3,48.20 1 0
mcp-server-magictools/internal/util/json.go:48.20,50.4 1 0
mcp-server-magictools/internal/util/json.go:51.3,51.13 1 0
mcp-server-magictools/internal/util/json.go:52.10,55.35 2 0
mcp-server-magictools/internal/util/json.go:55.35,56.18 1 0
mcp-server-magictools/internal/util/json.go:56.18,58.5 1 0
mcp-server-magictools/internal/util/json.go:59.4,59.59 1 0
mcp-server-magictools/internal/util/json.go:61.3,61.13 1 0
mcp-server-magictools/internal/util/json.go:66.47,68.16 2 0
mcp-server-magictools/internal/util/json.go:68.16,70.3 1 0
mcp-server-magictools/internal/util/json.go:71.2,71.18 1 0
mcp-server-magictools/internal/util/pool.go:10.26,13.3 2 0
mcp-server-magictools/internal/util/pool.go:17.26,19.2 1 0
mcp-server-magictools/internal/util/pool.go:22.27,23.38 1 0
mcp-server-magictools/internal/util/pool.go:23.38,25.3 1 0
mcp-server-magictools/internal/util/pool.go:26.2,26.17 1 0
mcp-server-magictools/internal/util/proc.go:12.38,14.16 2 0
mcp-server-magictools/internal/util/proc.go:14.16,16.3 1 0
mcp-server-magictools/internal/util/proc.go:17.2,20.21 3 0
mcp-server-magictools/internal/util/proc.go:20.21,22.40 2 0
mcp-server-magictools/internal/util/proc.go:22.40,24.23 2 0
mcp-server-magictools/internal/util/proc.go:24.23,26.5 1 0
mcp-server-magictools/internal/util/proc.go:27.4,28.18 2 0
mcp-server-magictools/internal/util/proc.go:28.18,30.5 1 0
mcp-server-magictools/internal/util/proc.go:32.4,32.26 1 0
mcp-server-magictools/internal/util/proc.go:36.2,36.38 1 0
mcp-server-magictools/internal/util/proc.go:36.38,38.3 1 0
mcp-server-magictools/internal/util/proc.go:40.2,40.65 1 0
mcp-server-magictools/internal/util/strings.go:11.33,15.2 3 0
mcp-server-magictools/internal/util/strings.go:19.54,21.2 1 0
mcp-server-magictools/internal/util/strings.go:23.59,24.30 1 0
mcp-server-magictools/internal/util/strings.go:24.30,26.3 1 0
mcp-server-magictools/internal/util/strings.go:28.2,28.25 1 0
mcp-server-magictools/internal/util/strings.go:29.14,30.21 1 0
mcp-server-magictools/internal/util/strings.go:30.21,32.4 1 0
mcp-server-magictools/internal/util/strings.go:33.3,33.11 1 0
mcp-server-magictools/internal/util/strings.go:34.22,35.18 1 0
mcp-server-magictools/internal/util/strings.go:35.18,37.4 1 0
mcp-server-magictools/internal/util/strings.go:38.3,39.24 2 0
mcp-server-magictools/internal/util/strings.go:39.24,41.4 1 0
mcp-server-magictools/internal/util/strings.go:42.3,42.11 1 0
mcp-server-magictools/internal/util/strings.go:43.13,44.18 1 0
mcp-server-magictools/internal/util/strings.go:44.18,46.4 1 0
mcp-server-magictools/internal/util/strings.go:47.3,48.26 2 0
mcp-server-magictools/internal/util/strings.go:48.26,50.4 1 0
mcp-server-magictools/internal/util/strings.go:51.3,51.13 1 0
mcp-server-magictools/internal/util/strings.go:52.10,55.35 2 0
mcp-server-magictools/internal/util/strings.go:55.35,56.18 1 0
mcp-server-magictools/internal/util/strings.go:56.18,58.5 1 0
mcp-server-magictools/internal/util/strings.go:59.4,59.67 1 0
mcp-server-magictools/internal/util/strings.go:61.3,61.13 1 0
mcp-server-magictools/internal/util/strings.go:67.49,68.21 1 0
mcp-server-magictools/internal/util/strings.go:68.21,70.3 1 0
mcp-server-magictools/internal/util/strings.go:75.2,75.21 1 0
mcp-server-magictools/internal/util/strings.go:75.21,77.21 2 0
mcp-server-magictools/internal/util/strings.go:77.21,79.4 1 0
mcp-server-magictools/internal/util/strings.go:82.3,82.46 1 0
mcp-server-magictools/internal/util/strings.go:82.46,86.23 3 0
mcp-server-magictools/internal/util/strings.go:86.23,86.42 1 0
mcp-server-magictools/internal/util/strings.go:87.4,87.26 1 0
mcp-server-magictools/internal/util/strings.go:87.26,87.48 1 0
mcp-server-magictools/internal/util/strings.go:89.4,93.56 3 0
mcp-server-magictools/internal/util/strings.go:98.2,101.35 3 0
mcp-server-magictools/internal/util/strings.go:101.35,103.3 1 0
mcp-server-magictools/internal/util/strings.go:105.2,114.33 6 0
mcp-server-magictools/internal/util/strings.go:119.34,122.2 2 0
mcp-server-magictools/internal/registry/managed.go:26.34,30.2 1 0
mcp-server-magictools/internal/registry/managed.go:33.50,37.2 3 0
mcp-server-magictools/internal/registry/managed.go:40.79,43.32 3 0
mcp-server-magictools/internal/registry/managed.go:43.32,44.27 1 0
mcp-server-magictools/internal/registry/managed.go:44.27,46.4 1 0
mcp-server-magictools/internal/registry/managed.go:48.2,48.19 1 0
mcp-server-magictools/internal/handler/cache_helpers.go:12.62,18.40 2 0
mcp-server-magictools/internal/handler/cache_helpers.go:18.40,20.3 1 0
mcp-server-magictools/internal/handler/cache_helpers.go:23.2,27.33 2 0
mcp-server-magictools/internal/handler/cache_helpers.go:27.33,28.60 1 0
mcp-server-magictools/internal/handler/cache_helpers.go:28.60,30.4 1 0
mcp-server-magictools/internal/handler/cache_helpers.go:34.2,38.32 2 0
mcp-server-magictools/internal/handler/cache_helpers.go:38.32,39.29 1 0
mcp-server-magictools/internal/handler/cache_helpers.go:39.29,41.4 1 0
mcp-server-magictools/internal/handler/cache_helpers.go:44.2,44.14 1 0
mcp-server-magictools/internal/handler/cache_helpers.go:48.91,54.2 5 0
mcp-server-magictools/internal/handler/diagnostic_handlers.go:13.70,26.86 1 1
mcp-server-magictools/internal/handler/diagnostic_handlers.go:26.86,30.70 2 0
mcp-server-magictools/internal/handler/diagnostic_handlers.go:30.70,32.4 1 0
mcp-server-magictools/internal/handler/diagnostic_handlers.go:34.3,35.25 2 0
mcp-server-magictools/internal/handler/diagnostic_handlers.go:35.25,37.4 1 0
mcp-server-magictools/internal/handler/diagnostic_handlers.go:39.3,40.17 2 0
mcp-server-magictools/internal/handler/diagnostic_handlers.go:40.17,42.4 1 0
mcp-server-magictools/internal/handler/diagnostic_handlers.go:44.3,50.9 1 0
mcp-server-magictools/internal/handler/diagnostic_handlers.go:53.2,57.86 1 1
mcp-server-magictools/internal/handler/diagnostic_handlers.go:57.86,60.33 3 0
mcp-server-magictools/internal/handler/diagnostic_handlers.go:60.33,62.4 1 0
mcp-server-magictools/internal/handler/diagnostic_handlers.go:63.3,65.87 2 0
mcp-server-magictools/internal/handler/diagnostic_handlers.go:68.2,72.86 1 1
mcp-server-magictools/internal/handler/diagnostic_handlers.go:72.86,75.51 3 0
mcp-server-magictools/internal/handler/diagnostic_handlers.go:75.51,77.4 1 0
mcp-server-magictools/internal/handler/diagnostic_handlers.go:78.3,79.17 2 0
mcp-server-magictools/internal/handler/diagnostic_handlers.go:79.17,82.4 2 0
mcp-server-magictools/internal/handler/diagnostic_handlers.go:83.3,83.96 1 0
mcp-server-magictools/internal/handler/handlers.go:30.123,39.2 1 1
mcp-server-magictools/internal/handler/handlers.go:42.55,48.2 5 1
mcp-server-magictools/internal/handler/proxy_handlers.go:18.65,25.2 6 1
mcp-server-magictools/internal/handler/proxy_handlers.go:28.66,46.86 1 1
mcp-server-magictools/internal/handler/proxy_handlers.go:46.86,51.69 2 0
mcp-server-magictools/internal/handler/proxy_handlers.go:51.69,53.4 1 0
mcp-server-magictools/internal/handler/proxy_handlers.go:56.3,56.26 1 0
mcp-server-magictools/internal/handler/proxy_handlers.go:56.26,58.11 2 0
mcp-server-magictools/internal/handler/proxy_handlers.go:59.100,60.29 1 0
mcp-server-magictools/internal/handler/proxy_handlers.go:61.133,62.33 1 0
mcp-server-magictools/internal/handler/proxy_handlers.go:63.101,64.29 1 0
mcp-server-magictools/internal/handler/proxy_handlers.go:65.103,66.29 1 0
mcp-server-magictools/internal/handler/proxy_handlers.go:67.132,68.29 1 0
mcp-server-magictools/internal/handler/proxy_handlers.go:69.72,70.29 1 0
mcp-server-magictools/internal/handler/proxy_handlers.go:74.3,75.17 2 0
mcp-server-magictools/internal/handler/proxy_handlers.go:75.17,77.4 1 0
mcp-server-magictools/internal/handler/proxy_handlers.go:80.3,82.29 3 0
mcp-server-magictools/internal/handler/proxy_handlers.go:82.29,83.38 1 0
mcp-server-magictools/internal/handler/proxy_handlers.go:83.38,85.5 1 0
mcp-server-magictools/internal/handler/proxy_handlers.go:85.10,87.5 1 0
mcp-server-magictools/internal/handler/proxy_handlers.go:90.3,93.31 3 0
mcp-server-magictools/internal/handler/proxy_handlers.go:93.31,96.4 2 0
mcp-server-magictools/internal/handler/proxy_handlers.go:97.3,97.28 1 0
mcp-server-magictools/internal/handler/proxy_handlers.go:97.28,100.4 2 0
mcp-server-magictools/internal/handler/proxy_handlers.go:103.3,103.51 1 0
mcp-server-magictools/internal/handler/proxy_handlers.go:103.51,104.79 1 0
mcp-server-magictools/internal/handler/proxy_handlers.go:104.79,106.31 2 0
mcp-server-magictools/internal/handler/proxy_handlers.go:106.31,107.29 1 0
mcp-server-magictools/internal/handler/proxy_handlers.go:107.29,109.12 2 0
mcp-server-magictools/internal/handler/proxy_handlers.go:112.5,112.15 1 0
mcp-server-magictools/internal/handler/proxy_handlers.go:112.15,115.24 3 0
mcp-server-magictools/internal/handler/proxy_handlers.go:115.24,116.74 1 0
mcp-server-magictools/internal/handler/proxy_handlers.go:116.74,118.8 1 0
mcp-server-magictools/internal/handler/proxy_handlers.go:124.3,124.17 1 0
mcp-server-magictools/internal/handler/proxy_handlers.go:124.17,127.21 2 0
mcp-server-magictools/internal/handler/proxy_handlers.go:127.21,129.5 1 0
mcp-server-magictools/internal/handler/proxy_handlers.go:129.10,131.5 1 0
mcp-server-magictools/internal/handler/proxy_handlers.go:134.3,135.26 2 0
mcp-server-magictools/internal/handler/proxy_handlers.go:135.26,137.75 2 0
mcp-server-magictools/internal/handler/proxy_handlers.go:137.75,139.5 1 0
mcp-server-magictools/internal/handler/proxy_handlers.go:140.4,140.118 1 0
mcp-server-magictools/internal/handler/proxy_handlers.go:143.3,147.9 1 0
mcp-server-magictools/internal/handler/proxy_handlers.go:152.72,157.86 1 1
mcp-server-magictools/internal/handler/proxy_handlers.go:157.86,159.17 2 0
mcp-server-magictools/internal/handler/proxy_handlers.go:159.17,161.4 1 0
mcp-server-magictools/internal/handler/proxy_handlers.go:163.3,165.28 3 0
mcp-server-magictools/internal/handler/proxy_handlers.go:165.28,167.4 1 0
mcp-server-magictools/internal/handler/proxy_handlers.go:169.3,171.9 1 0
mcp-server-magictools/internal/handler/proxy_handlers.go:176.70,190.86 1 1
mcp-server-magictools/internal/handler/proxy_handlers.go:190.86,194.69 2 0
mcp-server-magictools/internal/handler/proxy_handlers.go:194.69,196.4 1 0
mcp-server-magictools/internal/handler/proxy_handlers.go:198.3,200.17 3 0
mcp-server-magictools/internal/handler/proxy_handlers.go:200.17,203.23 2 0
mcp-server-magictools/internal/handler/proxy_handlers.go:203.23,205.53 2 0
mcp-server-magictools/internal/handler/proxy_handlers.go:205.53,206.31 1 0
mcp-server-magictools/internal/handler/proxy_handlers.go:206.31,207.71 1 0
mcp-server-magictools/internal/handler/proxy_handlers.go:207.71,208.68 1 0
mcp-server-magictools/internal/handler/proxy_handlers.go:208.68,211.14 3 0
mcp-server-magictools/internal/handler/proxy_handlers.go:217.4,217.18 1 0
mcp-server-magictools/internal/handler/proxy_handlers.go:217.18,219.5 1 0
mcp-server-magictools/internal/handler/proxy_handlers.go:222.3,223.17 2 0
mcp-server-magictools/internal/handler/proxy_handlers.go:223.17,225.4 1 0
mcp-server-magictools/internal/handler/proxy_handlers.go:226.3,234.23 4 0
mcp-server-magictools/internal/handler/proxy_handlers.go:234.23,236.72 2 0
mcp-server-magictools/internal/handler/proxy_handlers.go:236.72,238.5 1 0
mcp-server-magictools/internal/handler/proxy_handlers.go:239.4,239.115 1 0
mcp-server-magictools/internal/handler/proxy_handlers.go:242.3,244.9 1 0
mcp-server-magictools/internal/handler/proxy_handlers.go:249.67,261.86 1 1
mcp-server-magictools/internal/handler/proxy_handlers.go:261.86,266.71 2 0
mcp-server-magictools/internal/handler/proxy_handlers.go:266.71,268.4 1 0
mcp-server-magictools/internal/handler/proxy_handlers.go:270.3,272.21 3 0
mcp-server-magictools/internal/handler/proxy_handlers.go:272.21,274.4 1 0
mcp-server-magictools/internal/handler/proxy_handlers.go:275.3,277.29 2 0
mcp-server-magictools/internal/handler/proxy_handlers.go:277.29,279.4 1 0
mcp-server-magictools/internal/handler/proxy_handlers.go:282.3,283.27 2 0
mcp-server-magictools/internal/handler/proxy_handlers.go:283.27,285.51 2 0
mcp-server-magictools/internal/handler/proxy_handlers.go:285.51,288.5 2 0
mcp-server-magictools/internal/handler/proxy_handlers.go:292.3,292.72 1 0
mcp-server-magictools/internal/handler/proxy_handlers.go:292.72,293.52 1 0
mcp-server-magictools/internal/handler/proxy_handlers.go:293.52,294.26 1 0
mcp-server-magictools/internal/handler/proxy_handlers.go:294.26,295.100 1 0
mcp-server-magictools/internal/handler/proxy_handlers.go:295.100,297.7 1 0
mcp-server-magictools/internal/handler/proxy_handlers.go:298.6,298.11 1 0
mcp-server-magictools/internal/handler/proxy_handlers.go:303.3,304.17 2 0
mcp-server-magictools/internal/handler/proxy_handlers.go:304.17,306.4 1 0
mcp-server-magictools/internal/handler/proxy_handlers.go:309.3,309.21 1 0
mcp-server-magictools/internal/handler/proxy_handlers.go:309.21,311.4 1 0
mcp-server-magictools/internal/handler/proxy_handlers.go:313.3,316.27 2 0
mcp-server-magictools/internal/handler/proxy_handlers.go:316.27,319.4 2 0
mcp-server-magictools/internal/handler/proxy_handlers.go:322.3,322.51 1 0
mcp-server-magictools/internal/handler/proxy_handlers.go:322.51,326.68 3 0
mcp-server-magictools/internal/handler/proxy_handlers.go:326.68,328.5 1 0
mcp-server-magictools/internal/handler/proxy_handlers.go:331.4,344.31 7 0
mcp-server-magictools/internal/handler/proxy_handlers.go:348.3,348.33 1 0
mcp-server-magictools/internal/handler/proxy_handlers.go:348.33,349.65 1 0
mcp-server-magictools/internal/handler/proxy_handlers.go:349.65,351.5 1 0
mcp-server-magictools/internal/handler/proxy_handlers.go:353.3,353.18 1 0
mcp-server-magictools/internal/handler/proxy_handlers.go:359.69,364.86 1 1
mcp-server-magictools/internal/handler/proxy_handlers.go:364.86,371.3 4 0
mcp-server-magictools/internal/handler/proxy_handlers.go:377.63,379.52 2 0
mcp-server-magictools/internal/handler/proxy_handlers.go:379.52,381.3 1 0
mcp-server-magictools/internal/handler/proxy_handlers.go:383.2,388.34 4 0
mcp-server-magictools/internal/handler/proxy_handlers.go:388.34,389.41 1 0
mcp-server-magictools/internal/handler/proxy_handlers.go:389.41,391.29 2 0
mcp-server-magictools/internal/handler/proxy_handlers.go:391.29,393.5 1 0
mcp-server-magictools/internal/handler/proxy_handlers.go:394.4,394.68 1 0
mcp-server-magictools/internal/handler/proxy_handlers.go:398.2,398.22 1 0
mcp-server-magictools/internal/handler/proxy_handlers.go:398.22,401.3 2 0
mcp-server-magictools/internal/handler/proxy_handlers.go:401.8,403.3 1 0
mcp-server-magictools/internal/handler/proxy_handlers.go:406.2,410.22 4 0
mcp-server-magictools/internal/handler/proxy_handlers.go:410.22,413.35 3 0
mcp-server-magictools/internal/handler/proxy_handlers.go:413.35,414.36 1 0
mcp-server-magictools/internal/handler/proxy_handlers.go:414.36,416.10 2 0
mcp-server-magictools/internal/handler/proxy_handlers.go:419.3,419.13 1 0
mcp-server-magictools/internal/handler/proxy_handlers.go:419.13,423.4 3 0
mcp-server-magictools/internal/handler/proxy_handlers.go:425.2,425.29 1 0
mcp-server-magictools/internal/handler/proxy_handlers.go:425.29,427.3 1 0
mcp-server-magictools/internal/handler/proxy_handlers.go:429.2,429.23 1 0
mcp-server-magictools/internal/handler/proxy_handlers.go:429.23,432.3 2 0
mcp-server-magictools/internal/handler/proxy_handlers.go:435.2,435.16 1 0
mcp-server-magictools/internal/handler/proxy_handlers.go:435.16,438.42 2 0
mcp-server-magictools/internal/handler/proxy_handlers.go:438.42,440.4 1 0
mcp-server-magictools/internal/handler/proxy_handlers.go:441.3,445.32 3 0
mcp-server-magictools/internal/handler/proxy_handlers.go:445.32,449.4 2 0
mcp-server-magictools/internal/handler/proxy_handlers.go:449.9,453.4 3 0
mcp-server-magictools/internal/handler/proxy_handlers.go:456.2,456.20 1 0
mcp-server-magictools/internal/handler/proxy_handlers.go:460.65,462.22 2 0
mcp-server-magictools/internal/handler/proxy_handlers.go:462.22,463.40 1 0
mcp-server-magictools/internal/handler/proxy_handlers.go:463.40,466.4 2 0
mcp-server-magictools/internal/handler/proxy_handlers.go:468.2,468.19 1 0
mcp-server-magictools/internal/handler/proxy_handlers.go:472.32,476.2 3 1
mcp-server-magictools/internal/handler/proxy_handlers.go:478.36,480.21 2 1
mcp-server-magictools/internal/handler/proxy_handlers.go:480.21,482.3 1 1
mcp-server-magictools/internal/handler/proxy_handlers.go:483.2,483.13 1 1
mcp-server-magictools/internal/handler/proxy_handlers.go:488.42,492.9 3 0
mcp-server-magictools/internal/handler/proxy_handlers.go:494.141,495.14 1 0
mcp-server-magictools/internal/handler/proxy_handlers.go:497.211,498.14 1 0
mcp-server-magictools/internal/handler/proxy_handlers.go:500.146,501.14 1 0
mcp-server-magictools/internal/handler/proxy_handlers.go:503.174,504.14 1 0
mcp-server-magictools/internal/handler/proxy_handlers.go:506.143,507.14 1 0
mcp-server-magictools/internal/handler/proxy_handlers.go:509.152,510.14 1 0
mcp-server-magictools/internal/handler/proxy_handlers.go:512.179,513.14 1 0
mcp-server-magictools/internal/handler/proxy_handlers.go:515.146,516.14 1 0
mcp-server-magictools/internal/handler/proxy_handlers.go:518.2,518.14 1 0
mcp-server-magictools/internal/handler/resource_handlers.go:11.64,16.94 1 1
mcp-server-magictools/internal/handler/resource_handlers.go:16.94,19.17 3 0
mcp-server-magictools/internal/handler/resource_handlers.go:19.17,21.4 1 0
mcp-server-magictools/internal/handler/resource_handlers.go:23.3,30.9 1 0
mcp-server-magictools/internal/handler/sync_handlers.go:13.64,22.86 1 1
mcp-server-magictools/internal/handler/sync_handlers.go:22.86,24.17 2 0
mcp-server-magictools/internal/handler/sync_handlers.go:24.17,26.4 1 0
mcp-server-magictools/internal/handler/sync_handlers.go:27.3,33.32 4 0
mcp-server-magictools/internal/handler/sync_handlers.go:33.32,35.4 1 0
mcp-server-magictools/internal/handler/sync_handlers.go:36.3,36.29 1 0
mcp-server-magictools/internal/handler/sync_handlers.go:36.29,38.4 1 0
mcp-server-magictools/internal/handler/sync_handlers.go:40.3,46.9 1 0
mcp-server-magictools/internal/handler/sync_handlers.go:50.2,63.86 1 1
mcp-server-magictools/internal/handler/sync_handlers.go:63.86,67.69 2 0
mcp-server-magictools/internal/handler/sync_handlers.go:67.69,69.4 1 0
mcp-server-magictools/internal/handler/sync_handlers.go:71.3,71.61 1 0
mcp-server-magictools/internal/handler/sync_handlers.go:71.61,73.4 1 0
mcp-server-magictools/internal/handler/sync_handlers.go:75.3,81.9 1 0
mcp-server-magictools/internal/handler/sync_handlers.go:85.71,94.86 1 1
mcp-server-magictools/internal/handler/sync_handlers.go:94.86,103.3 2 0
mcp-server-magictools/internal/handler/sync_handlers.go:106.2,113.86 1 1
mcp-server-magictools/internal/handler/sync_handlers.go:113.86,116.17 3 0
mcp-server-magictools/internal/handler/sync_handlers.go:116.17,118.4 1 0
mcp-server-magictools/internal/handler/sync_handlers.go:119.3,125.32 4 0
mcp-server-magictools/internal/handler/sync_handlers.go:125.32,127.4 1 0
mcp-server-magictools/internal/handler/sync_handlers.go:129.3,135.9 1 0
mcp-server-magictools/internal/handler/sync_handlers.go:140.61,142.55 2 1
mcp-server-magictools/internal/handler/sync_handlers.go:142.55,144.3 1 0
mcp-server-magictools/internal/handler/sync_handlers.go:148.60,150.2 1 1
